===================== Start Dump!!!Field module start.Start load field data/0614.Loading file: data/0614Entity: 0x00
Script: 0x00
0x0008 0xBC_EntityNoModelInit(); // init values for entity without model.
0x0009 0x2A(); // add flag 00000002 in 80115cdc + 0 of current entity.
0x000a MISSING OPCODE a0

Script: 0x01
0x0020 MISSING OPCODE 0xFE54

Script: 0x02
0x0101 0x00_Return();

Script: 0x03
0x0101 0x00_Return();




Entity: 0x01
Script: 0x00
0x0102 0x16_EntityPCInit(v80 character_id 0x8000); // init values for player character entity with model.
0x0105 0xFE0D_SetAvatar(v80 character_id 0x8000); // assign avatar for current entity.
0x0109 MISSING OPCODE 23

Script: 0x01
0x010b MISSING OPCODE a7

Script: 0x02
0x010d 0x00_Return();

Script: 0x03
0x010d 0x00_Return();

Script: 0x04
0x010e 0x26_Wait(v80 time 0x803c); // stop script execution till script will be called given number of times.
0x0111 MISSING OPCODE 35

Script: 0x05
0x012b MISSING OPCODE 35




Entity: 0x02
Script: 0x00
0x0161 0x16_EntityPCInit(v80 character_id 0x8002); // init values for player character entity with model.
0x0164 0xFE0D_SetAvatar(v80 character_id 0x8002); // assign avatar for current entity.
0x0168 MISSING OPCODE 23

Script: 0x01
0x016a MISSING OPCODE a7

Script: 0x02
0x016c 0x00_Return();

Script: 0x03
0x016c 0x00_Return();




Entity: 0x03
Script: 0x00
0x016d 0x16_EntityPCInit(v80 character_id 0x8001); // init values for player character entity with model.
0x0170 0xFE0D_SetAvatar(v80 character_id 0x8001); // assign avatar for current entity.
0x0174 MISSING OPCODE 23

Script: 0x01
0x0176 MISSING OPCODE a7

Script: 0x02
0x0178 0x00_Return();

Script: 0x03
0x0178 0x00_Return();




Entity: 0x04
Script: 0x00
0x0179 0x16_EntityPCInit(v80 character_id 0x8003); // init values for player character entity with model.
0x017c 0xFE0D_SetAvatar(v80 character_id 0x8003); // assign avatar for current entity.
0x0180 MISSING OPCODE 23

Script: 0x01
0x0182 MISSING OPCODE a7

Script: 0x02
0x0184 0x00_Return();

Script: 0x03
0x0184 0x00_Return();




Entity: 0x05
Script: 0x00
0x0185 0x16_EntityPCInit(v80 character_id 0x8005); // init values for player character entity with model.
0x0188 0xFE0D_SetAvatar(v80 character_id 0x8005); // assign avatar for current entity.
0x018c MISSING OPCODE 23

Script: 0x01
0x018e MISSING OPCODE a7

Script: 0x02
0x0190 0x00_Return();

Script: 0x03
0x0190 0x00_Return();




Entity: 0x06
Script: 0x00
0x0191 0x16_EntityPCInit(v80 character_id 0x8006); // init values for player character entity with model.
0x0194 0xFE0D_SetAvatar(v80 character_id 0x8006); // assign avatar for current entity.
0x0198 MISSING OPCODE 23

Script: 0x01
0x019a MISSING OPCODE a7

Script: 0x02
0x019c 0x00_Return();

Script: 0x03
0x019c 0x00_Return();




Entity: 0x07
Script: 0x00
0x019d 0x16_EntityPCInit(v80 character_id 0x8007); // init values for player character entity with model.
0x01a0 0xFE0D_SetAvatar(v80 character_id 0x8007); // assign avatar for current entity.
0x01a4 MISSING OPCODE 23

Script: 0x01
0x01a6 MISSING OPCODE a7

Script: 0x02
0x01a8 0x00_Return();

Script: 0x03
0x01a8 0x00_Return();




Entity: 0x08
Script: 0x00
0x01a9 0x16_EntityPCInit(v80 character_id 0x8008); // init values for player character entity with model.
0x01ac 0xFE0D_SetAvatar(v80 character_id 0x8008); // assign avatar for current entity.
0x01b0 MISSING OPCODE 23

Script: 0x01
0x01b2 MISSING OPCODE a7

Script: 0x02
0x01b4 0x00_Return();

Script: 0x03
0x01b4 0x00_Return();




Entity: 0x09
Script: 0x00
0x01b5 0x16_EntityPCInit(v80 character_id 0x8009); // init values for player character entity with model.
0x01b8 0xFE0D_SetAvatar(v80 character_id 0x8009); // assign avatar for current entity.
0x01bc MISSING OPCODE 23

Script: 0x01
0x01be MISSING OPCODE a7

Script: 0x02
0x01c0 0x00_Return();

Script: 0x03
0x01c0 0x00_Return();




Entity: 0x0a
Script: 0x00
0x01c1 0x16_EntityPCInit(v80 character_id 0x800a); // init values for player character entity with model.
0x01c4 0xFE0D_SetAvatar(v80 character_id 0x800a); // assign avatar for current entity.
0x01c8 MISSING OPCODE 23

Script: 0x01
0x01ca MISSING OPCODE a7

Script: 0x02
0x01cc 0x00_Return();

Script: 0x03
0x01cc 0x00_Return();




Entity: 0x0b
Script: 0x00
0x01cd 0xBC_EntityNoModelInit(); // init values for entity without model.
0x01ce MISSING OPCODE be

Script: 0x01
0x01d7 MISSING OPCODE c6

Script: 0x02
0x0ae4 0x00_Return();

Script: 0x03
0x0ae4 0x00_Return();

Script: 0x04
0x0ae5 MISSING OPCODE c6

Script: 0x05
0x13dc MISSING OPCODE 0xFE97




Entity: 0x0c
Script: 0x00
0x13e0 0xBC_EntityNoModelInit(); // init values for entity without model.
0x13e1 0x2A(); // add flag 00000002 in 80115cdc + 0 of current entity.
0x13e2 0x00_Return();

Script: 0x01
0x13e3 0x00_Return();

Script: 0x02
0x13e4 0x00_Return();

Script: 0x03
0x13e4 0x00_Return();

Script: 0x04
0x13e5 MISSING OPCODE f4

Script: 0x05
0x13e8 MISSING OPCODE d0

Script: 0x06
0x13f9 MISSING OPCODE d0

Script: 0x07
0x140a MISSING OPCODE d0

Script: 0x08
0x141b MISSING OPCODE d0

Script: 0x09
0x142c MISSING OPCODE d0




Entity: 0x0d
Script: 0x00
0x143d 0x00_Return();
0x143e MISSING OPCODE 35

Script: 0x01
0x143d 0x00_Return();
0x143e MISSING OPCODE 35

Script: 0x02
0x143d 0x00_Return();
0x143e MISSING OPCODE 35

Script: 0x03
0x143d 0x00_Return();
0x143e MISSING OPCODE 35




Field module stopped (003d25f8).===================== Stop Dump!!!