Loading file: ./data/field/5/1b/1/2/1.model
Add skeleton bone: bone_id = 0, length = 0, parent = -1.
Add skeleton bone: bone_id = 1, length = 0, parent = 0.
Add skeleton bone: bone_id = 2, length = 85, parent = 1.
Add skeleton bone: bone_id = 3, length = 52, parent = 2.
Add skeleton bone: bone_id = 4, length = 68, parent = 3.
Add skeleton bone: bone_id = 5, length = 81, parent = 4.
Add skeleton bone: bone_id = 6, length = 26, parent = 5.
Add skeleton bone: bone_id = 7, length = 85, parent = 1.
Add skeleton bone: bone_id = 8, length = 25, parent = 7.
Add skeleton bone: bone_id = 9, length = 85, parent = 1.
Add skeleton bone: bone_id = 10, length = 52, parent = 9.
Add skeleton bone: bone_id = 11, length = 68, parent = 10.
Add skeleton bone: bone_id = 12, length = 81, parent = 11.
Add skeleton bone: bone_id = 13, length = 26, parent = 12.
Add skeleton bone: bone_id = 14, length = 0, parent = 0.
Add skeleton bone: bone_id = 15, length = 42, parent = 14.
Add skeleton bone: bone_id = 16, length = 25, parent = 15.
Add skeleton bone: bone_id = 17, length = 80, parent = 16.
Add skeleton bone: bone_id = 18, length = 75, parent = 17.
Add skeleton bone: bone_id = 19, length = 42, parent = 14.
Add skeleton bone: bone_id = 20, length = 25, parent = 19.
Add skeleton bone: bone_id = 21, length = 80, parent = 20.
Add skeleton bone: bone_id = 22, length = 75, parent = 21.
Add skeleton bone: bone_id = 23, length = 42, parent = 14.
Add skeleton bone: bone_id = 24, length = 37, parent = 23.
Add skeleton bone: bone_id = 25, length = 137, parent = 24.
Add skeleton bone: bone_id = 26, length = 81, parent = 25.
Loading file: ./data/field/5/1b/1/3/1.animation
AnimationExtractor: 0 5/1b/1/3/1.animation as animation with name Walk
Loading file: ./data/field/5/1b/1/3/2.animation
AnimationExtractor: 1 5/1b/1/3/2.animation as animation with name Run
Loading file: ./data/field/5/1b/1/3/3.animation
AnimationExtractor: 2 5/1b/1/3/3.animation as animation with name TurnLeft
Loading file: ./data/field/5/1b/1/3/4.animation
AnimationExtractor: 3 5/1b/1/3/4.animation as animation with name TurnRight
Loading file: ./data/field/5/1b/1/3/5.animation
AnimationExtractor: 4 5/1b/1/3/5.animation as animation with name Idle
Loading file: ./data/field/15.animation
AnimationExtractor: 5 15.animation as animation with name Carry
Loading file: ./data/field/5/1b/1/12/1
offset_to_clut_tex = "00000010".
offset_to_tx_ty = "00000018".
image_id = "01", clut = "0000", blend = "0000".
image_id = "01", clut = "0000", blend = "0000".
image_id = "01", clut = "0000", blend = "0000".
image_id = "01", clut = "0000", blend = "0000".
image_id = "01", clut = "0000", blend = "0000".
image_id = "01", clut = "0000", blend = "0000".
image_id = "01", clut = "0000", blend = "0000".
image_id = "01", clut = "0000", blend = "0000".
image_id = "01", clut = "0000", blend = "0000".
image_id = "01", clut = "0000", blend = "0000".
image_id = "01", clut = "0000", blend = "0000".
image_id = "01", clut = "0000", blend = "0000".
image_id = "01", clut = "0000", blend = "0000".
image_id = "01", clut = "0000", blend = "0000".
image_id = "01", clut = "0000", blend = "0000".
image_id = "01", clut = "0000", blend = "0000".
image_id = "01", clut = "0000", blend = "0000".
image_id = "01", clut = "0000", blend = "0000".
image_id = "01", clut = "0000", blend = "0000".
image_id = "01", clut = "0000", blend = "0000".
image_id = "01", clut = "0000", blend = "0000".
image_id = "01", clut = "0000", blend = "0000".
image_id = "01", clut = "0000", blend = "0000".
image_id = "01", clut = "0000", blend = "0000".
image_id = "01", clut = "0000", blend = "0000".
image_id = "01", clut = "0000", blend = "0000".
image_id = "01", clut = "0000", blend = "0000".
image_id = "01", clut = "0000", blend = "0000".
image_id = "01", clut = "0000", blend = "0000".
image_id = "01", clut = "0000", blend = "0000".
image_id = "01", clut = "0000", blend = "0000".
image_id = "01", clut = "0000", blend = "0000".
image_id = "01", clut = "0000", blend = "0000".
image_id = "01", clut = "0000", blend = "0000".
image_id = "01", clut = "0000", blend = "0000".
image_id = "01", clut = "0000", blend = "0000".
image_id = "01", clut = "0000", blend = "0000".
image_id = "01", clut = "0000", blend = "0000".
image_id = "01", clut = "0000", blend = "0000".
image_id = "01", clut = "0000", blend = "0000".
image_id = "01", clut = "0000", blend = "0000".
image_id = "01", clut = "0000", blend = "0000".
image_id = "01", clut = "0000", blend = "0000".
image_id = "01", clut = "0000", blend = "0000".
image_id = "01", clut = "0000", blend = "0000".
image_id = "01", clut = "0000", blend = "0000".
image_id = "01", clut = "0000", blend = "0000".
image_id = "01", clut = "0000", blend = "0000".
image_id = "01", clut = "0000", blend = "0000".
image_id = "01", clut = "0000", blend = "0000".
image_id = "01", clut = "0000", blend = "0000".
image_id = "01", clut = "0000", blend = "0000".
image_id = "01", clut = "0000", blend = "0000".
image_id = "01", clut = "0000", blend = "0000".
image_id = "01", clut = "0000", blend = "0000".
image_id = "01", clut = "0000", blend = "0000".
image_id = "01", clut = "0000", blend = "0000".
image_id = "01", clut = "0000", blend = "0000".
image_id = "01", clut = "0000", blend = "0000".
image_id = "01", clut = "0000", blend = "0000".
image_id = "01", clut = "0000", blend = "0000".
image_id = "01", clut = "0000", blend = "0000".
image_id = "01", clut = "0000", blend = "0000".
image_id = "01", clut = "0000", blend = "0000".
image_id = "01", clut = "0000", blend = "0000".
image_id = "01", clut = "0000", blend = "0000".
image_id = "01", clut = "0000", blend = "0000".
image_id = "01", clut = "0000", blend = "0000".
image_id = "01", clut = "0000", blend = "0000".
image_id = "01", clut = "0000", blend = "0000".
image_id = "01", clut = "0000", blend = "0000".
image_id = "01", clut = "0000", blend = "0000".
image_id = "01", clut = "0000", blend = "0000".
image_id = "01", clut = "0000", blend = "0000".
image_id = "01", clut = "0000", blend = "0000".
image_id = "01", clut = "0000", blend = "0000".
image_id = "01", clut = "0000", blend = "0000".
image_id = "01", clut = "0000", blend = "0000".
image_id = "01", clut = "0000", blend = "0000".
image_id = "01", clut = "0000", blend = "0000".
image_id = "01", clut = "0000", blend = "0000".
image_id = "01", clut = "0000", blend = "0000".
image_id = "01", clut = "0000", blend = "0000".
image_id = "01", clut = "0000", blend = "0000".
image_id = "01", clut = "0000", blend = "0000".
image_id = "01", clut = "0000", blend = "0000".
image_id = "01", clut = "0000", blend = "0000".
image_id = "01", clut = "0000", blend = "0000".
image_id = "01", clut = "0000", blend = "0000".
image_id = "01", clut = "0000", blend = "0000".
image_id = "01", clut = "0000", blend = "0000".
image_id = "01", clut = "0000", blend = "0000".
image_id = "01", clut = "0000", blend = "0000".
image_id = "01", clut = "0000", blend = "0000".
image_id = "01", clut = "0000", blend = "0000".
image_id = "01", clut = "0000", blend = "0000".
image_id = "01", clut = "0000", blend = "0000".
image_id = "01", clut = "0000", blend = "0000".
image_id = "01", clut = "0000", blend = "0000".
image_id = "01", clut = "0000", blend = "0000".
image_id = "01", clut = "0000", blend = "0000".
image_id = "01", clut = "0000", blend = "0000".
image_id = "01", clut = "0000", blend = "0000".
image_id = "01", clut = "0000", blend = "0000".
image_id = "01", clut = "0000", blend = "0000".
image_id = "01", clut = "0000", blend = "0000".
image_id = "01", clut = "0000", blend = "0000".
image_id = "01", clut = "0000", blend = "0000".
image_id = "01", clut = "0000", blend = "0000".
image_id = "01", clut = "0000", blend = "0000".
image_id = "01", clut = "0000", blend = "0000".
image_id = "01", clut = "0000", blend = "0000".
image_id = "01", clut = "0000", blend = "0000".
image_id = "01", clut = "0000", blend = "0000".
image_id = "01", clut = "0000", blend = "0000".
image_id = "01", clut = "0000", blend = "0000".
image_id = "01", clut = "0000", blend = "0000".
image_id = "01", clut = "0000", blend = "0000".
image_id = "01", clut = "0000", blend = "0000".
image_id = "01", clut = "0000", blend = "0000".
image_id = "01", clut = "0000", blend = "0000".
image_id = "01", clut = "0000", blend = "0000".
image_id = "01", clut = "0000", blend = "0000".
image_id = "01", clut = "0000", blend = "0000".
image_id = "01", clut = "0000", blend = "0000".
image_id = "01", clut = "0000", blend = "0000".
image_id = "01", clut = "0000", blend = "0000".
image_id = "01", clut = "0000", blend = "0000".
image_id = "01", clut = "0000", blend = "0000".
image_id = "01", clut = "0000", blend = "0000".
image_id = "01", clut = "0000", blend = "0000".
image_id = "01", clut = "0000", blend = "0000".
image_id = "01", clut = "0000", blend = "0000".
image_id = "01", clut = "0000", blend = "0000".
image_id = "01", clut = "0000", blend = "0000".
image_id = "01", clut = "0000", blend = "0000".
image_id = "01", clut = "0000", blend = "0000".
image_id = "01", clut = "0000", blend = "0000".
image_id = "01", clut = "0000", blend = "0000".
image_id = "01", clut = "0000", blend = "0000".
image_id = "01", clut = "0000", blend = "0000".
image_id = "01", clut = "0000", blend = "0000".
image_id = "00", clut = "0000", blend = "0000".
image_id = "00", clut = "0000", blend = "0000".
image_id = "00", clut = "0000", blend = "0000".
image_id = "00", clut = "0000", blend = "0000".
image_id = "00", clut = "0000", blend = "0000".
image_id = "00", clut = "0000", blend = "0000".
image_id = "00", clut = "0000", blend = "0000".
image_id = "00", clut = "0000", blend = "0000".
image_id = "00", clut = "0000", blend = "0000".
image_id = "00", clut = "0000", blend = "0000".
image_id = "00", clut = "0000", blend = "0000".
image_id = "00", clut = "0000", blend = "0000".
image_id = "00", clut = "0000", blend = "0000".
image_id = "00", clut = "0000", blend = "0000".
image_id = "01", clut = "0000", blend = "0000".
image_id = "01", clut = "0000", blend = "0000".
image_id = "01", clut = "0000", blend = "0000".
image_id = "01", clut = "0000", blend = "0000".
image_id = "01", clut = "0000", blend = "0000".
image_id = "01", clut = "0000", blend = "0000".
image_id = "01", clut = "0000", blend = "0000".
image_id = "01", clut = "0000", blend = "0000".
image_id = "01", clut = "0000", blend = "0000".
image_id = "01", clut = "0000", blend = "0000".
image_id = "01", clut = "0000", blend = "0000".
image_id = "01", clut = "0000", blend = "0000".
image_id = "01", clut = "0000", blend = "0000".
image_id = "01", clut = "0000", blend = "0000".
image_id = "01", clut = "0000", blend = "0000".
image_id = "01", clut = "0000", blend = "0000".
image_id = "01", clut = "0000", blend = "0000".
image_id = "01", clut = "0000", blend = "0000".
image_id = "01", clut = "0000", blend = "0000".
image_id = "01", clut = "0000", blend = "0000".
image_id = "01", clut = "0000", blend = "0000".
image_id = "01", clut = "0000", blend = "0000".
image_id = "01", clut = "0000", blend = "0000".
image_id = "01", clut = "0000", blend = "0000".
image_id = "01", clut = "0000", blend = "0000".
image_id = "01", clut = "0000", blend = "0000".
image_id = "01", clut = "0000", blend = "0000".
image_id = "01", clut = "0000", blend = "0000".
image_id = "01", clut = "0000", blend = "0000".
image_id = "01", clut = "0000", blend = "0000".
image_id = "01", clut = "0000", blend = "0000".
image_id = "01", clut = "0000", blend = "0000".
image_id = "01", clut = "0000", blend = "0000".
image_id = "01", clut = "0000", blend = "0000".
image_id = "01", clut = "0000", blend = "0000".
image_id = "01", clut = "0000", blend = "0000".
image_id = "01", clut = "0000", blend = "0000".
image_id = "01", clut = "0000", blend = "0000".
image_id = "01", clut = "0000", blend = "0000".
image_id = "01", clut = "0000", blend = "0000".
image_id = "01", clut = "0000", blend = "0000".
image_id = "01", clut = "0000", blend = "0000".
image_id = "01", clut = "0000", blend = "0000".
image_id = "01", clut = "0000", blend = "0000".
image_id = "01", clut = "0000", blend = "0000".
image_id = "01", clut = "0000", blend = "0000".
image_id = "01", clut = "0000", blend = "0000".
image_id = "01", clut = "0000", blend = "0000".
image_id = "01", clut = "0000", blend = "0000".
image_id = "01", clut = "0000", blend = "0000".
image_id = "01", clut = "0000", blend = "0000".
image_id = "01", clut = "0000", blend = "0000".
image_id = "01", clut = "0000", blend = "0000".
image_id = "01", clut = "0000", blend = "0000".
image_id = "01", clut = "0000", blend = "0000".
image_id = "01", clut = "0000", blend = "0000".
image_id = "01", clut = "0000", blend = "0000".
image_id = "01", clut = "0000", blend = "0000".
image_id = "01", clut = "0000", blend = "0000".
image_id = "01", clut = "0000", blend = "0000".
image_id = "01", clut = "0000", blend = "0000".
image_id = "01", clut = "0000", blend = "0000".
image_id = "01", clut = "0000", blend = "0000".
image_id = "01", clut = "0000", blend = "0000".
image_id = "01", clut = "0000", blend = "0000".
image_id = "01", clut = "0000", blend = "0000".
image_id = "01", clut = "0000", blend = "0000".
image_id = "01", clut = "0000", blend = "0000".
image_id = "01", clut = "0000", blend = "0000".
image_id = "01", clut = "0000", blend = "0000".
image_id = "01", clut = "0000", blend = "0000".
image_id = "01", clut = "0000", blend = "0000".
image_id = "01", clut = "0000", blend = "0000".
image_id = "01", clut = "0000", blend = "0000".
image_id = "01", clut = "0000", blend = "0000".
image_id = "01", clut = "0000", blend = "0000".
image_id = "01", clut = "0000", blend = "0000".
image_id = "01", clut = "0000", blend = "0000".
image_id = "01", clut = "0000", blend = "0000".
image_id = "01", clut = "0000", blend = "0000".
image_id = "01", clut = "0000", blend = "0000".
image_id = "01", clut = "0000", blend = "0000".
image_id = "01", clut = "0000", blend = "0000".
image_id = "01", clut = "0000", blend = "0000".
image_id = "01", clut = "0000", blend = "0000".
image_id = "01", clut = "0000", blend = "0000".
image_id = "01", clut = "0000", blend = "0000".
image_id = "01", clut = "0000", blend = "0000".
image_id = "01", clut = "0000", blend = "0000".
image_id = "01", clut = "0000", blend = "0000".
image_id = "01", clut = "0000", blend = "0000".
image_id = "01", clut = "0000", blend = "0000".
image_id = "01", clut = "0000", blend = "0000".
image_id = "01", clut = "0000", blend = "0000".
image_id = "01", clut = "0000", blend = "0000".
image_id = "01", clut = "0000", blend = "0000".
image_id = "01", clut = "0000", blend = "0000".
image_id = "01", clut = "0000", blend = "0000".
image_id = "01", clut = "0000", blend = "0000".
image_id = "01", clut = "0000", blend = "0000".
image_id = "01", clut = "0000", blend = "0000".
image_id = "01", clut = "0000", blend = "0000".
image_id = "01", clut = "0000", blend = "0000".
image_id = "01", clut = "0000", blend = "0000".
image_id = "01", clut = "0000", blend = "0000".
image_id = "01", clut = "0000", blend = "0000".
image_id = "01", clut = "0000", blend = "0000".
image_id = "01", clut = "0000", blend = "0000".
image_id = "01", clut = "0000", blend = "0000".
image_id = "01", clut = "0000", blend = "0000".
image_id = "01", clut = "0000", blend = "0000".
image_id = "01", clut = "0000", blend = "0000".
image_id = "01", clut = "0000", blend = "0000".
image_id = "01", clut = "0000", blend = "0000".
image_id = "01", clut = "0000", blend = "0000".
image_id = "01", clut = "0000", blend = "0000".
image_id = "01", clut = "0000", blend = "0000".
image_id = "01", clut = "0000", blend = "0000".
image_id = "01", clut = "0000", blend = "0000".
image_id = "01", clut = "0000", blend = "0000".
image_id = "01", clut = "0000", blend = "0000".
image_id = "01", clut = "0000", blend = "0000".
image_id = "01", clut = "0000", blend = "0000".
image_id = "01", clut = "0000", blend = "0000".
image_id = "01", clut = "0000", blend = "0000".
image_id = "01", clut = "0000", blend = "0000".
image_id = "01", clut = "0000", blend = "0000".
image_id = "01", clut = "0000", blend = "0000".
image_id = "01", clut = "0000", blend = "0000".
image_id = "01", clut = "0000", blend = "0000".
image_id = "01", clut = "0000", blend = "0000".
image_id = "01", clut = "0000", blend = "0000".
image_id = "01", clut = "0000", blend = "0000".
image_id = "01", clut = "0000", blend = "0000".
image_id = "01", clut = "0000", blend = "0000".
image_id = "01", clut = "0000", blend = "0000".
image_id = "01", clut = "0000", blend = "0000".
image_id = "01", clut = "0000", blend = "0000".
image_id = "01", clut = "0000", blend = "0000".
image_id = "01", clut = "0000", blend = "0000".
image_id = "01", clut = "0000", blend = "0000".
image_id = "01", clut = "0000", blend = "0000".
image_id = "01", clut = "0000", blend = "0000".
image_id = "01", clut = "0000", blend = "0000".
image_id = "01", clut = "0000", blend = "0000".
image_id = "01", clut = "0000", blend = "0000".
image_id = "01", clut = "0000", blend = "0000".
image_id = "01", clut = "0000", blend = "0000".
image_id = "01", clut = "0000", blend = "0000".
image_id = "01", clut = "0000", blend = "0000".
image_id = "01", clut = "0000", blend = "0000".
image_id = "01", clut = "0000", blend = "0000".
image_id = "01", clut = "0000", blend = "0000".
image_id = "01", clut = "0000", blend = "0000".
image_id = "01", clut = "0000", blend = "0000".
image_id = "01", clut = "0000", blend = "0000".
image_id = "01", clut = "0000", blend = "0000".
image_id = "01", clut = "0000", blend = "0000".
image_id = "01", clut = "0000", blend = "0000".
image_id = "01", clut = "0000", blend = "0000".
image_id = "01", clut = "0000", blend = "0000".
image_id = "01", clut = "0000", blend = "0000".
image_id = "01", clut = "0000", blend = "0000".
image_id = "01", clut = "0000", blend = "0000".
image_id = "01", clut = "0000", blend = "0000".
image_id = "01", clut = "0000", blend = "0000".
image_id = "00", clut = "0000", blend = "0000".
image_id = "00", clut = "0000", blend = "0000".
image_id = "00", clut = "0000", blend = "0000".
image_id = "00", clut = "0000", blend = "0000".
image_id = "00", clut = "0000", blend = "0000".
image_id = "00", clut = "0000", blend = "0000".
image_id = "00", clut = "0000", blend = "0000".
image_id = "00", clut = "0000", blend = "0000".
image_id = "00", clut = "0000", blend = "0000".
image_id = "00", clut = "0000", blend = "0000".
image_id = "00", clut = "0000", blend = "0000".
image_id = "00", clut = "0000", blend = "0000".
image_id = "00", clut = "0000", blend = "0000".
image_id = "00", clut = "0000", blend = "0000".
image_id = "00", clut = "0000", blend = "0000".
image_id = "00", clut = "0000", blend = "0000".
image_id = "00", clut = "0000", blend = "0000".
image_id = "00", clut = "0000", blend = "0000".
image_id = "00", clut = "0000", blend = "0000".
image_id = "00", clut = "0000", blend = "0000".
image_id = "00", clut = "0000", blend = "0000".
image_id = "00", clut = "0000", blend = "0000".
image_id = "00", clut = "0000", blend = "0000".
image_id = "00", clut = "0000", blend = "0000".
image_id = "00", clut = "0000", blend = "0000".
image_id = "00", clut = "0000", blend = "0000".
image_id = "00", clut = "0000", blend = "0000".
image_id = "00", clut = "0000", blend = "0000".
image_id = "00", clut = "0000", blend = "0000".
image_id = "00", clut = "0000", blend = "0000".
image_id = "00", clut = "0000", blend = "0000".
image_id = "00", clut = "0000", blend = "0000".
image_id = "00", clut = "0000", blend = "0000".
image_id = "00", clut = "0000", blend = "0000".
image_id = "00", clut = "0000", blend = "0000".
image_id = "00", clut = "0000", blend = "0000".
image_id = "00", clut = "0000", blend = "0000".
Loading file: ./data/field/5/1b/1/12/1
offset_to_clut_tex = "00000010".
offset_to_tx_ty = "00000018".
image_id = "01", clut = "0000", blend = "0000".
image_id = "01", clut = "0000", blend = "0000".
image_id = "01", clut = "0000", blend = "0000".
image_id = "01", clut = "0000", blend = "0000".
image_id = "01", clut = "0000", blend = "0000".
image_id = "01", clut = "0000", blend = "0000".
image_id = "01", clut = "0000", blend = "0000".
image_id = "00", clut = "0000", blend = "0000".
image_id = "00", clut = "0000", blend = "0000".
image_id = "01", clut = "0000", blend = "0000".
image_id = "01", clut = "0000", blend = "0000".
image_id = "01", clut = "0000", blend = "0000".
image_id = "01", clut = "0000", blend = "0000".
image_id = "01", clut = "0000", blend = "0000".
image_id = "01", clut = "0000", blend = "0000".
image_id = "01", clut = "0000", blend = "0000".
image_id = "01", clut = "0000", blend = "0000".
image_id = "01", clut = "0000", blend = "0000".
image_id = "01", clut = "0000", blend = "0000".
image_id = "01", clut = "0000", blend = "0000".
image_id = "01", clut = "0000", blend = "0000".
image_id = "01", clut = "0000", blend = "0000".
image_id = "01", clut = "0000", blend = "0000".
image_id = "01", clut = "0000", blend = "0000".
image_id = "01", clut = "0000", blend = "0000".
image_id = "01", clut = "0000", blend = "0000".
image_id = "01", clut = "0000", blend = "0000".
image_id = "01", clut = "0000", blend = "0000".
image_id = "01", clut = "0000", blend = "0000".
image_id = "01", clut = "0000", blend = "0000".
image_id = "01", clut = "0000", blend = "0000".
image_id = "01", clut = "0000", blend = "0000".
image_id = "01", clut = "0000", blend = "0000".
image_id = "00", clut = "0000", blend = "0000".
image_id = "00", clut = "0000", blend = "0000".
Loading file: ./data/field/5/1b/2/4/1.tim
Load image at offset 0000 to VRAM.
ClutVramPositionX (0100) ClutVramPositionY (00e1) Width (0100) Height (0001)
ImageVramPositionX (0680) ImageVramPositionY (0100) ImageWidth (0080) ImageHeight (0020)
Loading file: ./data/field/5/1b/2/4/2.tim
Load image at offset 0000 to VRAM.
ClutVramPositionX (0100) ClutVramPositionY (00e0) Width (0100) Height (0001)
ImageVramPositionX (0600) ImageVramPositionY (0100) ImageWidth (0080) ImageHeight (0080)
CreateTexture palette_x="128" palette_y="224" bpp="1".CreateTexture palette_x="128" palette_y="224" bpp="1".