18:22:00: Creating resource group General
18:22:00: Creating resource group Internal
18:22:00: Creating resource group Autodetect
18:22:00: SceneManagerFactory for type 'DefaultSceneManager' registered.
18:22:00: Registering ResourceManager for type Material
18:22:00: Registering ResourceManager for type Mesh
18:22:00: Registering ResourceManager for type Skeleton
18:22:00: MovableObjectFactory for type 'ParticleSystem' registered.
18:22:00: OverlayElementFactory for type Panel registered.
18:22:00: OverlayElementFactory for type BorderPanel registered.
18:22:00: OverlayElementFactory for type TextArea registered.
18:22:00: Registering ResourceManager for type Font
18:22:00: ArchiveFactory for archive type FileSystem registered.
18:22:00: ArchiveFactory for archive type Zip registered.
18:22:00: DDS codec registering
18:22:00: FreeImage version: 3.13.1
18:22:00: This program uses FreeImage, a free, open source image library supporting all common bitmap formats. See http://freeimage.sourceforge.net for details
18:22:00: Supported formats: bmp,ico,jpg,jif,jpeg,jpe,jng,koa,iff,lbm,mng,pbm,pbm,pcd,pcx,pgm,pgm,png,ppm,ppm,ras,tga,targa,tif,tiff,wap,wbmp,wbm,psd,cut,xbm,xpm,gif,hdr,g3,sgi,exr,j2k,j2c,jp2,pfm,pct,pict,pic,bay,bmq,cr2,crw,cs1,dc2,dcr,dng,erf,fff,hdr,k25,kdc,mdc,mos,mrw,nef,orf,pef,pxn,raf,raw,rdc,sr2,srf,arw,3fr,cine,ia,kc2,mef,nrw,qtk,rw2,sti,drf,dsc,ptx,cap,iiq,rwz
18:22:00: Registering ResourceManager for type HighLevelGpuProgram
18:22:00: Registering ResourceManager for type Compositor
18:22:00: MovableObjectFactory for type 'Entity' registered.
18:22:00: MovableObjectFactory for type 'Light' registered.
18:22:00: MovableObjectFactory for type 'BillboardSet' registered.
18:22:00: MovableObjectFactory for type 'ManualObject' registered.
18:22:00: MovableObjectFactory for type 'BillboardChain' registered.
18:22:00: MovableObjectFactory for type 'RibbonTrail' registered.
18:22:00: *-*-* OGRE Initialising
18:22:00: *-*-* Version 1.7.2 (Cthugha)
18:22:00: Loading library RenderSystem_GL.dll
18:22:01: Installing plugin: GL RenderSystem
18:22:01: OpenGL Rendering Subsystem created.
18:22:02: Plugin successfully installed
18:22:02: CPU Identifier & Features
18:22:02: -------------------------
18:22:02:  *   CPU ID: GenuineIntel: Intel(R) Celeron(R) CPU          420  @ 1.60GHz
18:22:02:  *      SSE: yes
18:22:02:  *     SSE2: yes
18:22:02:  *     SSE3: yes
18:22:02:  *      MMX: yes
18:22:02:  *   MMXEXT: yes
18:22:02:  *    3DNOW: no
18:22:02:  * 3DNOWEXT: no
18:22:02:  *     CMOV: yes
18:22:02:  *      TSC: yes
18:22:02:  *      FPU: yes
18:22:02:  *      PRO: yes
18:22:02:  *       HT: no
18:22:02: -------------------------
18:22:02: *** Starting Win32GL Subsystem ***
18:22:02: GLRenderSystem::_createRenderWindow "QGearsWindow", 800x600 windowed  miscParams: title=Q-Gears v0.19 (1st alpha renew) 
18:22:02: Created Win32Window 'QGearsWindow' : 808x634, 32bpp
18:22:02: GL_VERSION = 2.1.2
18:22:02: GL_VENDOR = NVIDIA Corporation
18:22:02: GL_RENDERER = GeForce 6600 LE/PCI/SSE2
18:22:02: GL_EXTENSIONS = GL_ARB_color_buffer_float GL_ARB_copy_buffer GL_ARB_depth_clamp GL_ARB_depth_texture GL_ARB_draw_buffers GL_ARB_ES2_compatibility GL_ARB_explicit_attrib_location GL_ARB_fragment_program GL_ARB_fragment_program_shadow GL_ARB_fragment_shader GL_ARB_framebuffer_object GL_ARB_half_float_pixel GL_ARB_half_float_vertex GL_ARB_imaging GL_ARB_map_buffer_range GL_ARB_multisample GL_ARB_multitexture GL_ARB_occlusion_query GL_ARB_occlusion_query2 GL_ARB_pixel_buffer_object GL_ARB_point_parameters GL_ARB_point_sprite GL_ARB_provoking_vertex GL_ARB_robustness GL_ARB_sampler_objects GL_ARB_separate_shader_objects GL_ARB_shader_objects GL_ARB_shading_language_100 GL_ARB_shading_language_include GL_ARB_shadow GL_ARB_texture_border_clamp GL_ARB_texture_compression GL_ARB_texture_cube_map GL_ARB_texture_env_add GL_ARB_texture_env_combine GL_ARB_texture_env_crossbar GL_ARB_texture_env_dot3 GL_ARB_texture_float GL_ARB_texture_mirrored_repeat GL_ARB_texture_non_power_of_two GL_ARB_texture_rectangle GL_ARB_texture_rg GL_ARB_texture_swizzle GL_ARB_timer_query GL_ARB_transpose_matrix GL_ARB_vertex_array_bgra GL_ARB_vertex_array_object GL_ARB_vertex_buffer_object GL_ARB_vertex_program GL_ARB_vertex_shader GL_ARB_window_pos GL_ATI_draw_buffers GL_ATI_texture_float GL_ATI_texture_mirror_once GL_S3_s3tc GL_EXT_texture_env_add GL_EXT_abgr GL_EXT_bgra GL_EXT_blend_color GL_EXT_blend_equation_separate GL_EXT_blend_func_separate GL_EXT_blend_minmax GL_EXT_blend_subtract GL_EXT_compiled_vertex_array GL_EXT_Cg_shader GL_EXT_depth_bounds_test GL_EXT_direct_state_access GL_EXT_draw_range_elements GL_EXT_fog_coord GL_EXT_framebuffer_blit GL_EXT_framebuffer_multisample GL_EXT_framebuffer_object GL_EXT_gpu_program_parameters GL_EXT_multi_draw_arrays GL_EXT_packed_depth_stencil GL_EXT_packed_pixels GL_EXT_pixel_buffer_object GL_EXT_point_parameters GL_EXT_provoking_vertex GL_EXT_rescale_normal GL_EXT_secondary_color GL_EXT_separate_shader_objects GL_EXT_separate_specular_color GL_EXT_shadow_funcs GL_EXT_stencil_two_side GL_EXT_stencil_wrap GL_EXT_texture3D GL_EXT_texture_compression_dxt1 GL_EXT_texture_compression_s3tc GL_EXT_texture_cube_map GL_EXT_texture_edge_clamp GL_EXT_texture_env_combine GL_EXT_texture_env_dot3 GL_EXT_texture_filter_anisotropic GL_EXT_texture_format_BGRA8888 GL_EXT_texture_lod GL_EXT_texture_lod_bias GL_EXT_texture_mirror_clamp GL_EXT_texture_object GL_EXT_texture_sRGB GL_EXT_texture_swizzle GL_EXT_timer_query GL_EXT_vertex_array GL_EXT_vertex_array_bgra GL_IBM_rasterpos_clip GL_IBM_texture_mirrored_repeat GL_KTX_buffer_region GL_NV_alpha_test GL_NV_blend_minmax GL_NV_blend_square GL_NV_complex_primitives GL_NV_copy_depth_to_color GL_NV_depth_clamp GL_NV_fbo_color_attachments GL_NV_fence GL_NV_float_buffer GL_NV_fog_distance GL_NV_fragdepth GL_NV_fragment_program GL_NV_fragment_program_option GL_NV_fragment_program2 GL_NV_framebuffer_multisample_coverage GL_NV_half_float GL_NV_light_max_exponent GL_NV_multisample_filter_hint GL_NV_occlusion_query GL_NV_packed_depth_stencil GL_NV_pixel_data_range GL_NV_point_sprite GL_NV_primitive_restart GL_NV_register_combiners GL_NV_register_combiners2 GL_NV_texgen_reflection GL_NV_texture_barrier GL_NV_texture_compression_vtc GL_NV_texture_env_combine4 GL_NV_texture_expand_normal GL_NV_texture_lod_clamp GL_NV_texture_rectangle GL_NV_texture_shader GL_NV_texture_shader2 GL_NV_texture_shader3 GL_NV_vertex_array_range GL_NV_vertex_array_range2 GL_NV_vertex_program GL_NV_vertex_program1_1 GL_NV_vertex_program2 GL_NV_vertex_program2_option GL_NV_vertex_program3 GL_NVX_conditional_render GL_OES_depth24 GL_OES_depth32 GL_OES_depth_texture GL_OES_element_index_uint GL_OES_fbo_render_mipmap GL_OES_get_program_binary GL_OES_mapbuffer GL_OES_packed_depth_stencil GL_OES_rgb8_rgba8 GL_OES_standard_derivatives GL_OES_texture_3D GL_OES_texture_float GL_OES_texture_float_linear GL_OES_texture_half_float GL_OES_texture_half_float_linear GL_OES_texture_npot GL_OES_vertex_array_object GL_OES_vertex_half_float GL_SGIS_generate_mipmap GL_SGIS_texture_lod GL_SGIX_depth_texture GL_SGIX_shadow GL_SUN_slice_accum GL_WIN_swap_hint WGL_EXT_swap_control 
18:22:02: Supported WGL extensions: WGL_ARB_buffer_region WGL_ARB_create_context WGL_ARB_create_context_profile WGL_ARB_create_context_robustness WGL_ARB_extensions_string WGL_ARB_make_current_read WGL_ARB_multisample WGL_ARB_pbuffer WGL_ARB_pixel_format WGL_ARB_pixel_format_float WGL_ARB_render_texture WGL_ATI_pixel_format_float WGL_EXT_extensions_string WGL_EXT_swap_control WGL_NV_float_buffer WGL_NV_render_depth_texture WGL_NV_render_texture_rectangle 
18:22:02: ***************************
18:22:02: *** GL Renderer Started ***
18:22:02: ***************************
18:22:02: Registering ResourceManager for type GpuProgram
18:22:02: GLSL support detected
18:22:02: GL: Using GL_EXT_framebuffer_object for rendering to textures (best)
18:22:02: FBO PF_UNKNOWN depth/stencil support: D16S0 D24S0 D32S0 Packed-D24S8 
18:22:02: FBO PF_R5G6B5 depth/stencil support: D0S0 D16S0 D24S0 D32S0 Packed-D24S8 
18:22:02: FBO PF_B5G6R5 depth/stencil support: D0S0 D16S0 D24S0 D32S0 Packed-D24S8 
18:22:02: FBO PF_R8G8B8 depth/stencil support: D0S0 D16S0 D24S0 D32S0 Packed-D24S8 
18:22:02: FBO PF_B8G8R8 depth/stencil support: D0S0 D16S0 D24S0 D32S0 Packed-D24S8 
18:22:02: FBO PF_A8R8G8B8 depth/stencil support: D0S0 D16S0 D24S0 D32S0 Packed-D24S8 
18:22:02: FBO PF_B8G8R8A8 depth/stencil support: D0S0 D16S0 D24S0 D32S0 Packed-D24S8 
18:22:02: FBO PF_A2R10G10B10 depth/stencil support: D0S0 D16S0 D24S0 D32S0 Packed-D24S8 
18:22:02: FBO PF_A2B10G10R10 depth/stencil support: D0S0 D16S0 D24S0 D32S0 Packed-D24S8 
18:22:02: FBO PF_FLOAT16_RGB depth/stencil support: D0S0 D16S0 D24S0 D32S0 Packed-D24S8 
18:22:02: FBO PF_FLOAT16_RGBA depth/stencil support: D0S0 D16S0 
18:22:02: FBO PF_FLOAT32_RGB depth/stencil support: D0S0 D16S0 
18:22:02: FBO PF_FLOAT32_RGBA depth/stencil support: D0S0 D16S0 
18:22:02: FBO PF_X8R8G8B8 depth/stencil support: D0S0 D16S0 D24S0 D32S0 Packed-D24S8 
18:22:02: FBO PF_X8B8G8R8 depth/stencil support: D0S0 D16S0 D24S0 D32S0 Packed-D24S8 
18:22:02: FBO PF_SHORT_RGBA depth/stencil support: D0S0 D16S0 D24S0 D32S0 Packed-D24S8 
18:22:02: FBO PF_R3G3B2 depth/stencil support: D0S0 D16S0 D24S0 D32S0 Packed-D24S8 
18:22:02: FBO PF_SHORT_RGB depth/stencil support: D0S0 D16S0 D24S0 D32S0 Packed-D24S8 
18:22:02: [GL] : Valid FBO targets PF_UNKNOWN PF_R5G6B5 PF_B5G6R5 PF_R8G8B8 PF_B8G8R8 PF_A8R8G8B8 PF_B8G8R8A8 PF_A2R10G10B10 PF_A2B10G10R10 PF_FLOAT16_RGB PF_FLOAT16_RGBA PF_FLOAT32_RGB PF_FLOAT32_RGBA PF_X8R8G8B8 PF_X8B8G8R8 PF_SHORT_RGBA PF_R3G3B2 PF_SHORT_RGB 
18:22:02: RenderSystem capabilities
18:22:02: -------------------------
18:22:02: RenderSystem Name: OpenGL Rendering Subsystem
18:22:02: GPU Vendor: nvidia
18:22:02: Device Name: GeForce 6600 LE/PCI/SSE2
18:22:02: Driver Version: 2.1.2.0
18:22:02:  * Fixed function pipeline: yes
18:22:02:  * Hardware generation of mipmaps: yes
18:22:02:  * Texture blending: yes
18:22:02:  * Anisotropic texture filtering: yes
18:22:02:  * Dot product texture operation: yes
18:22:02:  * Cube mapping: yes
18:22:02:  * Hardware stencil buffer: yes
18:22:02:    - Stencil depth: 8
18:22:02:    - Two sided stencil support: yes
18:22:02:    - Wrap stencil values: yes
18:22:02:  * Hardware vertex / index buffers: yes
18:22:02:  * Vertex programs: yes
18:22:02:  * Number of floating-point constants for vertex programs: 256
18:22:02:  * Number of integer constants for vertex programs: 0
18:22:02:  * Number of boolean constants for vertex programs: 0
18:22:02:  * Fragment programs: yes
18:22:02:  * Number of floating-point constants for fragment programs: 512
18:22:02:  * Number of integer constants for fragment programs: 0
18:22:02:  * Number of boolean constants for fragment programs: 0
18:22:02:  * Geometry programs: no
18:22:02:  * Number of floating-point constants for geometry programs: 0
18:22:02:  * Number of integer constants for geometry programs: 0
18:22:02:  * Number of boolean constants for geometry programs: 0
18:22:02:  * Supported Shader Profiles: arbfp1 arbvp1 fp20 fp30 fp40 glsl vp30 vp40
18:22:02:  * Texture Compression: yes
18:22:02:    - DXT: yes
18:22:02:    - VTC: yes
18:22:02:    - PVRTC: no
18:22:02:  * Scissor Rectangle: yes
18:22:02:  * Hardware Occlusion Query: yes
18:22:02:  * User clip planes: yes
18:22:02:  * VET_UBYTE4 vertex element type: yes
18:22:02:  * Infinite far plane projection: yes
18:22:02:  * Hardware render-to-texture: yes
18:22:02:  * Floating point textures: yes
18:22:02:  * Non-power-of-two textures: yes
18:22:02:  * Volume textures: yes
18:22:02:  * Multiple Render Targets: 4
18:22:02:    - With different bit depths: yes
18:22:02:  * Point Sprites: yes
18:22:02:  * Extended point parameters: yes
18:22:02:  * Max Point Size: 63.375
18:22:02:  * Vertex texture fetch: yes
18:22:02:  * Number of world matrices: 0
18:22:02:  * Number of texture units: 16
18:22:02:  * Stencil buffer depth: 8
18:22:02:  * Number of vertex blend matrices: 0
18:22:02:    - Max vertex textures: 4
18:22:02:    - Vertex textures shared: yes
18:22:02:  * Render to Vertex Buffer : no
18:22:02:  * GL 1.5 without VBO workaround: no
18:22:02:  * Frame Buffer objects: yes
18:22:02:  * Frame Buffer objects (ARB extension): no
18:22:02:  * Frame Buffer objects (ATI extension): no
18:22:02:  * PBuffer support: yes
18:22:02:  * GL 1.5 without HW-occlusion workaround: no
18:22:02: Registering ResourceManager for type Texture
18:22:03: DefaultWorkQueue('Root') initialising on thread 0x2447d0.
18:22:03: Particle Renderer Type 'billboard' registered
18:22:03: DefaultWorkQueue('Root')::WorkerFunc - thread 0x245a68 starting.
18:22:03: MovableObjectFactory for type 'QgearsParticleSystem' registered.
18:22:03: ParticleUniverse: Particle Emitter Type 'Point' registered.
18:22:03: ParticleUniverse: Particle Renderer Type 'Entity' registered
18:22:03: Creating resource group Game
18:22:03: Added resource location './data' of type 'FileSystem' to resource group 'Game' with recursive option
18:22:03: Initialising resource group Game
18:22:03: Parsing scripts for resource group Game
18:22:03: Parsing script models/battle/effects/machinegun_fire.material
18:22:03: Parsing script models/battle/effects/machinegun_shell.material
18:22:03: Parsing script models/battle/stages/reactor_1.material
18:22:03: Parsing script models/battle/stages/reactor_1_core.material
18:22:03: Parsing script models/battle/stages/reactor_1_entrance.material
18:22:03: Parsing script models/battle/stages/sector_1_train_station.material
18:22:03: Parsing script models/battle/units/first_ray.material
18:22:03: Parsing script models/battle/units/grunt.material
18:22:03: Parsing script models/battle/units/guard_hound.material
18:22:03: Parsing script models/battle/units/guard_scorpion.material
18:22:03: Parsing script models/battle/units/mono_drive.material
18:22:03: Parsing script models/battle/units/mp.material
18:22:03: Parsing script models/battle/units/sweeper.material
18:22:03: Parsing script models/field/units/bottle_blue.material
18:22:03: Parsing script models/field/units/cloud.material
18:22:03: Parsing script models/field/units/treasure_chest.material
18:22:03: Parsing script system/system.material
18:22:03: Parsing script ui/system.material
18:22:03: Parsing script system/system.fontdef
18:22:03: Parsing script ui/system.fontdef
18:22:03: Finished parsing scripts for resource group Game
18:22:03: Texture: system/courier_new_9_75.png: Loading 1 faces(PF_A8R8G8B8,256x256x1) with 0 generated mipmaps from Image. Internal format is PF_A8R8G8B8,256x256x1.
18:22:03: CameraManager started.
18:22:03: Creating viewport on target 'QGearsWindow', rendering from camera 'Camera', relative dimensions 4L: 0 T: 0 W: 1 H: 1 ZOrder: 0
18:22:03: Viewport for camera 'Camera', actual dimensions 4L: 0 T: 0 W: 800 H: 600
18:22:03: EntityManager created.
18:22:03: Mesh: Loading system/grid.mesh.
18:22:03: Mesh: Loading system/axis.mesh.
18:22:03: Created console width 800, height 240
18:22:03: Texture: system/console.png: Loading 1 faces(PF_R8G8B8,1x480x1) with 8 generated mipmaps from Image. Internal format is PF_X8R8G8B8,1x480x1.
18:22:03: ScriptManager started.
18:22:03: camera_speed changed to "0.05".
18:22:03: Mesh: Loading models/field/units/cloud.mesh.
18:22:03: Skeleton: Loading models/field/units/cloud.skeleton
18:22:03: Texture: models/field/units/cloud.png: Loading 1 faces(PF_A8R8G8B8,512x256x1) with 0 generated mipmaps from Image. Internal format is PF_A8R8G8B8,512x256x1.
18:22:03: Mesh: Loading models/field/units/treasure_chest.mesh.
18:22:03: Skeleton: Loading models/field/units/treasure_chest.skeleton
18:22:03: Texture: models/field/units/treasure_chest.png: Loading 1 faces(PF_A8R8G8B8,512x256x1) with 0 generated mipmaps from Image. Internal format is PF_A8R8G8B8,512x256x1.
18:22:18: DefaultWorkQueue('Root') shutting down on thread 0x2447d0.
18:22:18: DefaultWorkQueue('Root')::WorkerFunc - thread 0x245a68 stopped.
18:22:18: *-*-* OGRE Shutdown
18:22:18: Unregistering ResourceManager for type Compositor
18:22:18: Unregistering ResourceManager for type Font
18:22:18: Unregistering ResourceManager for type Skeleton
18:22:18: Unregistering ResourceManager for type Mesh
18:22:18: Unregistering ResourceManager for type HighLevelGpuProgram
18:22:18: Uninstalling plugin: GL RenderSystem
18:22:18: Unregistering ResourceManager for type GpuProgram
18:22:18: *** Stopping Win32GL Subsystem ***
18:22:18: Unregistering ResourceManager for type Texture
18:22:18: Plugin successfully uninstalled
18:22:18: Unloading library RenderSystem_GL.dll
18:22:19: Unregistering ResourceManager for type Material
