Animation add:ENEMY016 idle
Animation add:ENEMY016 hurt
Animation add:ENEMY016 machine_gun_1
Animation add:ENEMY016 machine_gun_2
Animation add:ENEMY016 machine_gun_3
Animation add:ENEMY016 machine_gun_4
Animation add:ENEMY016 tonfa_1
Animation add:ENEMY016 tonfa_2
Animation add:ENEMY016 tonfa_3
Animation add:ENEMY016 tonfa_4
Animation add:ENEMY017 idle
Animation add:ENEMY017 hurt
Animation add:ENEMY017 bite_1
Animation add:ENEMY017 bite_2
Animation add:ENEMY017 bite_3
Animation add:ENEMY017 bite_4
Animation add:ENEMY017 tentacle_1
Animation add:ENEMY017 tentacle_2
Animation add:ENEMY017 tentacle_3
Animation add:ENEMY017 tentacle_4
Animation add:ENEMY018 idle
Animation add:ENEMY018 hurt
Animation add:ENEMY018 drill_drive_1
Animation add:ENEMY018 drill_drive_2
Animation add:ENEMY018 drill_drive_3
Animation add:ENEMY018 drill_drive_4
Animation add:ENEMY018 fire_1
Animation add:ENEMY018 fire_2
Animation add:ENEMY018 fire_3
Animation add:ENEMY018 fire_4
Animation add:ENEMY019 idle
Animation add:ENEMY019 hurt
Animation add:ENEMY019 hand_claw_1
Animation add:ENEMY019 hand_claw_2
Animation add:ENEMY019 hand_claw_3
Animation add:ENEMY019 hand_claw_4
Animation add:ENEMY019 beam_gun_1
Animation add:ENEMY019 beam_gun_2
Animation add:ENEMY019 beam_gun_3
Animation add:ENEMY019 beam_gun_4
Animation add:ENEMY020 idle
Animation add:ENEMY020 hurt
Animation add:ENEMY020 laser_cannon_1
Animation add:ENEMY020 laser_cannon_2
Animation add:ENEMY020 laser_cannon_3
Animation add:ENEMY020 laser_cannon_4
Animation add:ENEMY021 idle
Animation add:ENEMY021 hurt
Animation add:ENEMY021 machine_gun_1
Animation add:ENEMY021 machine_gun_2
Animation add:ENEMY021 machine_gun_3
Animation add:ENEMY021 machine_gun_4
Animation add:ENEMY021 w_machine_gun_1
Animation add:ENEMY021 w_machine_gun_2
Animation add:ENEMY021 w_machine_gun_3
Animation add:ENEMY021 w_machine_gun_4
Animation add:ENEMY021 smoke_shot_1
Animation add:ENEMY021 smoke_shot_2
Animation add:ENEMY021 smoke_shot_3
Animation add:ENEMY021 smoke_shot_4
Animation add:ENEMY022 idle
Animation add:ENEMY022 hurt
Animation add:ENEMY022 rifle_1
Animation add:ENEMY022 rifle_2
Animation add:ENEMY022 rifle_3
Animation add:ENEMY022 rifle_4
Animation add:ENEMY022 scorpion_tail_1
Animation add:ENEMY022 scorpion_tail_2
Animation add:ENEMY022 scorpion_tail_3
Animation add:ENEMY022 scorpion_tail_4
Animation add:ENEMY022 search_scope_1
Animation add:ENEMY022 search_scope_2
Animation add:ENEMY022 search_scope_3
Animation add:ENEMY022 search_scope_4
Animation add:ENEMY022 up
Animation add:ENEMY022 
Animation add:ENEMY022 
Animation add:ENEMY022 
Animation add:ENEMY022 
Animation add:ENEMY022 
Animation add:ENEMY022 idle_up
Animation add:ENEMY022 
Animation add:ENEMY022 rifle_up_1
Animation add:ENEMY022 rifle_up_2
Animation add:ENEMY022 rifle_up_3
Animation add:ENEMY022 rifle_up_4
Animation add:ENEMY022 tail_laser_1
Animation add:ENEMY022 tail_laser_2
Animation add:ENEMY022 tail_laser_3
Animation add:ENEMY022 tail_laser_4
Animation add:ENEMY022 down
Effect: machinegun_shell: 989444Effect: machinegun_fire: 989564Stage: STAGE09: sector_1_train_station:2048x256
Stage: STAGE10: reactor_1:2048x256
Stage: STAGE11: reactor_1_core:2048x256
Stage: STAGE12: reactor_1_entrance:2048x256
Initialize export list finished.



Loading file: data/ENEMY016.LZS
Model With Weapon 'true'
Skeleton bone-2 length--81 parent-0
bone1 2, bone2 3
Skeleton bone-3 length--192 parent-1
bone1 4, bone2 5
Skeleton bone-4 length--110 parent-2
bone1 6, bone2 7
Skeleton bone-5 length--146 parent-1
bone1 8, bone2 9
Skeleton bone-6 length--66 parent-4
bone1 10, bone2 11
Skeleton bone-7 length--139 parent-5
bone1 12, bone2 13
Skeleton bone-8 length--112 parent-6
bone1 14, bone2 15
Skeleton bone-9 length--427 parent-7
bone1 16, bone2 17
Skeleton bone-10 length--102 parent-1
bone1 18, bone2 19
Skeleton bone-11 length--189 parent-9
bone1 20, bone2 21
Skeleton bone-12 length--88 parent-1
bone1 22, bone2 23
Skeleton bone-13 length--189 parent-11
bone1 24, bone2 25
Skeleton bone-14 length--146 parent-1
bone1 26, bone2 27
Skeleton bone-15 length--66 parent-13
bone1 28, bone2 29
Skeleton bone-16 length--139 parent-14
bone1 30, bone2 31
Skeleton bone-17 length--112 parent-15
bone1 32, bone2 33
Skeleton bone-18 length--69 parent-16
bone1 34, bone2 35
Skeleton bone-19 length--38 parent-0
bone1 36, bone2 37
Skeleton bone-20 length--250 parent-18
bone1 38, bone2 39
Skeleton bone-21 length--219 parent-19
bone1 40, bone2 41
Skeleton bone-22 length--87 parent-20
bone1 42, bone2 43
Skeleton bone-23 length--121 parent-21
bone1 44, bone2 45
Skeleton bone-24 length--38 parent-0
bone1 46, bone2 47
Skeleton bone-25 length--250 parent-23
bone1 48, bone2 49
Skeleton bone-26 length--219 parent-24
bone1 50, bone2 51
Skeleton bone-27 length--87 parent-25
bone1 52, bone2 53
Skeleton bone-28 length--121 parent-26
bone1 54, bone2 55
New Texture: X:0000, Y:0000, CLUTX:0000, CLUTY:0000, bpp:ffffffff
Startx:0000, Starty:0000
Assign bones to vertexes
Assign bones to vertexes
Assign bones to vertexes
Assign bones to vertexes
Assign bones to vertexes
Assign bones to vertexes
Assign bones to vertexes
Assign bones to vertexes
Assign bones to vertexes
Assign bones to vertexes
Assign bones to vertexes
Assign bones to vertexes
Assign bones to vertexes
Assign bones to vertexes
Assign bones to vertexes
Assign bones to vertexes
Assign bones to vertexes
Assign bones to vertexes
Assign bones to vertexes
Assign bones to vertexes
AnimationExtractor:0 idle
AnimationExtractor:1 hurt
AnimationExtractor:2 machine_gun_1
AnimationExtractor:3 machine_gun_2
AnimationExtractor:4 machine_gun_3
AnimationExtractor:5 machine_gun_4
AnimationExtractor:6 tonfa_1
AnimationExtractor:7 tonfa_2
AnimationExtractor:8 tonfa_3
AnimationExtractor:9 tonfa_4
Load image at offset 80d0 to VRAM.
ClutVramPositionX (0000) ClutVramPositionY (01e0) Width (0010) Height (0001)
ImageVramPositionX (0280) ImageVramPositionY (0000) ImageWidth (0000) ImageHeight (0001)
Loading file: data/ENEMY017.LZS
Model With Weapon 'false'
Skeleton bone-2 length--252 parent-0
bone1 2, bone2 3
Skeleton bone-3 length--71 parent-1
bone1 4, bone2 5
Skeleton bone-4 length--162 parent-2
bone1 6, bone2 7
Skeleton bone-5 length--127 parent-3
bone1 8, bone2 9
Skeleton bone-6 length--99 parent-4
bone1 10, bone2 11
Skeleton bone-7 length--96 parent-5
bone1 12, bone2 13
Skeleton bone-8 length--232 parent-4
bone1 14, bone2 15
Skeleton bone-9 length--218 parent-7
bone1 16, bone2 17
Skeleton bone-10 length--218 parent-8
bone1 18, bone2 19
Skeleton bone-11 length--216 parent-9
bone1 20, bone2 21
Skeleton bone-12 length--216 parent-10
bone1 22, bone2 23
Skeleton bone-13 length--213 parent-11
bone1 24, bone2 25
Skeleton bone-14 length--213 parent-12
bone1 26, bone2 27
Skeleton bone-15 length--284 parent-13
bone1 28, bone2 29
Skeleton bone-16 length--150 parent-2
bone1 30, bone2 31
Skeleton bone-17 length--203 parent-15
bone1 32, bone2 33
Skeleton bone-18 length--230 parent-16
bone1 34, bone2 35
Skeleton bone-19 length--69 parent-17
bone1 36, bone2 37
Skeleton bone-20 length--86 parent-18
bone1 38, bone2 39
Skeleton bone-21 length--150 parent-2
bone1 40, bone2 41
Skeleton bone-22 length--203 parent-20
bone1 42, bone2 43
Skeleton bone-23 length--230 parent-21
bone1 44, bone2 45
Skeleton bone-24 length--69 parent-22
bone1 46, bone2 47
Skeleton bone-25 length--86 parent-23
bone1 48, bone2 49
Skeleton bone-26 length--115 parent-0
bone1 50, bone2 51
Skeleton bone-27 length--126 parent-25
bone1 52, bone2 53
Skeleton bone-28 length--224 parent-26
bone1 54, bone2 55
Skeleton bone-29 length--153 parent-27
bone1 56, bone2 57
Skeleton bone-30 length--151 parent-28
bone1 58, bone2 59
Skeleton bone-31 length--77 parent-29
bone1 60, bone2 61
Skeleton bone-32 length--89 parent-30
bone1 62, bone2 63
Skeleton bone-33 length--126 parent-25
bone1 64, bone2 65
Skeleton bone-34 length--224 parent-32
bone1 66, bone2 67
Skeleton bone-35 length--153 parent-33
bone1 68, bone2 69
Skeleton bone-36 length--151 parent-34
bone1 70, bone2 71
Skeleton bone-37 length--77 parent-35
bone1 72, bone2 73
Skeleton bone-38 length--89 parent-36
bone1 74, bone2 75
New Texture: X:0000, Y:0000, CLUTX:0000, CLUTY:0000, bpp:ffffffff
Startx:0000, Starty:0000
Assign bones to vertexes
Assign bones to vertexes
Assign bones to vertexes
Assign bones to vertexes
Assign bones to vertexes
Assign bones to vertexes
Assign bones to vertexes
Assign bones to vertexes
Assign bones to vertexes
Assign bones to vertexes
Assign bones to vertexes
Assign bones to vertexes
Assign bones to vertexes
Assign bones to vertexes
Assign bones to vertexes
Assign bones to vertexes
Assign bones to vertexes
Assign bones to vertexes
Assign bones to vertexes
Assign bones to vertexes
Assign bones to vertexes
Assign bones to vertexes
Assign bones to vertexes
Assign bones to vertexes
Assign bones to vertexes
Assign bones to vertexes
Assign bones to vertexes
Assign bones to vertexes
Assign bones to vertexes
Assign bones to vertexes
Assign bones to vertexes
Assign bones to vertexes
AnimationExtractor:0 idle
AnimationExtractor:1 hurt
AnimationExtractor:2 bite_1
AnimationExtractor:3 bite_2
AnimationExtractor:4 bite_3
AnimationExtractor:5 bite_4
AnimationExtractor:6 tentacle_1
AnimationExtractor:7 tentacle_2
AnimationExtractor:8 tentacle_3
AnimationExtractor:9 tentacle_4
Load image at offset 6e68 to VRAM.
ClutVramPositionX (0000) ClutVramPositionY (01e0) Width (0010) Height (0001)
ImageVramPositionX (0280) ImageVramPositionY (0000) ImageWidth (0000) ImageHeight (0001)
Loading file: data/ENEMY018.LZS
Model With Weapon 'false'
Skeleton bone-2 length--340 parent-0
bone1 2, bone2 3
Skeleton bone-3 length--37 parent-0
bone1 4, bone2 5
Skeleton bone-4 length--48 parent-2
bone1 6, bone2 7
Skeleton bone-5 length--56 parent-3
bone1 8, bone2 9
Skeleton bone-6 length--57 parent-4
bone1 10, bone2 11
Skeleton bone-7 length--61 parent-5
bone1 12, bone2 13
Skeleton bone-8 length--61 parent-6
bone1 14, bone2 15
Skeleton bone-9 length--37 parent-0
bone1 16, bone2 17
Skeleton bone-10 length--48 parent-8
bone1 18, bone2 19
Skeleton bone-11 length--56 parent-9
bone1 20, bone2 21
Skeleton bone-12 length--57 parent-10
bone1 22, bone2 23
Skeleton bone-13 length--61 parent-11
bone1 24, bone2 25
Skeleton bone-14 length--61 parent-12
bone1 26, bone2 27
Skeleton bone-15 length--37 parent-0
bone1 28, bone2 29
Skeleton bone-16 length--48 parent-14
bone1 30, bone2 31
Skeleton bone-17 length--56 parent-15
bone1 32, bone2 33
Skeleton bone-18 length--57 parent-16
bone1 34, bone2 35
Skeleton bone-19 length--61 parent-17
bone1 36, bone2 37
Skeleton bone-20 length--61 parent-18
bone1 38, bone2 39
Skeleton bone-21 length--37 parent-0
bone1 40, bone2 41
Skeleton bone-22 length--48 parent-20
bone1 42, bone2 43
Skeleton bone-23 length--56 parent-21
bone1 44, bone2 45
Skeleton bone-24 length--57 parent-22
bone1 46, bone2 47
Skeleton bone-25 length--61 parent-23
bone1 48, bone2 49
Skeleton bone-26 length--61 parent-24
bone1 50, bone2 51
Skeleton bone-27 length--37 parent-0
bone1 52, bone2 53
Skeleton bone-28 length--48 parent-26
bone1 54, bone2 55
Skeleton bone-29 length--56 parent-27
bone1 56, bone2 57
Skeleton bone-30 length--57 parent-28
bone1 58, bone2 59
Skeleton bone-31 length--61 parent-29
bone1 60, bone2 61
Skeleton bone-32 length--61 parent-30
bone1 62, bone2 63
Skeleton bone-33 length--60 parent-0
bone1 64, bone2 65
New Texture: X:0000, Y:0000, CLUTX:0000, CLUTY:0000, bpp:ffffffff
Startx:0000, Starty:0000
Assign bones to vertexes
Assign bones to vertexes
Assign bones to vertexes
Assign bones to vertexes
Assign bones to vertexes
Assign bones to vertexes
Assign bones to vertexes
Assign bones to vertexes
Assign bones to vertexes
Assign bones to vertexes
Assign bones to vertexes
Assign bones to vertexes
Assign bones to vertexes
Assign bones to vertexes
Assign bones to vertexes
Assign bones to vertexes
Assign bones to vertexes
Assign bones to vertexes
Assign bones to vertexes
Assign bones to vertexes
Assign bones to vertexes
Assign bones to vertexes
Assign bones to vertexes
Assign bones to vertexes
Assign bones to vertexes
Assign bones to vertexes
Assign bones to vertexes
Assign bones to vertexes
Assign bones to vertexes
Assign bones to vertexes
Assign bones to vertexes
Assign bones to vertexes
AnimationExtractor:0 idle
AnimationExtractor:1 hurt
AnimationExtractor:2 drill_drive_1
AnimationExtractor:3 drill_drive_2
AnimationExtractor:4 drill_drive_3
AnimationExtractor:5 drill_drive_4
AnimationExtractor:6 fire_1
AnimationExtractor:7 fire_2
AnimationExtractor:8 fire_3
AnimationExtractor:9 fire_4
Load image at offset 414c to VRAM.
ClutVramPositionX (0000) ClutVramPositionY (01e0) Width (0010) Height (0001)
ImageVramPositionX (0280) ImageVramPositionY (0000) ImageWidth (0000) ImageHeight (0001)
Loading file: data/ENEMY019.LZS
Model With Weapon 'false'
Skeleton bone-2 length--50 parent-0
bone1 2, bone2 3
Skeleton bone-3 length--225 parent-1
bone1 4, bone2 5
Skeleton bone-4 length--151 parent-2
bone1 6, bone2 7
Skeleton bone-5 length--223 parent-1
bone1 8, bone2 9
Skeleton bone-6 length--60 parent-4
bone1 10, bone2 11
Skeleton bone-7 length--221 parent-5
bone1 12, bone2 13
Skeleton bone-8 length--276 parent-6
bone1 14, bone2 15
Skeleton bone-9 length--52 parent-7
bone1 16, bone2 17
Skeleton bone-10 length--150 parent-8
bone1 18, bone2 19
Skeleton bone-11 length--56 parent-7
bone1 20, bone2 21
Skeleton bone-12 length--150 parent-10
bone1 22, bone2 23
Skeleton bone-13 length--56 parent-7
bone1 24, bone2 25
Skeleton bone-14 length--150 parent-12
bone1 26, bone2 27
Skeleton bone-15 length--52 parent-7
bone1 28, bone2 29
Skeleton bone-16 length--150 parent-14
bone1 30, bone2 31
Skeleton bone-17 length--223 parent-1
bone1 32, bone2 33
Skeleton bone-18 length--60 parent-16
bone1 34, bone2 35
Skeleton bone-19 length--221 parent-17
bone1 36, bone2 37
Skeleton bone-20 length--276 parent-18
bone1 38, bone2 39
Skeleton bone-21 length--52 parent-19
bone1 40, bone2 41
Skeleton bone-22 length--150 parent-20
bone1 42, bone2 43
Skeleton bone-23 length--56 parent-19
bone1 44, bone2 45
Skeleton bone-24 length--150 parent-22
bone1 46, bone2 47
Skeleton bone-25 length--56 parent-19
bone1 48, bone2 49
Skeleton bone-26 length--150 parent-24
bone1 50, bone2 51
Skeleton bone-27 length--52 parent-19
bone1 52, bone2 53
Skeleton bone-28 length--150 parent-26
bone1 54, bone2 55
Skeleton bone-29 length--40 parent-0
bone1 56, bone2 57
Skeleton bone-30 length--325 parent-28
bone1 58, bone2 59
Skeleton bone-31 length--256 parent-29
bone1 60, bone2 61
Skeleton bone-32 length--146 parent-30
bone1 62, bone2 63
Skeleton bone-33 length--40 parent-0
bone1 64, bone2 65
Skeleton bone-34 length--325 parent-32
bone1 66, bone2 67
Skeleton bone-35 length--256 parent-33
bone1 68, bone2 69
Skeleton bone-36 length--146 parent-34
bone1 70, bone2 71
New Texture: X:0000, Y:0000, CLUTX:0000, CLUTY:0000, bpp:ffffffff
Startx:0000, Starty:0000
Assign bones to vertexes
Assign bones to vertexes
New Texture: X:0140, Y:0000, CLUTX:0000, CLUTY:01e0, bpp:0000
Startx:0100, Starty:0000
New Texture: X:0140, Y:0000, CLUTX:0000, CLUTY:01e1, bpp:0000
Startx:0200, Starty:0000
Assign bones to vertexes
Assign bones to vertexes
New Texture: X:0140, Y:0000, CLUTX:0000, CLUTY:01e2, bpp:0000
Startx:0300, Starty:0000
Assign bones to vertexes
Assign bones to vertexes
Assign bones to vertexes
Assign bones to vertexes
Assign bones to vertexes
Assign bones to vertexes
Assign bones to vertexes
Assign bones to vertexes
Assign bones to vertexes
Assign bones to vertexes
Assign bones to vertexes
Assign bones to vertexes
Assign bones to vertexes
Assign bones to vertexes
Assign bones to vertexes
Assign bones to vertexes
Assign bones to vertexes
AnimationExtractor:0 idle
AnimationExtractor:1 hurt
AnimationExtractor:2 hand_claw_1
AnimationExtractor:3 hand_claw_2
AnimationExtractor:4 hand_claw_3
AnimationExtractor:5 hand_claw_4
AnimationExtractor:6 beam_gun_1
AnimationExtractor:7 beam_gun_2
AnimationExtractor:8 beam_gun_3
AnimationExtractor:9 beam_gun_4
Load image at offset 5cf4 to VRAM.
ClutVramPositionX (0000) ClutVramPositionY (01e0) Width (0010) Height (0003)
ImageVramPositionX (0280) ImageVramPositionY (0000) ImageWidth (007c) ImageHeight (00f8)
Loading file: data/ENEMY020.LZS
Model With Weapon 'false'
Skeleton bone-2 length--330 parent-0
bone1 2, bone2 3
Skeleton bone-3 length--305 parent-1
bone1 4, bone2 5
Skeleton bone-4 length--75 parent-2
bone1 6, bone2 7
Skeleton bone-5 length--48 parent-3
bone1 8, bone2 9
Skeleton bone-6 length--140 parent-4
bone1 10, bone2 11
Skeleton bone-7 length--37 parent-5
bone1 12, bone2 13
Skeleton bone-8 length--45 parent-6
bone1 14, bone2 15
Skeleton bone-9 length--45 parent-7
bone1 16, bone2 17
Skeleton bone-10 length--81 parent-8
bone1 18, bone2 19
Skeleton bone-11 length--142 parent-5
bone1 20, bone2 21
Skeleton bone-12 length--391 parent-10
bone1 22, bone2 23
Skeleton bone-13 length--142 parent-5
bone1 24, bone2 25
Skeleton bone-14 length--391 parent-12
bone1 26, bone2 27
Skeleton bone-15 length--66 parent-5
bone1 28, bone2 29
Skeleton bone-16 length--37 parent-14
bone1 30, bone2 31
Skeleton bone-17 length--37 parent-15
bone1 32, bone2 33
Skeleton bone-18 length--30 parent-16
bone1 34, bone2 35
Skeleton bone-19 length--39 parent-17
bone1 36, bone2 37
Skeleton bone-20 length--39 parent-18
bone1 38, bone2 39
Skeleton bone-21 length--37 parent-19
bone1 40, bone2 41
Skeleton bone-22 length--38 parent-20
bone1 42, bone2 43
Skeleton bone-23 length--38 parent-21
bone1 44, bone2 45
Skeleton bone-24 length--27 parent-22
bone1 46, bone2 47
New Texture: X:0000, Y:0000, CLUTX:0000, CLUTY:0000, bpp:ffffffff
Startx:0000, Starty:0000
Assign bones to vertexes
Assign bones to vertexes
Assign bones to vertexes
Assign bones to vertexes
Assign bones to vertexes
Assign bones to vertexes
Assign bones to vertexes
Assign bones to vertexes
Assign bones to vertexes
AnimationExtractor:0 idle
AnimationExtractor:1 hurt
AnimationExtractor:2 laser_cannon_1
AnimationExtractor:3 laser_cannon_2
AnimationExtractor:4 laser_cannon_3
AnimationExtractor:5 laser_cannon_4
Load image at offset 2d68 to VRAM.
ClutVramPositionX (0000) ClutVramPositionY (01e0) Width (0010) Height (0001)
ImageVramPositionX (0280) ImageVramPositionY (0000) ImageWidth (0000) ImageHeight (0001)
Loading file: data/ENEMY021.LZS
Model With Weapon 'false'
Skeleton bone-2 length--388 parent-0
bone1 2, bone2 3
Skeleton bone-3 length--146 parent-1
bone1 4, bone2 5
Skeleton bone-4 length--143 parent-2
bone1 6, bone2 7
Skeleton bone-5 length--247 parent-3
bone1 8, bone2 9
Skeleton bone-6 length--75 parent-4
bone1 10, bone2 11
Skeleton bone-7 length--635 parent-5
bone1 12, bone2 13
Skeleton bone-8 length--490 parent-1
bone1 14, bone2 15
Skeleton bone-9 length--191 parent-7
bone1 16, bone2 17
Skeleton bone-10 length--499 parent-1
bone1 18, bone2 19
Skeleton bone-11 length--191 parent-9
bone1 20, bone2 21
Skeleton bone-12 length--480 parent-1
bone1 22, bone2 23
Skeleton bone-13 length--191 parent-11
bone1 24, bone2 25
Skeleton bone-14 length--509 parent-1
bone1 26, bone2 27
Skeleton bone-15 length--191 parent-13
bone1 28, bone2 29
Skeleton bone-16 length--146 parent-1
bone1 30, bone2 31
Skeleton bone-17 length--143 parent-15
bone1 32, bone2 33
Skeleton bone-18 length--247 parent-16
bone1 34, bone2 35
Skeleton bone-19 length--75 parent-17
bone1 36, bone2 37
Skeleton bone-20 length--635 parent-18
bone1 38, bone2 39
Skeleton bone-21 length--267 parent-0
bone1 40, bone2 41
Skeleton bone-22 length--78 parent-20
bone1 42, bone2 43
Skeleton bone-23 length--361 parent-21
bone1 44, bone2 45
Skeleton bone-24 length--183 parent-22
bone1 46, bone2 47
Skeleton bone-25 length--400 parent-23
bone1 48, bone2 49
Skeleton bone-26 length--27 parent-24
bone1 50, bone2 51
Skeleton bone-27 length--166 parent-25
bone1 52, bone2 53
Skeleton bone-28 length--173 parent-23
bone1 54, bone2 55
Skeleton bone-29 length--119 parent-27
bone1 56, bone2 57
Skeleton bone-30 length--267 parent-0
bone1 58, bone2 59
Skeleton bone-31 length--78 parent-29
bone1 60, bone2 61
Skeleton bone-32 length--361 parent-30
bone1 62, bone2 63
Skeleton bone-33 length--183 parent-31
bone1 64, bone2 65
Skeleton bone-34 length--400 parent-32
bone1 66, bone2 67
Skeleton bone-35 length--27 parent-33
bone1 68, bone2 69
Skeleton bone-36 length--166 parent-34
bone1 70, bone2 71
Skeleton bone-37 length--173 parent-32
bone1 72, bone2 73
Skeleton bone-38 length--119 parent-36
bone1 74, bone2 75
New Texture: X:0000, Y:0000, CLUTX:0000, CLUTY:0000, bpp:ffffffff
Startx:0000, Starty:0000
Assign bones to vertexes
Assign bones to vertexes
Assign bones to vertexes
Assign bones to vertexes
Assign bones to vertexes
Assign bones to vertexes
Assign bones to vertexes
Assign bones to vertexes
Assign bones to vertexes
Assign bones to vertexes
Assign bones to vertexes
Assign bones to vertexes
Assign bones to vertexes
Assign bones to vertexes
Assign bones to vertexes
Assign bones to vertexes
Assign bones to vertexes
Assign bones to vertexes
Assign bones to vertexes
Assign bones to vertexes
Assign bones to vertexes
Assign bones to vertexes
Assign bones to vertexes
AnimationExtractor:0 idle
AnimationExtractor:1 hurt
AnimationExtractor:2 machine_gun_1
AnimationExtractor:3 machine_gun_2
AnimationExtractor:4 machine_gun_3
AnimationExtractor:5 machine_gun_4
AnimationExtractor:6 w_machine_gun_1
AnimationExtractor:7 w_machine_gun_2
AnimationExtractor:8 w_machine_gun_3
AnimationExtractor:9 w_machine_gun_4
AnimationExtractor:10 smoke_shot_1
AnimationExtractor:11 smoke_shot_2
AnimationExtractor:12 smoke_shot_3
AnimationExtractor:13 smoke_shot_4
Load image at offset a2e4 to VRAM.
ClutVramPositionX (0000) ClutVramPositionY (01e0) Width (0010) Height (0001)
ImageVramPositionX (0280) ImageVramPositionY (0000) ImageWidth (0000) ImageHeight (0001)
Loading file: data/ENEMY022.LZS
Model With Weapon 'false'
Skeleton bone-2 length--535 parent-0
bone1 2, bone2 3
Skeleton bone-3 length--294 parent-1
bone1 4, bone2 5
Skeleton bone-4 length--286 parent-2
bone1 6, bone2 7
Skeleton bone-5 length--121 parent-3
bone1 8, bone2 9
Skeleton bone-6 length--313 parent-4
bone1 10, bone2 11
Skeleton bone-7 length--247 parent-5
bone1 12, bone2 13
Skeleton bone-8 length--1039 parent-6
bone1 14, bone2 15
Skeleton bone-9 length--109 parent-7
bone1 16, bone2 17
Skeleton bone-10 length--1341 parent-6
bone1 18, bone2 19
Skeleton bone-11 length--286 parent-2
bone1 20, bone2 21
Skeleton bone-12 length--121 parent-10
bone1 22, bone2 23
Skeleton bone-13 length--313 parent-11
bone1 24, bone2 25
Skeleton bone-14 length--247 parent-12
bone1 26, bone2 27
Skeleton bone-15 length--1341 parent-13
bone1 28, bone2 29
Skeleton bone-16 length--1039 parent-13
bone1 30, bone2 31
Skeleton bone-17 length--109 parent-15
bone1 32, bone2 33
Skeleton bone-18 length--240 parent-1
bone1 34, bone2 35
Skeleton bone-19 length--18 parent-17
bone1 36, bone2 37
Skeleton bone-20 length--972 parent-0
bone1 38, bone2 39
Skeleton bone-21 length--697 parent-19
bone1 40, bone2 41
Skeleton bone-22 length--274 parent-20
bone1 42, bone2 43
Skeleton bone-23 length--238 parent-21
bone1 44, bone2 45
Skeleton bone-24 length--238 parent-22
bone1 46, bone2 47
Skeleton bone-25 length--238 parent-23
bone1 48, bone2 49
Skeleton bone-26 length--238 parent-24
bone1 50, bone2 51
Skeleton bone-27 length--241 parent-25
bone1 52, bone2 53
Skeleton bone-28 length--870 parent-26
bone1 54, bone2 55
Skeleton bone-29 length--34 parent-27
bone1 56, bone2 57
Skeleton bone-30 length--770 parent-0
bone1 58, bone2 59
Skeleton bone-31 length--1016 parent-29
bone1 60, bone2 61
Skeleton bone-32 length--545 parent-30
bone1 62, bone2 63
Skeleton bone-33 length--452 parent-0
bone1 64, bone2 65
Skeleton bone-34 length--1016 parent-32
bone1 66, bone2 67
Skeleton bone-35 length--545 parent-33
bone1 68, bone2 69
Skeleton bone-36 length--328 parent-0
bone1 70, bone2 71
Skeleton bone-37 length--1016 parent-35
bone1 72, bone2 73
Skeleton bone-38 length--545 parent-36
bone1 74, bone2 75
Skeleton bone-39 length--328 parent-0
bone1 76, bone2 77
Skeleton bone-40 length--1016 parent-38
bone1 78, bone2 79
Skeleton bone-41 length--545 parent-39
bone1 80, bone2 81
Skeleton bone-42 length--452 parent-0
bone1 82, bone2 83
Skeleton bone-43 length--1016 parent-41
bone1 84, bone2 85
Skeleton bone-44 length--545 parent-42
bone1 86, bone2 87
Skeleton bone-45 length--770 parent-0
bone1 88, bone2 89
Skeleton bone-46 length--1016 parent-44
bone1 90, bone2 91
Skeleton bone-47 length--545 parent-45
bone1 92, bone2 93
New Texture: X:0000, Y:0000, CLUTX:0000, CLUTY:0000, bpp:ffffffff
Startx:0000, Starty:0000
Assign bones to vertexes
Assign bones to vertexes
Assign bones to vertexes
Assign bones to vertexes
Assign bones to vertexes
Assign bones to vertexes
Assign bones to vertexes
Assign bones to vertexes
Assign bones to vertexes
Assign bones to vertexes
Assign bones to vertexes
Assign bones to vertexes
Assign bones to vertexes
Assign bones to vertexes
Assign bones to vertexes
Assign bones to vertexes
Assign bones to vertexes
Assign bones to vertexes
Assign bones to vertexes
Assign bones to vertexes
Assign bones to vertexes
Assign bones to vertexes
Assign bones to vertexes
Assign bones to vertexes
Assign bones to vertexes
Assign bones to vertexes
Assign bones to vertexes
Assign bones to vertexes
Assign bones to vertexes
Assign bones to vertexes
AnimationExtractor:0 idle
AnimationExtractor:1 hurt
AnimationExtractor:2 rifle_1
AnimationExtractor:3 rifle_2
AnimationExtractor:4 rifle_3
AnimationExtractor:5 rifle_4
AnimationExtractor:6 scorpion_tail_1
AnimationExtractor:7 scorpion_tail_2
AnimationExtractor:8 scorpion_tail_3
AnimationExtractor:9 scorpion_tail_4
AnimationExtractor:10 search_scope_1
AnimationExtractor:11 search_scope_2
AnimationExtractor:12 search_scope_3
AnimationExtractor:13 search_scope_4
AnimationExtractor:14 up
AnimationExtractor:20 idle_up
AnimationExtractor:22 rifle_up_1
AnimationExtractor:23 rifle_up_2
AnimationExtractor:24 rifle_up_3
AnimationExtractor:25 rifle_up_4
AnimationExtractor:26 tail_laser_1
AnimationExtractor:27 tail_laser_2
AnimationExtractor:28 tail_laser_3
AnimationExtractor:29 tail_laser_4
AnimationExtractor:30 down
Load image at offset 15304 to VRAM.
ClutVramPositionX (0000) ClutVramPositionY (01e0) Width (0010) Height (0001)
ImageVramPositionX (0280) ImageVramPositionY (0000) ImageWidth (0000) ImageHeight (0001)
Loading file: data/ram.bin
New Texture: X:0000, Y:0000, CLUTX:0000, CLUTY:0000, bpp:ffffffff
Startx:0000, Starty:0000
Loading file: data/ram.bin
New Texture: X:0000, Y:0000, CLUTX:0000, CLUTY:0000, bpp:ffffffff
Startx:0000, Starty:0000
Loading file: data/STAGE09.LZS
Number of file 7
New Texture: X:0280, Y:0000, CLUTX:0140, CLUTY:01fe, bpp:0001
Startx:0000, Starty:0000
Assign bones to vertexes
New Texture: X:0200, Y:0000, CLUTX:0140, CLUTY:01fa, bpp:0001
Startx:0100, Starty:0000
Assign bones to vertexes
New Texture: X:0180, Y:0000, CLUTX:0140, CLUTY:01f9, bpp:0001
Startx:0200, Starty:0000
Assign bones to vertexes
Assign bones to vertexes
New Texture: X:0200, Y:0000, CLUTX:0140, CLUTY:01ff, bpp:0001
Startx:0300, Starty:0000
New Texture: X:0200, Y:0000, CLUTX:0140, CLUTY:01fd, bpp:0001
Startx:0400, Starty:0000
New Texture: X:0200, Y:0000, CLUTX:0140, CLUTY:01fc, bpp:0001
Startx:0500, Starty:0000
New Texture: X:0200, Y:0000, CLUTX:0140, CLUTY:01fb, bpp:0001
Startx:0600, Starty:0000
New Texture: X:0000, Y:0000, CLUTX:0000, CLUTY:0000, bpp:ffffffff
Startx:0700, Starty:0000
Assign bones to vertexes
Load image at offset 47b0 to VRAM.
ClutVramPositionX (0140) ClutVramPositionY (01f9) Width (0100) Height (0007)
ImageVramPositionX (0300) ImageVramPositionY (0000) ImageWidth (02f8) ImageHeight (0100)
Loading file: data/STAGE10.LZS
Number of file 26
New Texture: X:0280, Y:0000, CLUTX:0140, CLUTY:01fc, bpp:0001
Startx:0000, Starty:0000
Assign bones to vertexes
New Texture: X:0280, Y:0000, CLUTX:0140, CLUTY:01fb, bpp:0001
Startx:0100, Starty:0000
Assign bones to vertexes
Assign bones to vertexes
Assign bones to vertexes
New Texture: X:0200, Y:0000, CLUTX:0140, CLUTY:01f9, bpp:0001
Startx:0200, Starty:0000
Assign bones to vertexes
Assign bones to vertexes
Assign bones to vertexes
New Texture: X:0180, Y:0000, CLUTX:0140, CLUTY:01f8, bpp:0001
Startx:0300, Starty:0000
Assign bones to vertexes
Assign bones to vertexes
Assign bones to vertexes
New Texture: X:0200, Y:0000, CLUTX:0140, CLUTY:01fa, bpp:0001
Startx:0400, Starty:0000
Assign bones to vertexes
Assign bones to vertexes
Assign bones to vertexes
Assign bones to vertexes
Assign bones to vertexes
Assign bones to vertexes
Assign bones to vertexes
Assign bones to vertexes
Assign bones to vertexes
Assign bones to vertexes
Assign bones to vertexes
Assign bones to vertexes
Assign bones to vertexes
Assign bones to vertexes
Load image at offset 88a8 to VRAM.
ClutVramPositionX (0140) ClutVramPositionY (01f8) Width (0100) Height (0005)
ImageVramPositionX (0300) ImageVramPositionY (0000) ImageWidth (0300) ImageHeight (0100)
Loading file: data/STAGE11.LZS
Number of file 19
New Texture: X:0280, Y:0000, CLUTX:0140, CLUTY:01fc, bpp:0001
Startx:0000, Starty:0000
Assign bones to vertexes
New Texture: X:0280, Y:0000, CLUTX:0140, CLUTY:01fb, bpp:0001
Startx:0100, Starty:0000
Assign bones to vertexes
Assign bones to vertexes
Assign bones to vertexes
New Texture: X:0200, Y:0000, CLUTX:0140, CLUTY:01f9, bpp:0001
Startx:0200, Starty:0000
Assign bones to vertexes
New Texture: X:0180, Y:0000, CLUTX:0140, CLUTY:01f8, bpp:0001
Startx:0300, Starty:0000
Assign bones to vertexes
Assign bones to vertexes
Assign bones to vertexes
Assign bones to vertexes
Assign bones to vertexes
Assign bones to vertexes
New Texture: X:0200, Y:0000, CLUTX:0140, CLUTY:01fa, bpp:0001
Startx:0400, Starty:0000
Assign bones to vertexes
Assign bones to vertexes
Assign bones to vertexes
Assign bones to vertexes
Assign bones to vertexes
Assign bones to vertexes
Load image at offset 6f70 to VRAM.
ClutVramPositionX (0140) ClutVramPositionY (01f8) Width (0100) Height (0005)
ImageVramPositionX (0300) ImageVramPositionY (0000) ImageWidth (0300) ImageHeight (0100)
Loading file: data/STAGE12.LZS
Number of file 11
New Texture: X:0180, Y:0000, CLUTX:0140, CLUTY:01f8, bpp:0001
Startx:0000, Starty:0000
Assign bones to vertexes
New Texture: X:0180, Y:0000, CLUTX:0140, CLUTY:01fa, bpp:0001
Startx:0100, Starty:0000
Assign bones to vertexes
Assign bones to vertexes
Assign bones to vertexes
Assign bones to vertexes
New Texture: X:0180, Y:0000, CLUTX:0140, CLUTY:01f9, bpp:0001
Startx:0200, Starty:0000
Assign bones to vertexes
New Texture: X:0280, Y:0000, CLUTX:0140, CLUTY:01fe, bpp:0001
Startx:0300, Starty:0000
Assign bones to vertexes
New Texture: X:0200, Y:0000, CLUTX:0140, CLUTY:01fd, bpp:0001
Startx:0400, Starty:0000
Assign bones to vertexes
Assign bones to vertexes
Load image at offset 52a4 to VRAM.
ClutVramPositionX (0140) ClutVramPositionY (01f8) Width (0100) Height (0007)
ImageVramPositionX (0300) ImageVramPositionY (0000) ImageWidth (0300) ImageHeight (0100)
===================== Stop the game!!!