02:12:06: Creating resource group General
02:12:06: Creating resource group Internal
02:12:06: Creating resource group Autodetect
02:12:06: SceneManagerFactory for type 'DefaultSceneManager' registered.
02:12:06: Registering ResourceManager for type Material
02:12:06: Registering ResourceManager for type Mesh
02:12:06: Registering ResourceManager for type Skeleton
02:12:06: MovableObjectFactory for type 'ParticleSystem' registered.
02:12:06: OverlayElementFactory for type Panel registered.
02:12:06: OverlayElementFactory for type BorderPanel registered.
02:12:06: OverlayElementFactory for type TextArea registered.
02:12:06: Registering ResourceManager for type Font
02:12:06: ArchiveFactory for archive type FileSystem registered.
02:12:06: ArchiveFactory for archive type Zip registered.
02:12:06: DDS codec registering
02:12:06: FreeImage version: 3.13.1
02:12:06: This program uses FreeImage, a free, open source image library supporting all common bitmap formats. See http://freeimage.sourceforge.net for details
02:12:06: Supported formats: bmp,ico,jpg,jif,jpeg,jpe,jng,koa,iff,lbm,mng,pbm,pbm,pcd,pcx,pgm,pgm,png,ppm,ppm,ras,tga,targa,tif,tiff,wap,wbmp,wbm,psd,cut,xbm,xpm,gif,hdr,g3,sgi,exr,j2k,j2c,jp2,pfm,pct,pict,pic,bay,bmq,cr2,crw,cs1,dc2,dcr,dng,erf,fff,hdr,k25,kdc,mdc,mos,mrw,nef,orf,pef,pxn,raf,raw,rdc,sr2,srf,arw,3fr,cine,ia,kc2,mef,nrw,qtk,rw2,sti,drf,dsc,ptx,cap,iiq,rwz
02:12:06: Registering ResourceManager for type HighLevelGpuProgram
02:12:06: Registering ResourceManager for type Compositor
02:12:06: MovableObjectFactory for type 'Entity' registered.
02:12:06: MovableObjectFactory for type 'Light' registered.
02:12:06: MovableObjectFactory for type 'BillboardSet' registered.
02:12:06: MovableObjectFactory for type 'ManualObject' registered.
02:12:06: MovableObjectFactory for type 'BillboardChain' registered.
02:12:06: MovableObjectFactory for type 'RibbonTrail' registered.
02:12:06: Loading library .\RenderSystem_Direct3D9
02:12:06: Installing plugin: D3D9 RenderSystem
02:12:06: D3D9 : Direct3D9 Rendering Subsystem created.
02:12:06: D3D9: Driver Detection Starts
02:12:06: D3D9: Driver Detection Ends
02:12:06: Plugin successfully installed
02:12:06: Loading library .\RenderSystem_GL
02:12:06: Installing plugin: GL RenderSystem
02:12:06: OpenGL Rendering Subsystem created.
02:12:08: Plugin successfully installed
02:12:08: *-*-* OGRE Initialising
02:12:08: *-*-* Version 1.7.2 (Cthugha)
02:12:08: D3D9 : RenderSystem Option: Allow NVPerfHUD = No
02:12:08: D3D9 : RenderSystem Option: FSAA = 0
02:12:08: D3D9 : RenderSystem Option: Floating-point mode = Fastest
02:12:08: D3D9 : RenderSystem Option: Full Screen = No
02:12:08: D3D9 : RenderSystem Option: Rendering Device = Monitor-1-NVIDIA GeForce 6600 LE
02:12:08: D3D9 : RenderSystem Option: Resource Creation Policy = Create on all devices
02:12:08: D3D9 : RenderSystem Option: VSync = No
02:12:08: D3D9 : RenderSystem Option: VSync Interval = 1
02:12:08: D3D9 : RenderSystem Option: Video Mode = 640 x 480 @ 16-bit colour
02:12:08: D3D9 : RenderSystem Option: sRGB Gamma Conversion = No
02:12:08: CPU Identifier & Features
02:12:08: -------------------------
02:12:08:  *   CPU ID: GenuineIntel: Intel(R) Celeron(R) CPU          420  @ 1.60GHz
02:12:08:  *      SSE: yes
02:12:08:  *     SSE2: yes
02:12:08:  *     SSE3: yes
02:12:08:  *      MMX: yes
02:12:08:  *   MMXEXT: yes
02:12:08:  *    3DNOW: no
02:12:08:  * 3DNOWEXT: no
02:12:08:  *     CMOV: yes
02:12:08:  *      TSC: yes
02:12:08:  *      FPU: yes
02:12:08:  *      PRO: yes
02:12:08:  *       HT: no
02:12:08: -------------------------
02:12:08: *** Starting Win32GL Subsystem ***
02:12:08: GLRenderSystem::_createRenderWindow "FFVII Exporter", 1024x768 windowed  miscParams: FSAA=0 FSAAHint= colourDepth=32 displayFrequency=0 gamma=false vsync=false vsyncInterval=1 
02:12:08: Created Win32Window 'FFVII Exporter' : 1032x802, 32bpp
02:12:08: GL_VERSION = 2.1.2
02:12:08: GL_VENDOR = NVIDIA Corporation
02:12:08: GL_RENDERER = GeForce 6600 LE/PCI/SSE2
02:12:08: GL_EXTENSIONS = GL_ARB_color_buffer_float GL_ARB_depth_texture GL_ARB_draw_buffers GL_ARB_fragment_program GL_ARB_fragment_program_shadow GL_ARB_fragment_shader GL_ARB_half_float_pixel GL_ARB_half_float_vertex GL_ARB_framebuffer_object GL_ARB_imaging GL_ARB_map_buffer_range GL_ARB_multisample GL_ARB_multitexture GL_ARB_occlusion_query GL_ARB_pixel_buffer_object GL_ARB_point_parameters GL_ARB_point_sprite GL_ARB_shadow GL_ARB_shader_objects GL_ARB_shading_language_100 GL_ARB_texture_border_clamp GL_ARB_texture_compression GL_ARB_texture_cube_map GL_ARB_texture_env_add GL_ARB_texture_env_combine GL_ARB_texture_env_dot3 GL_ARB_texture_float GL_ARB_texture_mirrored_repeat GL_ARB_texture_non_power_of_two GL_ARB_texture_rectangle GL_ARB_transpose_matrix GL_ARB_vertex_array_object GL_ARB_vertex_buffer_object GL_ARB_vertex_program GL_ARB_vertex_shader GL_ARB_window_pos GL_ATI_draw_buffers GL_ATI_texture_float GL_ATI_texture_mirror_once GL_S3_s3tc GL_EXT_texture_env_add GL_EXT_abgr GL_EXT_bgra GL_EXT_blend_color GL_EXT_blend_equation_separate GL_EXT_blend_func_separate GL_EXT_blend_minmax GL_EXT_blend_subtract GL_EXT_compiled_vertex_array GL_EXT_Cg_shader GL_EXT_depth_bounds_test GL_EXT_direct_state_access GL_EXT_draw_range_elements GL_EXT_fog_coord GL_EXT_framebuffer_blit GL_EXT_framebuffer_multisample GL_EXT_framebuffer_object GL_EXT_gpu_program_parameters GL_EXT_multi_draw_arrays GL_EXT_packed_depth_stencil GL_EXT_packed_pixels GL_EXT_pixel_buffer_object GL_EXT_point_parameters GL_EXT_rescale_normal GL_EXT_secondary_color GL_EXT_separate_specular_color GL_EXT_shadow_funcs GL_EXT_stencil_two_side GL_EXT_stencil_wrap GL_EXT_texture3D GL_EXT_texture_compression_s3tc GL_EXT_texture_cube_map GL_EXT_texture_edge_clamp GL_EXT_texture_env_combine GL_EXT_texture_env_dot3 GL_EXT_texture_filter_anisotropic GL_EXT_texture_lod GL_EXT_texture_lod_bias GL_EXT_texture_mirror_clamp GL_EXT_texture_object GL_EXT_texture_sRGB GL_EXT_texture_swizzle GL_EXT_timer_query GL_EXT_vertex_array GL_EXT_vertex_array_bgra GL_IBM_rasterpos_clip GL_IBM_texture_mirrored_repeat GL_KTX_buffer_region GL_NV_blend_square GL_NV_copy_depth_to_color GL_NV_depth_clamp GL_NV_fence GL_NV_float_buffer GL_NV_fog_distance GL_NV_fragment_program GL_NV_fragment_program_option GL_NV_fragment_program2 GL_NV_framebuffer_multisample_coverage GL_NV_half_float GL_NV_light_max_exponent GL_NV_multisample_filter_hint GL_NV_occlusion_query GL_NV_packed_depth_stencil GL_NV_pixel_data_range GL_NV_point_sprite GL_NV_primitive_restart GL_NV_register_combiners GL_NV_register_combiners2 GL_NV_texgen_reflection GL_NV_texture_compression_vtc GL_NV_texture_env_combine4 GL_NV_texture_expand_normal GL_NV_texture_rectangle GL_NV_texture_shader GL_NV_texture_shader2 GL_NV_texture_shader3 GL_NV_vertex_array_range GL_NV_vertex_array_range2 GL_NV_vertex_program GL_NV_vertex_program1_1 GL_NV_vertex_program2 GL_NV_vertex_program2_option GL_NV_vertex_program3 GL_NVX_conditional_render GL_SGIS_generate_mipmap GL_SGIS_texture_lod GL_SGIX_depth_texture GL_SGIX_shadow GL_SUN_slice_accum GL_WIN_swap_hint WGL_EXT_swap_control 
02:12:08: Supported WGL extensions: WGL_ARB_buffer_region WGL_ARB_extensions_string WGL_ARB_make_current_read WGL_ARB_multisample WGL_ARB_pbuffer WGL_ARB_pixel_format WGL_ARB_pixel_format_float WGL_ARB_render_texture WGL_ATI_pixel_format_float WGL_EXT_extensions_string WGL_EXT_swap_control WGL_NV_float_buffer WGL_NV_render_depth_texture WGL_NV_render_texture_rectangle 
02:12:08: ***************************
02:12:08: *** GL Renderer Started ***
02:12:08: ***************************
02:12:08: Registering ResourceManager for type GpuProgram
02:12:08: GLSL support detected
02:12:08: GL: Using GL_EXT_framebuffer_object for rendering to textures (best)
02:12:08: FBO PF_UNKNOWN depth/stencil support: D16S0 D24S0 D32S0 Packed-D24S8 
02:12:08: FBO PF_R5G6B5 depth/stencil support: D0S0 D16S0 D24S0 D32S0 Packed-D24S8 
02:12:08: FBO PF_B5G6R5 depth/stencil support: D0S0 D16S0 D24S0 D32S0 Packed-D24S8 
02:12:08: FBO PF_R8G8B8 depth/stencil support: D0S0 D16S0 D24S0 D32S0 Packed-D24S8 
02:12:08: FBO PF_B8G8R8 depth/stencil support: D0S0 D16S0 D24S0 D32S0 Packed-D24S8 
02:12:08: FBO PF_A8R8G8B8 depth/stencil support: D0S0 D16S0 D24S0 D32S0 Packed-D24S8 
02:12:08: FBO PF_B8G8R8A8 depth/stencil support: D0S0 D16S0 D24S0 D32S0 Packed-D24S8 
02:12:08: FBO PF_A2R10G10B10 depth/stencil support: D0S0 D16S0 D24S0 D32S0 Packed-D24S8 
02:12:09: FBO PF_A2B10G10R10 depth/stencil support: D0S0 D16S0 D24S0 D32S0 Packed-D24S8 
02:12:09: FBO PF_FLOAT16_RGB depth/stencil support: D0S0 D16S0 D24S0 D32S0 Packed-D24S8 
02:12:09: FBO PF_FLOAT16_RGBA depth/stencil support: D0S0 D16S0 
02:12:09: FBO PF_FLOAT32_RGB depth/stencil support: D0S0 D16S0 
02:12:09: FBO PF_FLOAT32_RGBA depth/stencil support: D0S0 D16S0 
02:12:09: FBO PF_X8R8G8B8 depth/stencil support: D0S0 D16S0 D24S0 D32S0 Packed-D24S8 
02:12:09: FBO PF_X8B8G8R8 depth/stencil support: D0S0 D16S0 D24S0 D32S0 Packed-D24S8 
02:12:09: FBO PF_SHORT_RGBA depth/stencil support: D0S0 D16S0 D24S0 D32S0 Packed-D24S8 
02:12:09: FBO PF_R3G3B2 depth/stencil support: D0S0 D16S0 D24S0 D32S0 Packed-D24S8 
02:12:09: FBO PF_SHORT_RGB depth/stencil support: D0S0 D16S0 D24S0 D32S0 Packed-D24S8 
02:12:09: [GL] : Valid FBO targets PF_UNKNOWN PF_R5G6B5 PF_B5G6R5 PF_R8G8B8 PF_B8G8R8 PF_A8R8G8B8 PF_B8G8R8A8 PF_A2R10G10B10 PF_A2B10G10R10 PF_FLOAT16_RGB PF_FLOAT16_RGBA PF_FLOAT32_RGB PF_FLOAT32_RGBA PF_X8R8G8B8 PF_X8B8G8R8 PF_SHORT_RGBA PF_R3G3B2 PF_SHORT_RGB 
02:12:09: RenderSystem capabilities
02:12:09: -------------------------
02:12:09: RenderSystem Name: OpenGL Rendering Subsystem
02:12:09: GPU Vendor: nvidia
02:12:09: Device Name: GeForce 6600 LE/PCI/SSE2
02:12:09: Driver Version: 2.1.2.0
02:12:09:  * Fixed function pipeline: yes
02:12:09:  * Hardware generation of mipmaps: yes
02:12:09:  * Texture blending: yes
02:12:09:  * Anisotropic texture filtering: yes
02:12:09:  * Dot product texture operation: yes
02:12:09:  * Cube mapping: yes
02:12:09:  * Hardware stencil buffer: yes
02:12:09:    - Stencil depth: 8
02:12:09:    - Two sided stencil support: yes
02:12:09:    - Wrap stencil values: yes
02:12:09:  * Hardware vertex / index buffers: yes
02:12:09:  * Vertex programs: yes
02:12:09:  * Number of floating-point constants for vertex programs: 256
02:12:09:  * Number of integer constants for vertex programs: 0
02:12:09:  * Number of boolean constants for vertex programs: 0
02:12:09:  * Fragment programs: yes
02:12:09:  * Number of floating-point constants for fragment programs: 512
02:12:09:  * Number of integer constants for fragment programs: 0
02:12:09:  * Number of boolean constants for fragment programs: 0
02:12:09:  * Geometry programs: no
02:12:09:  * Number of floating-point constants for geometry programs: 475
02:12:09:  * Number of integer constants for geometry programs: 8484
02:12:09:  * Number of boolean constants for geometry programs: 475
02:12:09:  * Supported Shader Profiles: arbfp1 arbvp1 fp20 fp30 fp40 glsl vp30 vp40
02:12:09:  * Texture Compression: yes
02:12:09:    - DXT: yes
02:12:09:    - VTC: yes
02:12:09:    - PVRTC: no
02:12:09:  * Scissor Rectangle: yes
02:12:09:  * Hardware Occlusion Query: yes
02:12:09:  * User clip planes: yes
02:12:09:  * VET_UBYTE4 vertex element type: yes
02:12:09:  * Infinite far plane projection: yes
02:12:09:  * Hardware render-to-texture: yes
02:12:09:  * Floating point textures: yes
02:12:09:  * Non-power-of-two textures: yes
02:12:09:  * Volume textures: yes
02:12:09:  * Multiple Render Targets: 4
02:12:09:    - With different bit depths: yes
02:12:09:  * Point Sprites: yes
02:12:09:  * Extended point parameters: yes
02:12:09:  * Max Point Size: 63.375
02:12:09:  * Vertex texture fetch: yes
02:12:09:  * Number of world matrices: 0
02:12:09:  * Number of texture units: 16
02:12:09:  * Stencil buffer depth: 8
02:12:09:  * Number of vertex blend matrices: 0
02:12:09:    - Max vertex textures: 4
02:12:09:    - Vertex textures shared: yes
02:12:09:  * Render to Vertex Buffer : no
02:12:09:  * GL 1.5 without VBO workaround: no
02:12:09:  * Frame Buffer objects: yes
02:12:09:  * Frame Buffer objects (ARB extension): no
02:12:09:  * Frame Buffer objects (ATI extension): no
02:12:09:  * PBuffer support: yes
02:12:09:  * GL 1.5 without HW-occlusion workaround: no
02:12:09: Registering ResourceManager for type Texture
02:12:09: DefaultWorkQueue('Root') initialising on thread 0x2bab30.
02:12:09: Particle Renderer Type 'billboard' registered
02:12:09: DefaultWorkQueue('Root')::WorkerFunc - thread 0x2c4ee0 starting.
02:12:09: DefaultWorkQueue('Root') shutting down on thread 0x2bab30.
02:12:09: DefaultWorkQueue('Root')::WorkerFunc - thread 0x2c4ee0 stopped.
02:12:09: *-*-* OGRE Shutdown
02:12:09: Unregistering ResourceManager for type Compositor
02:12:09: Unregistering ResourceManager for type Font
02:12:09: Unregistering ResourceManager for type Skeleton
02:12:09: Unregistering ResourceManager for type Mesh
02:12:09: Unregistering ResourceManager for type HighLevelGpuProgram
02:12:09: Uninstalling plugin: GL RenderSystem
02:12:09: Unregistering ResourceManager for type GpuProgram
02:12:09: *** Stopping Win32GL Subsystem ***
02:12:09: Unregistering ResourceManager for type Texture
02:12:09: Plugin successfully uninstalled
02:12:09: Unloading library .\RenderSystem_GL
02:12:09: Uninstalling plugin: D3D9 RenderSystem
02:12:09: D3D9 : Shutting down cleanly.
02:12:09: D3D9 : Direct3D9 Rendering Subsystem destroyed.
02:12:09: Plugin successfully uninstalled
02:12:09: Unloading library .\RenderSystem_Direct3D9
02:12:09: Unregistering ResourceManager for type Material
