===================== Start Dump!!!Field module start.Start load field data/0632.Loading file: data/0632Entity: 0x00
Script: 0x00
0x000f 0xBC_EntityNoModelInit(); // init values for entity without model.
0x0010 0x2A(); // add flag 00000002 in 80115cdc + 0 of current entity.
0x0011 MISSING OPCODE a0

Script: 0x01
0x0019 0x02_ConditionalJumpTo(v value1 0x02c8)(s16 value2 0x0002); // continue if value1 & value2, jump to 0x0038 otherwise;
0x0021 MISSING OPCODE 0xFE54

Script: 0x02
0x0039 0x00_Return();

Script: 0x03
0x0039 0x00_Return();

Script: 0x04
0x003a 0x26_Wait(v80 time 0x8014); // stop script execution till script will be called given number of times.
0x003d MISSING OPCODE c7

Script: 0x05
0x004d 0x26_Wait(v80 time 0x800a); // stop script execution till script will be called given number of times.
0x0050 MISSING OPCODE b5




Entity: 0x01
Script: 0x00
0x0056 0x16_EntityPCInit(v80 character_id 0x8000); // init values for player character entity with model.
0x0059 0xFE0D_SetAvatar(v80 character_id 0x8000); // assign avatar for current entity.
0x005d 0x00_Return();

Script: 0x01
0x005e MISSING OPCODE 0c

Script: 0x02
0x0060 0x00_Return();

Script: 0x03
0x0060 0x00_Return();

Script: 0x04
0x0061 MISSING OPCODE 4a

Script: 0x05
0x006a MISSING OPCODE d0

Script: 0x06
0x007b 0x20_SetFlags(v80 flags 0x8001); // set some flags for movement and collision.
0x007e MISSING OPCODE 4a

Script: 0x07
0x0091 MISSING OPCODE d0

Script: 0x08
0x00d7 0xD2_DialogShow(u16 dialog_id 0x0005)(u8 flags 0x20);
0x00db MISSING OPCODE 9c

Script: 0x09
0x00dd MISSING OPCODE 5d

Script: 0x0a
0x00e6 0x26_Wait(v80 time 0x800a); // stop script execution till script will be called given number of times.
0x00e9 MISSING OPCODE f6

Script: 0x0b
0x00f7 MISSING OPCODE 5d

Script: 0x0c
0x0100 MISSING OPCODE 2c

Script: 0x0d
0x010b MISSING OPCODE 2c

Script: 0x0e
0x011b 0x26_Wait(v80 time 0x8050); // stop script execution till script will be called given number of times.
0x011e MISSING OPCODE b4




Entity: 0x02
Script: 0x00
0x0127 0x16_EntityPCInit(v80 character_id 0x8002); // init values for player character entity with model.
0x012a 0xFE0D_SetAvatar(v80 character_id 0x8002); // assign avatar for current entity.
0x012e 0x00_Return();

Script: 0x01
0x012f MISSING OPCODE 0c

Script: 0x02
0x0131 0x00_Return();

Script: 0x03
0x0131 0x00_Return();




Entity: 0x03
Script: 0x00
0x0132 0x16_EntityPCInit(v80 character_id 0x8001); // init values for player character entity with model.
0x0135 0xFE0D_SetAvatar(v80 character_id 0x8001); // assign avatar for current entity.
0x0139 0x00_Return();

Script: 0x01
0x013a MISSING OPCODE a7

Script: 0x02
0x013c 0x00_Return();

Script: 0x03
0x013c 0x00_Return();




Entity: 0x04
Script: 0x00
0x013d 0x16_EntityPCInit(v80 character_id 0x8003); // init values for player character entity with model.
0x0140 0xFE0D_SetAvatar(v80 character_id 0x8003); // assign avatar for current entity.
0x0144 0x00_Return();

Script: 0x01
0x0145 MISSING OPCODE a7

Script: 0x02
0x0147 0x00_Return();

Script: 0x03
0x0147 0x00_Return();




Entity: 0x05
Script: 0x00
0x0148 0x16_EntityPCInit(v80 character_id 0x8005); // init values for player character entity with model.
0x014b 0xFE0D_SetAvatar(v80 character_id 0x8005); // assign avatar for current entity.
0x014f 0x00_Return();

Script: 0x01
0x0150 MISSING OPCODE a7

Script: 0x02
0x0152 0x00_Return();

Script: 0x03
0x0152 0x00_Return();




Entity: 0x06
Script: 0x00
0x0153 0x16_EntityPCInit(v80 character_id 0x8006); // init values for player character entity with model.
0x0156 0xFE0D_SetAvatar(v80 character_id 0x8006); // assign avatar for current entity.
0x015a 0x00_Return();

Script: 0x01
0x015b MISSING OPCODE a7

Script: 0x02
0x015d 0x00_Return();

Script: 0x03
0x015d 0x00_Return();




Entity: 0x07
Script: 0x00
0x015e 0x16_EntityPCInit(v80 character_id 0x8007); // init values for player character entity with model.
0x0161 0xFE0D_SetAvatar(v80 character_id 0x8007); // assign avatar for current entity.
0x0165 0x00_Return();

Script: 0x01
0x0166 MISSING OPCODE a7

Script: 0x02
0x0168 0x00_Return();

Script: 0x03
0x0168 0x00_Return();




Entity: 0x08
Script: 0x00
0x0169 0x16_EntityPCInit(v80 character_id 0x8008); // init values for player character entity with model.
0x016c 0xFE0D_SetAvatar(v80 character_id 0x8008); // assign avatar for current entity.
0x0170 0x00_Return();

Script: 0x01
0x0171 MISSING OPCODE a7

Script: 0x02
0x0173 0x00_Return();

Script: 0x03
0x0173 0x00_Return();




Entity: 0x09
Script: 0x00
0x0174 0x0B_EntityNPCInit(v80 model_id 0x8006); // init values for entity with model.
0x0177 0x20_SetFlags(v80 flags 0x8008); // set some flags for movement and collision.
0x017a 0x19_SetPosition(vf80 x 0xfffb)(vf40 z 0xff5f)(flags 0xc0); // set entity on walkmesh based on given x and y.
0x0180 0x69_SetRotation(v80 rotation 0x8004);
0x0183 0xFE0D_SetAvatar(v80 character_id 0x8011); // assign avatar for current entity.
0x0187 0x00_Return();

Script: 0x01
0x0188 0x00_Return();

Script: 0x02
0x0189 0x02_ConditionalJumpTo(v value1 0x0402)(s16 value2 0x0000); // continue if value1 == value2, jump to 0x0194 otherwise;
0x0191 0x01_JumpTo(0x0195);
0x0194 0x00_Return();
0x0195 0x6F_RotateToEntity(entity_id 0x01);
0x0197 0x86_ProgressNotEqualJumpTo(v80 value 0x8008); // jump to 0x01a4 if progress != value
0x019c 0xD2_DialogShow(u16 dialog_id 0x000a)(u8 flags 0x80);
0x01a0 MISSING OPCODE 9c

Script: 0x03
0x0278 0x00_Return();

Script: 0x04
0x0279 0x6F_RotateToEntity(entity_id 0x0b);
0x027b 0xD2_DialogShow(u16 dialog_id 0x0011)(u8 flags 0x10);
0x027f MISSING OPCODE 9c

Script: 0x05
0x0281 0x6F_RotateToEntity(entity_id 0x01);
0x0283 0x26_Wait(v80 time 0x800a); // stop script execution till script will be called given number of times.
0x0286 0xD2_DialogShow(u16 dialog_id 0x0012)(u8 flags 0x00);
0x028a MISSING OPCODE 9c

Script: 0x06
0x0292 MISSING OPCODE f4




Entity: 0x0a
Script: 0x00
0x0296 0x2A(); // add flag 00000002 in 80115cdc + 0 of current entity.
0x0297 MISSING OPCODE 84

Script: 0x01
0x02a2 MISSING OPCODE cb

Script: 0x02
0x02dd 0x00_Return();

Script: 0x03
0x02dd 0x00_Return();




Entity: 0x0b
Script: 0x00
0x02de 0x0B_EntityNPCInit(v80 model_id 0x8002); // init values for entity with model.
0x02e1 0x19_SetPosition(vf80 x 0x010c)(vf40 z 0x0000)(flags 0xc0); // set entity on walkmesh based on given x and y.
0x02e7 0x69_SetRotation(v80 rotation 0x8006);
0x02ea 0x20_SetFlags(v80 flags 0x800d); // set some flags for movement and collision.
0x02ed MISSING OPCODE 1f

Script: 0x01
0x0302 0x00_Return();

Script: 0x02
0x0303 0x00_Return();

Script: 0x03
0x0303 0x00_Return();

Script: 0x04
0x0304 MISSING OPCODE 22

Script: 0x05
0x031e MISSING OPCODE 2c

Script: 0x06
0x0345 0xD2_DialogShow(u16 dialog_id 0x0017)(u8 flags 0x00);
0x0349 MISSING OPCODE 9c




Entity: 0x0c
Script: 0x00
0x03aa 0x0B_EntityNPCInit(v80 model_id 0x8004); // init values for entity with model.
0x03ad 0x20_SetFlags(v80 flags 0x8008); // set some flags for movement and collision.
0x03b0 0x69_SetRotation(v80 rotation 0x8000);
0x03b3 0xFE0D_SetAvatar(v80 character_id 0x800f); // assign avatar for current entity.
0x03b7 0x00_Return();

Script: 0x01
0x03b8 0x00_Return();

Script: 0x02
0x03b9 MISSING OPCODE 36

Script: 0x03
0x0411 0x00_Return();

Script: 0x04
0x0412 0x26_Wait(v80 time 0x8014); // stop script execution till script will be called given number of times.
0x0415 MISSING OPCODE a4

Script: 0x05
0x041a MISSING OPCODE a4

Script: 0x06
0x041f 0x02_ConditionalJumpTo(v value1 0x0008)(s16 value2 0x0006); // continue if value1 == value2, jump to 0x042f otherwise;
0x0427 MISSING OPCODE b5

Script: 0x07
0x0455 MISSING OPCODE f4




Entity: 0x0d
Script: 0x00
0x045c 0x0B_EntityNPCInit(v80 model_id 0x8000); // init values for entity with model.
0x045f 0x20_SetFlags(v80 flags 0x8008); // set some flags for movement and collision.
0x0462 0x69_SetRotation(v80 rotation 0x8005);
0x0465 0x00_Return();

Script: 0x01
0x0466 0x26_Wait(v80 time 0x800a); // stop script execution till script will be called given number of times.
0x0469 0x00_Return();

Script: 0x02
0x046a 0x02_ConditionalJumpTo(v value1 0x0402)(s16 value2 0x0000); // continue if value1 == value2, jump to 0x0475 otherwise;
0x0472 0x01_JumpTo(0x0476);
0x0475 0x00_Return();
0x0476 0x6F_RotateToEntity(entity_id 0x01);
0x0478 MISSING OPCODE 2c

Script: 0x03
0x0484 0x00_Return();

Script: 0x04
0x0485 MISSING OPCODE f4




Entity: 0x0e
Script: 0x00
0x048c 0x0B_EntityNPCInit(v80 model_id 0x8001); // init values for entity with model.
0x048f 0x20_SetFlags(v80 flags 0x8008); // set some flags for movement and collision.
0x0492 0x69_SetRotation(v80 rotation 0x8003);
0x0495 0x00_Return();

Script: 0x01
0x0496 MISSING OPCODE 0xFE45

Script: 0x02
0x049b 0x02_ConditionalJumpTo(v value1 0x0402)(s16 value2 0x0000); // continue if value1 == value2, jump to 0x04a6 otherwise;
0x04a3 0x01_JumpTo(0x04a7);
0x04a6 0x00_Return();
0x04a7 MISSING OPCODE 0xFE45

Script: 0x03
0x04bd 0x00_Return();

Script: 0x04
0x04be MISSING OPCODE f4




Entity: 0x0f
Script: 0x00
0x04c5 0x0B_EntityNPCInit(v80 model_id 0x8003); // init values for entity with model.
0x04c8 0x00_Return();

Script: 0x01
0x04c9 MISSING OPCODE a8

Script: 0x02
0x0537 0x02_ConditionalJumpTo(v value1 0x0402)(s16 value2 0x0000); // continue if value1 == value2, jump to 0x0542 otherwise;
0x053f 0x01_JumpTo(0x0543);
0x0542 0x00_Return();
0x0543 0x6F_RotateToEntity(entity_id 0x01);
0x0545 0xD2_DialogShow(u16 dialog_id 0x0022)(u8 flags 0x00);
0x0549 MISSING OPCODE 9c

Script: 0x03
0x0554 0x00_Return();

Script: 0x04
0x0555 MISSING OPCODE f4




Entity: 0x10
Script: 0x00
0x0559 0x2A(); // add flag 00000002 in 80115cdc + 0 of current entity.
0x055a 0x00_Return();

Script: 0x01
0x055b MISSING OPCODE cb

Script: 0x02
0x0565 0x00_Return();

Script: 0x03
0x0565 0x00_Return();




Entity: 0x11
Script: 0x00
0x0566 MISSING OPCODE 46

Script: 0x01
0x0568 0x00_Return();

Script: 0x02
0x0569 MISSING OPCODE 15

Script: 0x03
0x0574 0x00_Return();

Script: 0x04
0x0575 0xC4_DoorOpen(0x00); // 0 - clockwise, 1 - anticlockwise
0x0577 0x00_Return();

Script: 0x05
0x0578 0xC5_DoorClose(0x00); // 0 - clockwise, 1 - anticlockwise
0x057a 0x00_Return();




Entity: 0x12
Script: 0x00
0x057b 0xBC_EntityNoModelInit(); // init values for entity without model.
0x057c 0x2A(); // add flag 00000002 in 80115cdc + 0 of current entity.
0x057d 0x00_Return();

Script: 0x01
0x057e MISSING OPCODE e1

Script: 0x02
0x05b2 0x00_Return();

Script: 0x03
0x05b2 0x00_Return();




Entity: 0x13
Script: 0x00
0x05b3 0xBC_EntityNoModelInit(); // init values for entity without model.
0x05b4 MISSING OPCODE 1d

Script: 0x01
0x05bd MISSING OPCODE 0xFE13

Script: 0x02
0x05c5 0x00_Return();
0x05c6 MISSING OPCODE e0

Script: 0x03
0x05c5 0x00_Return();
0x05c6 MISSING OPCODE e0




Field module stopped (003e25e8).===================== Stop Dump!!!