20:42:30: Creating resource group General
20:42:30: Creating resource group Internal
20:42:30: Creating resource group Autodetect
20:42:30: SceneManagerFactory for type 'DefaultSceneManager' registered.
20:42:30: Registering ResourceManager for type Material
20:42:30: Registering ResourceManager for type Mesh
20:42:30: Registering ResourceManager for type Skeleton
20:42:30: MovableObjectFactory for type 'ParticleSystem' registered.
20:42:30: OverlayElementFactory for type Panel registered.
20:42:30: OverlayElementFactory for type BorderPanel registered.
20:42:30: OverlayElementFactory for type TextArea registered.
20:42:30: Registering ResourceManager for type Font
20:42:30: ArchiveFactory for archive type FileSystem registered.
20:42:30: ArchiveFactory for archive type Zip registered.
20:42:30: DDS codec registering
20:42:30: FreeImage version: 3.13.1
20:42:30: This program uses FreeImage, a free, open source image library supporting all common bitmap formats. See http://freeimage.sourceforge.net for details
20:42:30: Supported formats: bmp,ico,jpg,jif,jpeg,jpe,jng,koa,iff,lbm,mng,pbm,pbm,pcd,pcx,pgm,pgm,png,ppm,ppm,ras,tga,targa,tif,tiff,wap,wbmp,wbm,psd,cut,xbm,xpm,gif,hdr,g3,sgi,exr,j2k,j2c,jp2,pfm,pct,pict,pic,bay,bmq,cr2,crw,cs1,dc2,dcr,dng,erf,fff,hdr,k25,kdc,mdc,mos,mrw,nef,orf,pef,pxn,raf,raw,rdc,sr2,srf,arw,3fr,cine,ia,kc2,mef,nrw,qtk,rw2,sti,drf,dsc,ptx,cap,iiq,rwz
20:42:30: Registering ResourceManager for type HighLevelGpuProgram
20:42:30: Registering ResourceManager for type Compositor
20:42:30: MovableObjectFactory for type 'Entity' registered.
20:42:30: MovableObjectFactory for type 'Light' registered.
20:42:30: MovableObjectFactory for type 'BillboardSet' registered.
20:42:30: MovableObjectFactory for type 'ManualObject' registered.
20:42:30: MovableObjectFactory for type 'BillboardChain' registered.
20:42:30: MovableObjectFactory for type 'RibbonTrail' registered.
20:42:30: Loading library .\RenderSystem_Direct3D9
20:42:30: Installing plugin: D3D9 RenderSystem
20:42:30: D3D9 : Direct3D9 Rendering Subsystem created.
20:42:30: D3D9: Driver Detection Starts
20:42:30: D3D9: Driver Detection Ends
20:42:30: Plugin successfully installed
20:42:30: Loading library .\RenderSystem_GL
20:42:30: Installing plugin: GL RenderSystem
20:42:30: OpenGL Rendering Subsystem created.
20:42:31: Plugin successfully installed
20:42:31: *-*-* OGRE Initialising
20:42:31: *-*-* Version 1.7.2 (Cthugha)
20:42:31: D3D9 : RenderSystem Option: Allow NVPerfHUD = No
20:42:31: D3D9 : RenderSystem Option: FSAA = 0
20:42:31: D3D9 : RenderSystem Option: Floating-point mode = Fastest
20:42:31: D3D9 : RenderSystem Option: Full Screen = No
20:42:31: D3D9 : RenderSystem Option: Rendering Device = Monitor-1-NVIDIA GeForce 6600 LE
20:42:31: D3D9 : RenderSystem Option: Resource Creation Policy = Create on all devices
20:42:31: D3D9 : RenderSystem Option: VSync = No
20:42:31: D3D9 : RenderSystem Option: VSync Interval = 1
20:42:31: D3D9 : RenderSystem Option: Video Mode = 640 x 480 @ 16-bit colour
20:42:31: D3D9 : RenderSystem Option: sRGB Gamma Conversion = No
20:42:31: CPU Identifier & Features
20:42:31: -------------------------
20:42:31:  *   CPU ID: GenuineIntel: Intel(R) Pentium(R) 4 CPU 3.00GHz
20:42:31:  *      SSE: yes
20:42:31:  *     SSE2: yes
20:42:31:  *     SSE3: yes
20:42:31:  *      MMX: yes
20:42:31:  *   MMXEXT: yes
20:42:31:  *    3DNOW: no
20:42:31:  * 3DNOWEXT: no
20:42:31:  *     CMOV: yes
20:42:31:  *      TSC: yes
20:42:31:  *      FPU: yes
20:42:31:  *      PRO: yes
20:42:31:  *       HT: yes
20:42:31: -------------------------
20:42:31: *** Starting Win32GL Subsystem ***
20:42:31: GLRenderSystem::_createRenderWindow "Xenogears Model Exporter", 1024x768 windowed  miscParams: FSAA=0 FSAAHint= colourDepth=32 displayFrequency=0 gamma=false vsync=false vsyncInterval=1 
20:42:31: Created Win32Window 'Xenogears Model Exporter' : 1032x802, 32bpp
20:42:31: GL_VERSION = 3.3.0
20:42:31: GL_VENDOR = NVIDIA Corporation
20:42:31: GL_RENDERER = GeForce 8600 GT/PCI/SSE2
20:42:31: GL_EXTENSIONS = GL_ARB_blend_func_extended GL_ARB_color_buffer_float GL_ARB_compatibility GL_ARB_copy_buffer GL_ARB_depth_buffer_float GL_ARB_depth_clamp GL_ARB_depth_texture GL_ARB_draw_buffers GL_ARB_draw_elements_base_vertex GL_ARB_draw_instanced GL_ARB_explicit_attrib_location GL_ARB_fragment_coord_conventions GL_ARB_fragment_program GL_ARB_fragment_program_shadow GL_ARB_fragment_shader GL_ARB_framebuffer_object GL_ARB_framebuffer_sRGB GL_ARB_geometry_shader4 GL_ARB_half_float_pixel GL_ARB_half_float_vertex GL_ARB_imaging GL_ARB_instanced_arrays GL_ARB_map_buffer_range GL_ARB_multisample GL_ARB_multitexture GL_ARB_occlusion_query GL_ARB_occlusion_query2 GL_ARB_pixel_buffer_object GL_ARB_point_parameters GL_ARB_point_sprite GL_ARB_provoking_vertex GL_ARB_sampler_objects GL_ARB_seamless_cube_map GL_ARB_shader_bit_encoding GL_ARB_shader_objects GL_ARB_shading_language_100 GL_ARB_shadow GL_ARB_sync GL_ARB_texture_border_clamp GL_ARB_texture_buffer_object GL_ARB_texture_compression GL_ARB_texture_compression_rgtc GL_ARB_texture_cube_map GL_ARB_texture_env_add GL_ARB_texture_env_combine GL_ARB_texture_env_crossbar GL_ARB_texture_env_dot3 GL_ARB_texture_float GL_ARB_texture_mirrored_repeat GL_ARB_texture_multisample GL_ARB_texture_non_power_of_two GL_ARB_texture_rectangle GL_ARB_texture_rg GL_ARB_texture_rgb10_a2ui GL_ARB_texture_swizzle GL_ARB_timer_query GL_ARB_transpose_matrix GL_ARB_uniform_buffer_object GL_ARB_vertex_array_bgra GL_ARB_vertex_array_object GL_ARB_vertex_buffer_object GL_ARB_vertex_program GL_ARB_vertex_shader GL_ARB_vertex_type_2_10_10_10_rev GL_ARB_window_pos GL_ATI_draw_buffers GL_ATI_texture_float GL_ATI_texture_mirror_once GL_S3_s3tc GL_EXT_texture_env_add GL_EXT_abgr GL_EXT_bgra GL_EXT_bindable_uniform GL_EXT_blend_color GL_EXT_blend_equation_separate GL_EXT_blend_func_separate GL_EXT_blend_minmax GL_EXT_blend_subtract GL_EXT_compiled_vertex_array GL_EXT_Cg_shader GL_EXT_depth_bounds_test GL_EXT_direct_state_access GL_EXT_draw_buffers2 GL_EXT_draw_instanced GL_EXT_draw_range_elements GL_EXT_fog_coord GL_EXT_framebuffer_blit GL_EXT_framebuffer_multisample GL_EXTX_framebuffer_mixed_formats GL_EXT_framebuffer_object GL_EXT_framebuffer_sRGB GL_EXT_geometry_shader4 GL_EXT_gpu_program_parameters GL_EXT_gpu_shader4 GL_EXT_multi_draw_arrays GL_EXT_packed_depth_stencil GL_EXT_packed_float GL_EXT_packed_pixels GL_EXT_pixel_buffer_object GL_EXT_point_parameters GL_EXT_provoking_vertex GL_EXT_rescale_normal GL_EXT_secondary_color GL_EXT_separate_shader_objects GL_EXT_separate_specular_color GL_EXT_shadow_funcs GL_EXT_stencil_two_side GL_EXT_stencil_wrap GL_EXT_texture3D GL_EXT_texture_array GL_EXT_texture_buffer_object GL_EXT_texture_compression_latc GL_EXT_texture_compression_rgtc GL_EXT_texture_compression_s3tc GL_EXT_texture_cube_map GL_EXT_texture_edge_clamp GL_EXT_texture_env_combine GL_EXT_texture_env_dot3 GL_EXT_texture_filter_anisotropic GL_EXT_texture_integer GL_EXT_texture_lod GL_EXT_texture_lod_bias GL_EXT_texture_mirror_clamp GL_EXT_texture_object GL_EXT_texture_shared_exponent GL_EXT_texture_sRGB GL_EXT_texture_swizzle GL_EXT_timer_query GL_EXT_vertex_array GL_EXT_vertex_array_bgra GL_IBM_rasterpos_clip GL_IBM_texture_mirrored_repeat GL_KTX_buffer_region GL_NV_blend_square GL_NV_conditional_render GL_NV_copy_depth_to_color GL_NV_copy_image GL_NV_depth_buffer_float GL_NV_depth_clamp GL_NV_explicit_multisample GL_NV_fence GL_NV_float_buffer GL_NV_fog_distance GL_NV_fragment_program GL_NV_fragment_program_option GL_NV_fragment_program2 GL_NV_framebuffer_multisample_coverage GL_NV_geometry_shader4 GL_NV_gpu_program4 GL_NV_half_float GL_NV_light_max_exponent GL_NV_multisample_coverage GL_NV_multisample_filter_hint GL_NV_occlusion_query GL_NV_packed_depth_stencil GL_NV_parameter_buffer_object GL_NV_parameter_buffer_object2 GL_NV_pixel_data_range GL_NV_point_sprite GL_NV_primitive_restart GL_NV_register_combiners GL_NV_register_combiners2 GL_NV_shader_buffer_load GL_NV_texgen_reflection GL_NV_texture_barrier GL_NV_texture_compression_vtc GL_NV_texture_env_combine4 GL_NV_texture_expand_normal GL_NV_texture_multisample GL_NV_texture_rectangle GL_NV_texture_shader GL_NV_texture_shader2 GL_NV_texture_shader3 GL_NV_transform_feedback GL_NV_vertex_array_range GL_NV_vertex_array_range2 GL_NV_vertex_buffer_unified_memory GL_NV_vertex_program GL_NV_vertex_program1_1 GL_NV_vertex_program2 GL_NV_vertex_program2_option GL_NV_vertex_program3 GL_NVX_conditional_render GL_NVX_gpu_memory_info GL_SGIS_generate_mipmap GL_SGIS_texture_lod GL_SGIX_depth_texture GL_SGIX_shadow GL_SUN_slice_accum GL_WIN_swap_hint WGL_EXT_swap_control 
20:42:31: Supported WGL extensions: WGL_ARB_buffer_region WGL_ARB_create_context WGL_ARB_create_context_profile WGL_ARB_extensions_string WGL_ARB_make_current_read WGL_ARB_multisample WGL_ARB_pbuffer WGL_ARB_pixel_format WGL_ARB_pixel_format_float WGL_ARB_render_texture WGL_ATI_pixel_format_float WGL_EXT_extensions_string WGL_EXT_framebuffer_sRGB WGL_EXT_pixel_format_packed_float WGL_EXT_swap_control WGL_NV_float_buffer WGL_NV_multisample_coverage WGL_NV_render_depth_texture WGL_NV_render_texture_rectangle WGL_NVX_DX_interop 
20:42:31: ***************************
20:42:31: *** GL Renderer Started ***
20:42:31: ***************************
20:42:31: Registering ResourceManager for type GpuProgram
20:42:31: GLSL support detected
20:42:31: GL: Using GL_EXT_framebuffer_object for rendering to textures (best)
20:42:31: FBO PF_UNKNOWN depth/stencil support: D16S0 D24S0 D32S0 Packed-D24S8 
20:42:31: FBO PF_L8 depth/stencil support: D0S0 D16S0 D24S0 D32S0 Packed-D24S8 
20:42:31: FBO PF_A8 depth/stencil support: D0S0 D16S0 D24S0 D32S0 Packed-D24S8 
20:42:31: FBO PF_A4L4 depth/stencil support: D0S0 D16S0 D24S0 D32S0 Packed-D24S8 
20:42:31: FBO PF_BYTE_LA depth/stencil support: D0S0 D16S0 D24S0 D32S0 Packed-D24S8 
20:42:31: FBO PF_R5G6B5 depth/stencil support: D0S0 D16S0 D24S0 D32S0 Packed-D24S8 
20:42:31: FBO PF_B5G6R5 depth/stencil support: D0S0 D16S0 D24S0 D32S0 Packed-D24S8 
20:42:31: FBO PF_A1R5G5B5 depth/stencil support: D0S0 D16S0 D24S0 D32S0 Packed-D24S8 
20:42:31: FBO PF_R8G8B8 depth/stencil support: D0S0 D16S0 D24S0 D32S0 Packed-D24S8 
20:42:31: FBO PF_B8G8R8 depth/stencil support: D0S0 D16S0 D24S0 D32S0 Packed-D24S8 
20:42:31: FBO PF_A8R8G8B8 depth/stencil support: D0S0 D16S0 D24S0 D32S0 Packed-D24S8 
20:42:31: FBO PF_B8G8R8A8 depth/stencil support: D0S0 D16S0 D24S0 D32S0 Packed-D24S8 
20:42:31: FBO PF_A2R10G10B10 depth/stencil support: D0S0 D16S0 D24S0 D32S0 Packed-D24S8 
20:42:31: FBO PF_A2B10G10R10 depth/stencil support: D0S0 D16S0 D24S0 D32S0 Packed-D24S8 
20:42:31: FBO PF_FLOAT16_RGB depth/stencil support: D0S0 D16S0 D24S0 D32S0 Packed-D24S8 
20:42:31: FBO PF_FLOAT16_RGBA depth/stencil support: D0S0 D16S0 D24S0 D32S0 Packed-D24S8 
20:42:31: FBO PF_FLOAT32_RGB depth/stencil support: D0S0 D16S0 D24S0 D32S0 Packed-D24S8 
20:42:31: FBO PF_FLOAT32_RGBA depth/stencil support: D0S0 D16S0 D24S0 D32S0 Packed-D24S8 
20:42:31: FBO PF_X8R8G8B8 depth/stencil support: D0S0 D16S0 D24S0 D32S0 Packed-D24S8 
20:42:31: FBO PF_X8B8G8R8 depth/stencil support: D0S0 D16S0 D24S0 D32S0 Packed-D24S8 
20:42:31: FBO PF_SHORT_RGBA depth/stencil support: D0S0 D16S0 D24S0 D32S0 Packed-D24S8 
20:42:31: FBO PF_R3G3B2 depth/stencil support: D0S0 D16S0 D24S0 D32S0 Packed-D24S8 
20:42:31: FBO PF_FLOAT16_R depth/stencil support: D0S0 D16S0 D24S0 D32S0 Packed-D24S8 
20:42:31: FBO PF_FLOAT32_R depth/stencil support: D0S0 D16S0 D24S0 D32S0 Packed-D24S8 
20:42:31: FBO PF_FLOAT16_GR depth/stencil support: D0S0 D16S0 D24S0 D32S0 Packed-D24S8 
20:42:31: FBO PF_FLOAT32_GR depth/stencil support: D0S0 D16S0 D24S0 D32S0 Packed-D24S8 
20:42:31: FBO PF_SHORT_RGB depth/stencil support: D0S0 D16S0 D24S0 D32S0 Packed-D24S8 
20:42:31: [GL] : Valid FBO targets PF_UNKNOWN PF_L8 PF_A8 PF_A4L4 PF_BYTE_LA PF_R5G6B5 PF_B5G6R5 PF_A1R5G5B5 PF_R8G8B8 PF_B8G8R8 PF_A8R8G8B8 PF_B8G8R8A8 PF_A2R10G10B10 PF_A2B10G10R10 PF_FLOAT16_RGB PF_FLOAT16_RGBA PF_FLOAT32_RGB PF_FLOAT32_RGBA PF_X8R8G8B8 PF_X8B8G8R8 PF_SHORT_RGBA PF_R3G3B2 PF_FLOAT16_R PF_FLOAT32_R PF_FLOAT16_GR PF_FLOAT32_GR PF_SHORT_RGB 
20:42:31: RenderSystem capabilities
20:42:31: -------------------------
20:42:31: RenderSystem Name: OpenGL Rendering Subsystem
20:42:31: GPU Vendor: nvidia
20:42:31: Device Name: GeForce 8600 GT/PCI/SSE2
20:42:31: Driver Version: 3.3.0.0
20:42:31:  * Fixed function pipeline: yes
20:42:31:  * Hardware generation of mipmaps: yes
20:42:31:  * Texture blending: yes
20:42:31:  * Anisotropic texture filtering: yes
20:42:31:  * Dot product texture operation: yes
20:42:31:  * Cube mapping: yes
20:42:31:  * Hardware stencil buffer: yes
20:42:31:    - Stencil depth: 8
20:42:31:    - Two sided stencil support: yes
20:42:31:    - Wrap stencil values: yes
20:42:31:  * Hardware vertex / index buffers: yes
20:42:31:  * Vertex programs: yes
20:42:31:  * Number of floating-point constants for vertex programs: 1024
20:42:31:  * Number of integer constants for vertex programs: 0
20:42:31:  * Number of boolean constants for vertex programs: 0
20:42:31:  * Fragment programs: yes
20:42:31:  * Number of floating-point constants for fragment programs: 512
20:42:31:  * Number of integer constants for fragment programs: 0
20:42:31:  * Number of boolean constants for fragment programs: 0
20:42:31:  * Geometry programs: yes
20:42:31:  * Number of floating-point constants for geometry programs: 512
20:42:31:  * Number of integer constants for geometry programs: 0
20:42:31:  * Number of boolean constants for geometry programs: 0
20:42:31:  * Supported Shader Profiles: arbfp1 arbvp1 fp20 fp30 fp40 glsl gp4gp gpu_gp nvgp4 vp30 vp40
20:42:31:  * Texture Compression: yes
20:42:31:    - DXT: yes
20:42:31:    - VTC: yes
20:42:31:    - PVRTC: no
20:42:31:  * Scissor Rectangle: yes
20:42:31:  * Hardware Occlusion Query: yes
20:42:31:  * User clip planes: yes
20:42:31:  * VET_UBYTE4 vertex element type: yes
20:42:31:  * Infinite far plane projection: yes
20:42:31:  * Hardware render-to-texture: yes
20:42:31:  * Floating point textures: yes
20:42:31:  * Non-power-of-two textures: yes
20:42:31:  * Volume textures: yes
20:42:31:  * Multiple Render Targets: 8
20:42:31:    - With different bit depths: yes
20:42:31:  * Point Sprites: yes
20:42:31:  * Extended point parameters: yes
20:42:31:  * Max Point Size: 63.375
20:42:31:  * Vertex texture fetch: yes
20:42:31:  * Number of world matrices: 0
20:42:31:  * Number of texture units: 32
20:42:31:  * Stencil buffer depth: 8
20:42:31:  * Number of vertex blend matrices: 0
20:42:31:    - Max vertex textures: 32
20:42:31:    - Vertex textures shared: yes
20:42:31:  * Render to Vertex Buffer : yes
20:42:31:  * GL 1.5 without VBO workaround: no
20:42:31:  * Frame Buffer objects: yes
20:42:31:  * Frame Buffer objects (ARB extension): no
20:42:31:  * Frame Buffer objects (ATI extension): no
20:42:31:  * PBuffer support: yes
20:42:31:  * GL 1.5 without HW-occlusion workaround: no
20:42:31: Registering ResourceManager for type Texture
20:42:31: DefaultWorkQueue('Root') initialising on thread 0x244470.
20:42:31: DefaultWorkQueue('Root')::WorkerFunc - thread 0x24fec0 starting.
20:42:31: Particle Renderer Type 'billboard' registered
20:42:31: DefaultWorkQueue('Root')::WorkerFunc - thread 0x25a798 starting.
20:42:31: *** Initializing OIS ***
20:42:31: Added resource location './' of type 'FileSystem' to resource group 'General'
20:42:31: Added resource location './exported/' of type 'FileSystem' to resource group 'General'
20:42:31: Creating resource group Bootstrap
20:42:31: Added resource location './data/OgreCore.zip' of type 'Zip' to resource group 'Bootstrap'
20:42:31: Parsing scripts for resource group Autodetect
20:42:31: Finished parsing scripts for resource group Autodetect
20:42:31: Parsing scripts for resource group Bootstrap
20:42:31: Parsing script OgreCore.material
20:42:31: Parsing script OgreProfiler.material
20:42:31: Parsing script Ogre.fontdef
20:42:31: Parsing script OgreDebugPanel.overlay
20:42:32: Texture: New_Ogre_Border_Center.png: Loading 1 faces(PF_A8R8G8B8,256x128x1) with 8 generated mipmaps from Image. Internal format is PF_A8R8G8B8,256x128x1.
20:42:32: Texture: New_Ogre_Border.png: Loading 1 faces(PF_A8R8G8B8,256x256x1) with 8 generated mipmaps from Image. Internal format is PF_A8R8G8B8,256x256x1.
20:42:32: Texture: New_Ogre_Border_Break.png: Loading 1 faces(PF_A8R8G8B8,32x32x1) with 5 generated mipmaps from Image. Internal format is PF_A8R8G8B8,32x32x1.
20:42:32: Texture: ogretext.png: Loading 1 faces(PF_A8R8G8B8,256x128x1) with 8 generated mipmaps from Image. Internal format is PF_A8R8G8B8,256x128x1.
20:42:32: Parsing script OgreLoadingPanel.overlay
20:42:32: Finished parsing scripts for resource group Bootstrap
20:42:32: Parsing scripts for resource group General
20:42:32: Parsing script field.material
20:42:32: Parsing script weltall.material
20:42:32: Finished parsing scripts for resource group General
20:42:32: Parsing scripts for resource group Internal
20:42:32: Finished parsing scripts for resource group Internal
20:42:32: Exporting bones..
20:42:32: Bones exported.
20:42:32: Exporting animations, count=0
20:42:32: MeshSerializer writing mesh data to exported/field.mesh...
20:42:32: File header written.
20:42:32: Writing mesh data...
20:42:32: Writing submesh...
20:42:32: Exporting submesh texture aliases...
20:42:32: Submesh texture aliases exported.
20:42:32: Submesh exported.
20:42:32: Writing submesh...
20:42:32: Exporting submesh texture aliases...
20:42:32: Submesh texture aliases exported.
20:42:32: Submesh exported.
20:42:32: Writing submesh...
20:42:32: Exporting submesh texture aliases...
20:42:32: Submesh texture aliases exported.
20:42:32: Submesh exported.
20:42:32: Writing submesh...
20:42:32: Exporting submesh texture aliases...
20:42:32: Submesh texture aliases exported.
20:42:32: Submesh exported.
20:42:32: Exporting bounds information....
20:42:32: Bounds information exported.
20:42:32: Exporting submesh name table...
20:42:32: Submesh name table exported.
20:42:32: Mesh data exported.
20:42:32: MeshSerializer export successful.
20:42:33: MaterialSerializer : writing material field to queue.
20:42:33: MaterialSerializer : parsing texture layer.
20:42:33: MaterialSerializer : done.
20:42:33: MaterialSerializer : writing material(s) to material script : exported/field.material
20:42:33: MaterialSerializer : done.
20:42:33: Mesh: Loading field.mesh.
20:42:33: Texture: field.png: Loading 1 faces(PF_A8R8G8B8,4096x256x1) with 12 generated mipmaps from Image. Internal format is PF_A8R8G8B8,4096x256x1.
20:42:38: DefaultWorkQueue('Root') shutting down on thread 0x244470.
20:42:38: DefaultWorkQueue('Root')::WorkerFunc - thread 0x25a798 stopped.
20:42:38: DefaultWorkQueue('Root')::WorkerFunc - thread 0x24fec0 stopped.
20:42:38: *-*-* OGRE Shutdown
20:42:38: Unregistering ResourceManager for type Compositor
20:42:38: Unregistering ResourceManager for type Font
20:42:38: Unregistering ResourceManager for type Skeleton
20:42:38: Unregistering ResourceManager for type Mesh
20:42:38: Unregistering ResourceManager for type HighLevelGpuProgram
20:42:38: Uninstalling plugin: GL RenderSystem
20:42:38: Unregistering ResourceManager for type GpuProgram
20:42:38: *** Stopping Win32GL Subsystem ***
20:42:38: Unregistering ResourceManager for type Texture
20:42:38: Plugin successfully uninstalled
20:42:38: Unloading library .\RenderSystem_GL
20:42:38: Uninstalling plugin: D3D9 RenderSystem
20:42:38: D3D9 : Shutting down cleanly.
20:42:38: D3D9 : Direct3D9 Rendering Subsystem destroyed.
20:42:38: Plugin successfully uninstalled
20:42:38: Unloading library .\RenderSystem_Direct3D9
20:42:38: Unregistering ResourceManager for type Material
