00:24:56: Creating resource group General
00:24:56: Creating resource group Internal
00:24:56: Creating resource group Autodetect
00:24:56: SceneManagerFactory for type 'DefaultSceneManager' registered.
00:24:56: Registering ResourceManager for type Material
00:24:56: Registering ResourceManager for type Mesh
00:24:56: Registering ResourceManager for type Skeleton
00:24:56: MovableObjectFactory for type 'ParticleSystem' registered.
00:24:56: OverlayElementFactory for type Panel registered.
00:24:56: OverlayElementFactory for type BorderPanel registered.
00:24:56: OverlayElementFactory for type TextArea registered.
00:24:56: Registering ResourceManager for type Font
00:24:56: ArchiveFactory for archive type FileSystem registered.
00:24:56: ArchiveFactory for archive type Zip registered.
00:24:56: DDS codec registering
00:24:56: FreeImage version: 3.13.1
00:24:56: This program uses FreeImage, a free, open source image library supporting all common bitmap formats. See http://freeimage.sourceforge.net for details
00:24:56: Supported formats: bmp,ico,jpg,jif,jpeg,jpe,jng,koa,iff,lbm,mng,pbm,pbm,pcd,pcx,pgm,pgm,png,ppm,ppm,ras,tga,targa,tif,tiff,wap,wbmp,wbm,psd,cut,xbm,xpm,gif,hdr,g3,sgi,exr,j2k,j2c,jp2,pfm,pct,pict,pic,bay,bmq,cr2,crw,cs1,dc2,dcr,dng,erf,fff,hdr,k25,kdc,mdc,mos,mrw,nef,orf,pef,pxn,raf,raw,rdc,sr2,srf,arw,3fr,cine,ia,kc2,mef,nrw,qtk,rw2,sti,drf,dsc,ptx,cap,iiq,rwz
00:24:56: Registering ResourceManager for type HighLevelGpuProgram
00:24:56: Registering ResourceManager for type Compositor
00:24:56: MovableObjectFactory for type 'Entity' registered.
00:24:56: MovableObjectFactory for type 'Light' registered.
00:24:56: MovableObjectFactory for type 'BillboardSet' registered.
00:24:56: MovableObjectFactory for type 'ManualObject' registered.
00:24:56: MovableObjectFactory for type 'BillboardChain' registered.
00:24:56: MovableObjectFactory for type 'RibbonTrail' registered.
00:24:56: Loading library .\RenderSystem_Direct3D9
00:24:56: Installing plugin: D3D9 RenderSystem
00:24:56: D3D9 : Direct3D9 Rendering Subsystem created.
00:24:56: D3D9: Driver Detection Starts
00:24:56: D3D9: Driver Detection Ends
00:24:56: Plugin successfully installed
00:24:56: Loading library .\RenderSystem_GL
00:24:56: Installing plugin: GL RenderSystem
00:24:56: OpenGL Rendering Subsystem created.
00:24:57: Plugin successfully installed
00:24:57: *-*-* OGRE Initialising
00:24:57: *-*-* Version 1.7.0 (Cthugha)
00:24:57: D3D9 : RenderSystem Option: Allow NVPerfHUD = No
00:24:57: D3D9 : RenderSystem Option: FSAA = 0
00:24:57: D3D9 : RenderSystem Option: Floating-point mode = Fastest
00:24:57: D3D9 : RenderSystem Option: Full Screen = Yes
00:24:57: D3D9 : RenderSystem Option: Rendering Device = Monitor-1-NVIDIA GeForce 6600 LE
00:24:57: D3D9 : RenderSystem Option: Resource Creation Policy = Create on all devices
00:24:57: D3D9 : RenderSystem Option: VSync = No
00:24:57: D3D9 : RenderSystem Option: VSync Interval = 1
00:24:57: D3D9 : RenderSystem Option: Video Mode = 800 x 600 @ 32-bit colour
00:24:57: D3D9 : RenderSystem Option: sRGB Gamma Conversion = No
00:24:57: CPU Identifier & Features
00:24:57: -------------------------
00:24:57:  *   CPU ID: GenuineIntel: Intel(R) Celeron(R) CPU          420  @ 1.60GHz
00:24:57:  *      SSE: yes
00:24:57:  *     SSE2: yes
00:24:57:  *     SSE3: yes
00:24:57:  *      MMX: yes
00:24:57:  *   MMXEXT: yes
00:24:57:  *    3DNOW: no
00:24:57:  * 3DNOWEXT: no
00:24:57:  *     CMOV: yes
00:24:57:  *      TSC: yes
00:24:57:  *      FPU: yes
00:24:57:  *      PRO: yes
00:24:57:  *       HT: no
00:24:57: -------------------------
00:24:57: *** Starting Win32GL Subsystem ***
00:24:57: GLRenderSystem::_createRenderWindow "Sound Dumper", 640x480 windowed  miscParams: FSAA=0 FSAAHint= colourDepth=32 displayFrequency=0 gamma=false vsync=false vsyncInterval=1 
00:24:57: Created Win32Window 'Sound Dumper' : 648x514, 32bpp
00:24:57: GL_VERSION = 2.1.2
00:24:57: GL_VENDOR = NVIDIA Corporation
00:24:57: GL_RENDERER = GeForce 6600 LE/PCI/SSE2
00:24:57: GL_EXTENSIONS = GL_ARB_color_buffer_float GL_ARB_depth_texture GL_ARB_draw_buffers GL_ARB_fragment_program GL_ARB_fragment_program_shadow GL_ARB_fragment_shader GL_ARB_half_float_pixel GL_ARB_half_float_vertex GL_ARB_framebuffer_object GL_ARB_imaging GL_ARB_map_buffer_range GL_ARB_multisample GL_ARB_multitexture GL_ARB_occlusion_query GL_ARB_pixel_buffer_object GL_ARB_point_parameters GL_ARB_point_sprite GL_ARB_shadow GL_ARB_shader_objects GL_ARB_shading_language_100 GL_ARB_texture_border_clamp GL_ARB_texture_compression GL_ARB_texture_cube_map GL_ARB_texture_env_add GL_ARB_texture_env_combine GL_ARB_texture_env_dot3 GL_ARB_texture_float GL_ARB_texture_mirrored_repeat GL_ARB_texture_non_power_of_two GL_ARB_texture_rectangle GL_ARB_transpose_matrix GL_ARB_vertex_array_object GL_ARB_vertex_buffer_object GL_ARB_vertex_program GL_ARB_vertex_shader GL_ARB_window_pos GL_ATI_draw_buffers GL_ATI_texture_float GL_ATI_texture_mirror_once GL_S3_s3tc GL_EXT_texture_env_add GL_EXT_abgr GL_EXT_bgra GL_EXT_blend_color GL_EXT_blend_equation_separate GL_EXT_blend_func_separate GL_EXT_blend_minmax GL_EXT_blend_subtract GL_EXT_compiled_vertex_array GL_EXT_Cg_shader GL_EXT_depth_bounds_test GL_EXT_direct_state_access GL_EXT_draw_range_elements GL_EXT_fog_coord GL_EXT_framebuffer_blit GL_EXT_framebuffer_multisample GL_EXT_framebuffer_object GL_EXT_gpu_program_parameters GL_EXT_multi_draw_arrays GL_EXT_packed_depth_stencil GL_EXT_packed_pixels GL_EXT_pixel_buffer_object GL_EXT_point_parameters GL_EXT_rescale_normal GL_EXT_secondary_color GL_EXT_separate_specular_color GL_EXT_shadow_funcs GL_EXT_stencil_two_side GL_EXT_stencil_wrap GL_EXT_texture3D GL_EXT_texture_compression_s3tc GL_EXT_texture_cube_map GL_EXT_texture_edge_clamp GL_EXT_texture_env_combine GL_EXT_texture_env_dot3 GL_EXT_texture_filter_anisotropic GL_EXT_texture_lod GL_EXT_texture_lod_bias GL_EXT_texture_mirror_clamp GL_EXT_texture_object GL_EXT_texture_sRGB GL_EXT_texture_swizzle GL_EXT_timer_query GL_EXT_vertex_array GL_EXT_vertex_array_bgra GL_IBM_rasterpos_clip GL_IBM_texture_mirrored_repeat GL_KTX_buffer_region GL_NV_blend_square GL_NV_copy_depth_to_color GL_NV_depth_clamp GL_NV_fence GL_NV_float_buffer GL_NV_fog_distance GL_NV_fragment_program GL_NV_fragment_program_option GL_NV_fragment_program2 GL_NV_framebuffer_multisample_coverage GL_NV_half_float GL_NV_light_max_exponent GL_NV_multisample_filter_hint GL_NV_occlusion_query GL_NV_packed_depth_stencil GL_NV_pixel_data_range GL_NV_point_sprite GL_NV_primitive_restart GL_NV_register_combiners GL_NV_register_combiners2 GL_NV_texgen_reflection GL_NV_texture_compression_vtc GL_NV_texture_env_combine4 GL_NV_texture_expand_normal GL_NV_texture_rectangle GL_NV_texture_shader GL_NV_texture_shader2 GL_NV_texture_shader3 GL_NV_vertex_array_range GL_NV_vertex_array_range2 GL_NV_vertex_program GL_NV_vertex_program1_1 GL_NV_vertex_program2 GL_NV_vertex_program2_option GL_NV_vertex_program3 GL_NVX_conditional_render GL_SGIS_generate_mipmap GL_SGIS_texture_lod GL_SGIX_depth_texture GL_SGIX_shadow GL_SUN_slice_accum GL_WIN_swap_hint WGL_EXT_swap_control 
00:24:57: Supported WGL extensions: WGL_ARB_buffer_region WGL_ARB_extensions_string WGL_ARB_make_current_read WGL_ARB_multisample WGL_ARB_pbuffer WGL_ARB_pixel_format WGL_ARB_pixel_format_float WGL_ARB_render_texture WGL_ATI_pixel_format_float WGL_EXT_extensions_string WGL_EXT_swap_control WGL_NV_float_buffer WGL_NV_render_depth_texture WGL_NV_render_texture_rectangle 
00:24:57: ***************************
00:24:57: *** GL Renderer Started ***
00:24:57: ***************************
00:24:57: Registering ResourceManager for type GpuProgram
00:24:57: GLSL support detected
00:24:57: GL: Using GL_EXT_framebuffer_object for rendering to textures (best)
00:24:57: FBO PF_UNKNOWN depth/stencil support: D16S0 D24S0 D32S0 Packed-D24S8 
00:24:57: FBO PF_R5G6B5 depth/stencil support: D0S0 D16S0 D24S0 D32S0 Packed-D24S8 
00:24:57: FBO PF_B5G6R5 depth/stencil support: D0S0 D16S0 D24S0 D32S0 Packed-D24S8 
00:24:57: FBO PF_R8G8B8 depth/stencil support: D0S0 D16S0 D24S0 D32S0 Packed-D24S8 
00:24:57: FBO PF_B8G8R8 depth/stencil support: D0S0 D16S0 D24S0 D32S0 Packed-D24S8 
00:24:57: FBO PF_A8R8G8B8 depth/stencil support: D0S0 D16S0 D24S0 D32S0 Packed-D24S8 
00:24:57: FBO PF_B8G8R8A8 depth/stencil support: D0S0 D16S0 D24S0 D32S0 Packed-D24S8 
00:24:57: FBO PF_A2R10G10B10 depth/stencil support: D0S0 D16S0 D24S0 D32S0 Packed-D24S8 
00:24:57: FBO PF_A2B10G10R10 depth/stencil support: D0S0 D16S0 D24S0 D32S0 Packed-D24S8 
00:24:57: FBO PF_FLOAT16_RGB depth/stencil support: D0S0 D16S0 D24S0 D32S0 Packed-D24S8 
00:24:57: FBO PF_FLOAT16_RGBA depth/stencil support: D0S0 D16S0 
00:24:57: FBO PF_FLOAT32_RGB depth/stencil support: D0S0 D16S0 
00:24:57: FBO PF_FLOAT32_RGBA depth/stencil support: D0S0 D16S0 
00:24:57: FBO PF_X8R8G8B8 depth/stencil support: D0S0 D16S0 D24S0 D32S0 Packed-D24S8 
00:24:57: FBO PF_X8B8G8R8 depth/stencil support: D0S0 D16S0 D24S0 D32S0 Packed-D24S8 
00:24:58: FBO PF_SHORT_RGBA depth/stencil support: D0S0 D16S0 D24S0 D32S0 Packed-D24S8 
00:24:58: FBO PF_R3G3B2 depth/stencil support: D0S0 D16S0 D24S0 D32S0 Packed-D24S8 
00:24:58: FBO PF_SHORT_RGB depth/stencil support: D0S0 D16S0 D24S0 D32S0 Packed-D24S8 
00:24:58: [GL] : Valid FBO targets PF_UNKNOWN PF_R5G6B5 PF_B5G6R5 PF_R8G8B8 PF_B8G8R8 PF_A8R8G8B8 PF_B8G8R8A8 PF_A2R10G10B10 PF_A2B10G10R10 PF_FLOAT16_RGB PF_FLOAT16_RGBA PF_FLOAT32_RGB PF_FLOAT32_RGBA PF_X8R8G8B8 PF_X8B8G8R8 PF_SHORT_RGBA PF_R3G3B2 PF_SHORT_RGB 
00:24:58: RenderSystem capabilities
00:24:58: -------------------------
00:24:58: RenderSystem Name: OpenGL Rendering Subsystem
00:24:58: GPU Vendor: nvidia
00:24:58: Device Name: GeForce 6600 LE/PCI/SSE2
00:24:58: Driver Version: 2.1.2.0
00:24:58:  * Fixed function pipeline: yes
00:24:58:  * Hardware generation of mipmaps: yes
00:24:58:  * Texture blending: yes
00:24:58:  * Anisotropic texture filtering: yes
00:24:58:  * Dot product texture operation: yes
00:24:58:  * Cube mapping: yes
00:24:58:  * Hardware stencil buffer: yes
00:24:58:    - Stencil depth: 8
00:24:58:    - Two sided stencil support: yes
00:24:58:    - Wrap stencil values: yes
00:24:58:  * Hardware vertex / index buffers: yes
00:24:58:  * Vertex programs: yes
00:24:58:  * Number of floating-point constants for vertex programs: 256
00:24:58:  * Number of integer constants for vertex programs: 0
00:24:58:  * Number of boolean constants for vertex programs: 0
00:24:58:  * Fragment programs: yes
00:24:58:  * Number of floating-point constants for fragment programs: 512
00:24:58:  * Number of integer constants for fragment programs: 0
00:24:58:  * Number of boolean constants for fragment programs: 0
00:24:58:  * Geometry programs: no
00:24:58:  * Number of floating-point constants for geometry programs: 393
00:24:58:  * Number of integer constants for geometry programs: 7396
00:24:58:  * Number of boolean constants for geometry programs: 393
00:24:58:  * Supported Shader Profiles: arbfp1 arbvp1 fp20 fp30 fp40 glsl vp30 vp40
00:24:58:  * Texture Compression: yes
00:24:58:    - DXT: yes
00:24:58:    - VTC: yes
00:24:58:    - PVRTC: no
00:24:58:  * Scissor Rectangle: yes
00:24:58:  * Hardware Occlusion Query: yes
00:24:58:  * User clip planes: yes
00:24:58:  * VET_UBYTE4 vertex element type: yes
00:24:58:  * Infinite far plane projection: yes
00:24:58:  * Hardware render-to-texture: yes
00:24:58:  * Floating point textures: yes
00:24:58:  * Non-power-of-two textures: yes
00:24:58:  * Volume textures: yes
00:24:58:  * Multiple Render Targets: 4
00:24:58:    - With different bit depths: yes
00:24:58:  * Point Sprites: yes
00:24:58:  * Extended point parameters: yes
00:24:58:  * Max Point Size: 63.375
00:24:58:  * Vertex texture fetch: yes
00:24:58:  * Number of world matrices: 0
00:24:58:  * Number of texture units: 16
00:24:58:  * Stencil buffer depth: 8
00:24:58:  * Number of vertex blend matrices: 0
00:24:58:    - Max vertex textures: 4
00:24:58:    - Vertex textures shared: yes
00:24:58:  * Render to Vertex Buffer : no
00:24:58:  * GL 1.5 without VBO workaround: no
00:24:58:  * Frame Buffer objects: yes
00:24:58:  * Frame Buffer objects (ARB extension): no
00:24:58:  * Frame Buffer objects (ATI extension): no
00:24:58:  * PBuffer support: no
00:24:58:  * GL 1.5 without HW-occlusion workaround: no
00:24:58: Registering ResourceManager for type Texture
00:24:58: DefaultWorkQueue('Root') initialising on thread 0x245780.
00:24:58: Particle Renderer Type 'billboard' registered
00:24:58: DefaultWorkQueue('Root')::WorkerFunc - thread 0x244880 starting.
00:24:58: *** Initializing OIS ***
00:25:06: DefaultWorkQueue('Root') shutting down on thread 0x245780.
00:25:06: DefaultWorkQueue('Root')::WorkerFunc - thread 0x244880 stopped.
00:25:06: *-*-* OGRE Shutdown
00:25:06: Unregistering ResourceManager for type Compositor
00:25:06: Unregistering ResourceManager for type Font
00:25:06: Unregistering ResourceManager for type Skeleton
00:25:06: Unregistering ResourceManager for type Mesh
00:25:06: Unregistering ResourceManager for type HighLevelGpuProgram
00:25:06: Uninstalling plugin: GL RenderSystem
00:25:06: Unregistering ResourceManager for type GpuProgram
00:25:06: *** Stopping Win32GL Subsystem ***
00:25:06: Unregistering ResourceManager for type Texture
00:25:06: Plugin successfully uninstalled
00:25:06: Unloading library .\RenderSystem_GL
00:25:06: Uninstalling plugin: D3D9 RenderSystem
00:25:06: D3D9 : Shutting down cleanly.
00:25:06: D3D9 : Direct3D9 Rendering Subsystem destroyed.
00:25:06: Plugin successfully uninstalled
00:25:06: Unloading library .\RenderSystem_Direct3D9
00:25:06: Unregistering ResourceManager for type Material
