00:59:04: Creating resource group General
00:59:04: Creating resource group Internal
00:59:04: Creating resource group Autodetect
00:59:04: SceneManagerFactory for type 'DefaultSceneManager' registered.
00:59:04: Registering ResourceManager for type Material
00:59:04: Registering ResourceManager for type Mesh
00:59:04: Registering ResourceManager for type Skeleton
00:59:04: MovableObjectFactory for type 'ParticleSystem' registered.
00:59:04: OverlayElementFactory for type Panel registered.
00:59:04: OverlayElementFactory for type BorderPanel registered.
00:59:04: OverlayElementFactory for type TextArea registered.
00:59:04: Registering ResourceManager for type Font
00:59:04: ArchiveFactory for archive type FileSystem registered.
00:59:04: ArchiveFactory for archive type Zip registered.
00:59:04: FreeImage version: 3.9.3
00:59:04: This program uses FreeImage, a free, open source image library supporting all common bitmap formats. See http://freeimage.sourceforge.net for details
00:59:04: Supported formats: bmp,ico,jpg,jif,jpeg,jpe,jng,koa,iff,lbm,mng,pbm,pbm,pcd,pcx,pgm,pgm,png,ppm,ppm,ras,tga,targa,tif,tiff,wap,wbmp,wbm,psd,cut,xbm,xpm,gif,hdr,g3,sgi
00:59:04: DDS codec registering
00:59:04: Registering ResourceManager for type HighLevelGpuProgram
00:59:04: Registering ResourceManager for type Compositor
00:59:04: MovableObjectFactory for type 'Entity' registered.
00:59:04: MovableObjectFactory for type 'Light' registered.
00:59:04: MovableObjectFactory for type 'BillboardSet' registered.
00:59:04: MovableObjectFactory for type 'ManualObject' registered.
00:59:04: MovableObjectFactory for type 'BillboardChain' registered.
00:59:04: MovableObjectFactory for type 'RibbonTrail' registered.
00:59:04: Loading library .\RenderSystem_Direct3D9
00:59:04: Installing plugin: D3D9 RenderSystem
00:59:04: D3D9 : Direct3D9 Rendering Subsystem created.
00:59:04: D3D9: Driver Detection Starts
00:59:04: D3D9: Driver Detection Ends
00:59:04: Plugin successfully installed
00:59:04: Loading library .\RenderSystem_GL
00:59:05: Installing plugin: GL RenderSystem
00:59:05: OpenGL Rendering Subsystem created.
00:59:05: Plugin successfully installed
00:59:05: *-*-* OGRE Initialising
00:59:05: *-*-* Version 1.6.1 (Shoggoth)
00:59:05: D3D9 : RenderSystem Option: Allow NVPerfHUD = No
00:59:05: D3D9 : RenderSystem Option: Anti aliasing = None
00:59:05: D3D9 : RenderSystem Option: Floating-point mode = Fastest
00:59:05: D3D9 : RenderSystem Option: Full Screen = Yes
00:59:05: D3D9 : RenderSystem Option: Rendering Device = NVIDIA GeForce 6600 LE
00:59:05: D3D9 : RenderSystem Option: VSync = No
00:59:05: D3D9 : RenderSystem Option: Video Mode = 800 x 600 @ 32-bit colour
00:59:05: D3D9 : RenderSystem Option: sRGB Gamma Conversion = No
00:59:05: CPU Identifier & Features
00:59:05: -------------------------
00:59:05:  *   CPU ID: GenuineIntel: Intel(R) Celeron(R) CPU          420  @ 1.60GHz
00:59:05:  *      SSE: yes
00:59:05:  *     SSE2: yes
00:59:05:  *     SSE3: yes
00:59:05:  *      MMX: yes
00:59:05:  *   MMXEXT: yes
00:59:05:  *    3DNOW: no
00:59:05:  * 3DNOWEXT: no
00:59:05:  *     CMOV: yes
00:59:05:  *      TSC: yes
00:59:05:  *      FPU: yes
00:59:05:  *      PRO: yes
00:59:05:  *       HT: no
00:59:05: -------------------------
00:59:05: *** Starting Win32GL Subsystem ***
00:59:05: GLRenderSystem::_createRenderWindow "FFVII Model Exporter 0.00 alpha3", 800x600 windowed  miscParams: FSAA=0 colourDepth=32 displayFrequency=0 gamma=false vsync=false 
00:59:05: Created Win32Window 'FFVII Model Exporter 0.00 alpha3' : 800x600, 32bpp
00:59:05: GL_VERSION = 2.1.2
00:59:05: GL_VENDOR = NVIDIA Corporation
00:59:05: GL_RENDERER = GeForce 6600 LE/PCI/SSE2
00:59:05: GL_EXTENSIONS = GL_ARB_color_buffer_float GL_ARB_depth_texture GL_ARB_draw_buffers GL_ARB_fragment_program GL_ARB_fragment_program_shadow GL_ARB_fragment_shader GL_ARB_half_float_pixel GL_ARB_half_float_vertex GL_ARB_framebuffer_object GL_ARB_imaging GL_ARB_map_buffer_range GL_ARB_multisample GL_ARB_multitexture GL_ARB_occlusion_query GL_ARB_pixel_buffer_object GL_ARB_point_parameters GL_ARB_point_sprite GL_ARB_shadow GL_ARB_shader_objects GL_ARB_shading_language_100 GL_ARB_texture_border_clamp GL_ARB_texture_compression GL_ARB_texture_cube_map GL_ARB_texture_env_add GL_ARB_texture_env_combine GL_ARB_texture_env_dot3 GL_ARB_texture_float GL_ARB_texture_mirrored_repeat GL_ARB_texture_non_power_of_two GL_ARB_texture_rectangle GL_ARB_transpose_matrix GL_ARB_vertex_array_object GL_ARB_vertex_buffer_object GL_ARB_vertex_program GL_ARB_vertex_shader GL_ARB_window_pos GL_ATI_draw_buffers GL_ATI_texture_float GL_ATI_texture_mirror_once GL_S3_s3tc GL_EXT_texture_env_add GL_EXT_abgr GL_EXT_bgra GL_EXT_blend_color GL_EXT_blend_equation_separate GL_EXT_blend_func_separate GL_EXT_blend_minmax GL_EXT_blend_subtract GL_EXT_compiled_vertex_array GL_EXT_Cg_shader GL_EXT_depth_bounds_test GL_EXT_direct_state_access GL_EXT_draw_range_elements GL_EXT_fog_coord GL_EXT_framebuffer_blit GL_EXT_framebuffer_multisample GL_EXT_framebuffer_object GL_EXT_gpu_program_parameters GL_EXT_multi_draw_arrays GL_EXT_packed_depth_stencil GL_EXT_packed_pixels GL_EXT_pixel_buffer_object GL_EXT_point_parameters GL_EXT_rescale_normal GL_EXT_secondary_color GL_EXT_separate_specular_color GL_EXT_shadow_funcs GL_EXT_stencil_two_side GL_EXT_stencil_wrap GL_EXT_texture3D GL_EXT_texture_compression_s3tc GL_EXT_texture_cube_map GL_EXT_texture_edge_clamp GL_EXT_texture_env_combine GL_EXT_texture_env_dot3 GL_EXT_texture_filter_anisotropic GL_EXT_texture_lod GL_EXT_texture_lod_bias GL_EXT_texture_mirror_clamp GL_EXT_texture_object GL_EXT_texture_sRGB GL_EXT_texture_swizzle GL_EXT_timer_query GL_EXT_vertex_array GL_EXT_vertex_array_bgra GL_IBM_rasterpos_clip GL_IBM_texture_mirrored_repeat GL_KTX_buffer_region GL_NV_blend_square GL_NV_copy_depth_to_color GL_NV_depth_clamp GL_NV_fence GL_NV_float_buffer GL_NV_fog_distance GL_NV_fragment_program GL_NV_fragment_program_option GL_NV_fragment_program2 GL_NV_framebuffer_multisample_coverage GL_NV_half_float GL_NV_light_max_exponent GL_NV_multisample_filter_hint GL_NV_occlusion_query GL_NV_packed_depth_stencil GL_NV_pixel_data_range GL_NV_point_sprite GL_NV_primitive_restart GL_NV_register_combiners GL_NV_register_combiners2 GL_NV_texgen_reflection GL_NV_texture_compression_vtc GL_NV_texture_env_combine4 GL_NV_texture_expand_normal GL_NV_texture_rectangle GL_NV_texture_shader GL_NV_texture_shader2 GL_NV_texture_shader3 GL_NV_vertex_array_range GL_NV_vertex_array_range2 GL_NV_vertex_program GL_NV_vertex_program1_1 GL_NV_vertex_program2 GL_NV_vertex_program2_option GL_NV_vertex_program3 GL_NVX_conditional_render GL_SGIS_generate_mipmap GL_SGIS_texture_lod GL_SGIX_depth_texture GL_SGIX_shadow GL_SUN_slice_accum GL_WIN_swap_hint WGL_EXT_swap_control 
00:59:05: Supported WGL extensions: WGL_ARB_buffer_region WGL_ARB_extensions_string WGL_ARB_make_current_read WGL_ARB_multisample WGL_ARB_pbuffer WGL_ARB_pixel_format WGL_ARB_pixel_format_float WGL_ARB_render_texture WGL_ATI_pixel_format_float WGL_EXT_extensions_string WGL_EXT_swap_control WGL_NV_float_buffer WGL_NV_render_depth_texture WGL_NV_render_texture_rectangle 
00:59:05: ***************************
00:59:05: *** GL Renderer Started ***
00:59:05: ***************************
00:59:05: Registering ResourceManager for type GpuProgram
00:59:05: GLSL support detected
00:59:05: GL: Using GL_EXT_framebuffer_object for rendering to textures (best)
00:59:05: FBO PF_UNKNOWN depth/stencil support: D16S0 D24S0 D32S0 Packed-D24S8 
00:59:05: FBO PF_R5G6B5 depth/stencil support: D0S0 D16S0 D24S0 D32S0 Packed-D24S8 
00:59:05: FBO PF_B5G6R5 depth/stencil support: D0S0 D16S0 D24S0 D32S0 Packed-D24S8 
00:59:05: FBO PF_R8G8B8 depth/stencil support: D0S0 D16S0 D24S0 D32S0 Packed-D24S8 
00:59:05: FBO PF_B8G8R8 depth/stencil support: D0S0 D16S0 D24S0 D32S0 Packed-D24S8 
00:59:05: FBO PF_A8R8G8B8 depth/stencil support: D0S0 D16S0 D24S0 D32S0 Packed-D24S8 
00:59:05: FBO PF_B8G8R8A8 depth/stencil support: D0S0 D16S0 D24S0 D32S0 Packed-D24S8 
00:59:05: FBO PF_A2R10G10B10 depth/stencil support: D0S0 D16S0 D24S0 D32S0 Packed-D24S8 
00:59:06: FBO PF_A2B10G10R10 depth/stencil support: D0S0 D16S0 D24S0 D32S0 Packed-D24S8 
00:59:06: FBO PF_FLOAT16_RGB depth/stencil support: D0S0 D16S0 D24S0 D32S0 Packed-D24S8 
00:59:06: FBO PF_FLOAT16_RGBA depth/stencil support: D0S0 D16S0 
00:59:06: FBO PF_FLOAT32_RGB depth/stencil support: D0S0 D16S0 
00:59:06: FBO PF_FLOAT32_RGBA depth/stencil support: D0S0 D16S0 
00:59:06: FBO PF_X8R8G8B8 depth/stencil support: D0S0 D16S0 D24S0 D32S0 Packed-D24S8 
00:59:06: FBO PF_X8B8G8R8 depth/stencil support: D0S0 D16S0 D24S0 D32S0 Packed-D24S8 
00:59:06: FBO PF_SHORT_RGBA depth/stencil support: D0S0 D16S0 D24S0 D32S0 Packed-D24S8 
00:59:06: FBO PF_R3G3B2 depth/stencil support: D0S0 D16S0 D24S0 D32S0 Packed-D24S8 
00:59:06: FBO PF_SHORT_RGB depth/stencil support: D0S0 D16S0 D24S0 D32S0 Packed-D24S8 
00:59:06: [GL] : Valid FBO targets PF_UNKNOWN PF_R5G6B5 PF_B5G6R5 PF_R8G8B8 PF_B8G8R8 PF_A8R8G8B8 PF_B8G8R8A8 PF_A2R10G10B10 PF_A2B10G10R10 PF_FLOAT16_RGB PF_FLOAT16_RGBA PF_FLOAT32_RGB PF_FLOAT32_RGBA PF_X8R8G8B8 PF_X8B8G8R8 PF_SHORT_RGBA PF_R3G3B2 PF_SHORT_RGB 
00:59:06: RenderSystem capabilities
00:59:06: -------------------------
00:59:06: RenderSystem Name: OpenGL Rendering Subsystem
00:59:06: GPU Vendor: nvidia
00:59:06: Device Name: GeForce 6600 LE/PCI/SSE2
00:59:06: Driver Version: 2.1.2.0
00:59:06:  * Fixed function pipeline: yes
00:59:06:  * Hardware generation of mipmaps: yes
00:59:06:  * Texture blending: yes
00:59:06:  * Anisotropic texture filtering: yes
00:59:06:  * Dot product texture operation: yes
00:59:06:  * Cube mapping: yes
00:59:06:  * Hardware stencil buffer: yes
00:59:06:    - Stencil depth: 8
00:59:06:    - Two sided stencil support: yes
00:59:06:    - Wrap stencil values: yes
00:59:06:  * Hardware vertex / index buffers: yes
00:59:06:  * Vertex programs: yes
00:59:06:  * Fragment programs: yes
00:59:06:  * Geometry programs: no
00:59:06:  * Supported Shader Profiles: arbfp1 arbvp1 fp20 fp30 fp40 glsl vp30 vp40
00:59:06:  * Texture Compression: yes
00:59:06:    - DXT: yes
00:59:06:    - VTC: yes
00:59:06:  * Scissor Rectangle: yes
00:59:06:  * Hardware Occlusion Query: yes
00:59:06:  * User clip planes: yes
00:59:06:  * VET_UBYTE4 vertex element type: yes
00:59:06:  * Infinite far plane projection: yes
00:59:06:  * Hardware render-to-texture: yes
00:59:06:  * Floating point textures: yes
00:59:06:  * Non-power-of-two textures: yes
00:59:06:  * Volume textures: yes
00:59:06:  * Multiple Render Targets: 4
00:59:06:    - With different bit depths: yes
00:59:06:  * Point Sprites: yes
00:59:06:  * Extended point parameters: yes
00:59:06:  * Max Point Size: 63.375
00:59:06:  * Vertex texture fetch: yes
00:59:06:    - Max vertex textures: 4
00:59:06:    - Vertex textures shared: yes
00:59:06:  * Render to Vertex Buffer : no
00:59:06:  * GL 1.5 without VBO workaround: no
00:59:06:  * Frame Buffer objects: yes
00:59:06:  * Frame Buffer objects (ARB extension): no
00:59:06:  * Frame Buffer objects (ATI extension): no
00:59:06:  * PBuffer suppport: no
00:59:06:  * GL 1.5 without HW-occlusion workaround: no
00:59:06: Registering ResourceManager for type Texture
00:59:06: ResourceBackgroundQueue - threading disabled
00:59:06: Particle Renderer Type 'billboard' registered
00:59:06: *** Initializing OIS ***
00:59:06: Added resource location './' of type 'FileSystem' to resource group 'General'
00:59:06: Added resource location './exported' of type 'FileSystem' to resource group 'General'
00:59:06: Creating resource group Bootstrap
00:59:06: Added resource location './data/OgreCore.zip' of type 'Zip' to resource group 'Bootstrap'
00:59:06: Parsing scripts for resource group Autodetect
00:59:06: Finished parsing scripts for resource group Autodetect
00:59:06: Parsing scripts for resource group Bootstrap
00:59:06: Parsing script OgreCore.material
00:59:06: Parsing script OgreProfiler.material
00:59:06: Parsing script Ogre.fontdef
00:59:06: Parsing script OgreDebugPanel.overlay
00:59:06: Texture: New_Ogre_Border_Center.png: Loading 1 faces(PF_A8R8G8B8,256x128x1) with 8 generated mipmaps from Image. Internal format is PF_A8R8G8B8,256x128x1.
00:59:06: Texture: New_Ogre_Border.png: Loading 1 faces(PF_A8R8G8B8,256x256x1) with 8 generated mipmaps from Image. Internal format is PF_A8R8G8B8,256x256x1.
00:59:06: Texture: New_Ogre_Border_Break.png: Loading 1 faces(PF_A8R8G8B8,32x32x1) with 5 generated mipmaps from Image. Internal format is PF_A8R8G8B8,32x32x1.
00:59:06: Font BlueHighwayusing texture size 512x512
00:59:06: Info: Freetype returned null for character 127 in font BlueHighway
00:59:06: Info: Freetype returned null for character 128 in font BlueHighway
00:59:06: Info: Freetype returned null for character 129 in font BlueHighway
00:59:06: Info: Freetype returned null for character 130 in font BlueHighway
00:59:06: Info: Freetype returned null for character 131 in font BlueHighway
00:59:06: Info: Freetype returned null for character 132 in font BlueHighway
00:59:06: Info: Freetype returned null for character 133 in font BlueHighway
00:59:06: Info: Freetype returned null for character 134 in font BlueHighway
00:59:06: Info: Freetype returned null for character 135 in font BlueHighway
00:59:06: Info: Freetype returned null for character 136 in font BlueHighway
00:59:06: Info: Freetype returned null for character 137 in font BlueHighway
00:59:06: Info: Freetype returned null for character 138 in font BlueHighway
00:59:06: Info: Freetype returned null for character 139 in font BlueHighway
00:59:06: Info: Freetype returned null for character 140 in font BlueHighway
00:59:06: Info: Freetype returned null for character 141 in font BlueHighway
00:59:06: Info: Freetype returned null for character 142 in font BlueHighway
00:59:06: Info: Freetype returned null for character 143 in font BlueHighway
00:59:06: Info: Freetype returned null for character 144 in font BlueHighway
00:59:06: Info: Freetype returned null for character 145 in font BlueHighway
00:59:06: Info: Freetype returned null for character 146 in font BlueHighway
00:59:06: Info: Freetype returned null for character 147 in font BlueHighway
00:59:06: Info: Freetype returned null for character 148 in font BlueHighway
00:59:06: Info: Freetype returned null for character 149 in font BlueHighway
00:59:06: Info: Freetype returned null for character 150 in font BlueHighway
00:59:06: Info: Freetype returned null for character 151 in font BlueHighway
00:59:06: Info: Freetype returned null for character 152 in font BlueHighway
00:59:06: Info: Freetype returned null for character 153 in font BlueHighway
00:59:06: Info: Freetype returned null for character 154 in font BlueHighway
00:59:06: Info: Freetype returned null for character 155 in font BlueHighway
00:59:06: Info: Freetype returned null for character 156 in font BlueHighway
00:59:06: Info: Freetype returned null for character 157 in font BlueHighway
00:59:06: Info: Freetype returned null for character 158 in font BlueHighway
00:59:06: Info: Freetype returned null for character 159 in font BlueHighway
00:59:06: Info: Freetype returned null for character 160 in font BlueHighway
00:59:06: Texture: BlueHighwayTexture: Loading 1 faces(PF_BYTE_LA,512x512x1) with 0 generated mipmaps from Image. Internal format is PF_BYTE_LA,512x512x1.
00:59:06: Texture: ogretext.png: Loading 1 faces(PF_A8R8G8B8,256x128x1) with 8 generated mipmaps from Image. Internal format is PF_A8R8G8B8,256x128x1.
00:59:06: Parsing script OgreLoadingPanel.overlay
00:59:06: Finished parsing scripts for resource group Bootstrap
00:59:06: Parsing scripts for resource group General
00:59:06: Parsing script zidane.material
00:59:06: Finished parsing scripts for resource group General
00:59:06: Parsing scripts for resource group Internal
00:59:06: Finished parsing scripts for resource group Internal
00:59:06: Exporting bones..
00:59:06: Bones exported.
00:59:06: Exporting animations, count=1
00:59:06: Exporting animation: idle
00:59:06: Animation exported.
00:59:06: Skeleton: Loading zidane.skeleton
00:59:06: MeshSerializer writing mesh data to exported/zidane.mesh...
00:59:06: File header written.
00:59:06: Writing mesh data...
00:59:06: Writing submesh...
00:59:06: Exporting submesh texture aliases...
00:59:06: Submesh texture aliases exported.
00:59:06: Exporting dedicated geometry bone assignments...
00:59:06: Dedicated geometry bone assignments exported.
00:59:06: Submesh exported.
00:59:06: Exporting skeleton link...
00:59:06: Skeleton link exported.
00:59:06: Exporting bounds information....
00:59:06: Bounds information exported.
00:59:06: Exporting submesh name table...
00:59:06: Submesh name table exported.
00:59:06: Mesh data exported.
00:59:06: MeshSerializer export successful.
00:59:06: Mesh: Loading zidane.mesh.
00:59:20: *-*-* OGRE Shutdown
00:59:20: Unregistering ResourceManager for type Compositor
00:59:20: Unregistering ResourceManager for type Font
00:59:20: Unregistering ResourceManager for type Skeleton
00:59:20: Unregistering ResourceManager for type Mesh
00:59:20: Unregistering ResourceManager for type HighLevelGpuProgram
00:59:20: Uninstalling plugin: GL RenderSystem
00:59:20: Unregistering ResourceManager for type GpuProgram
00:59:20: *** Stopping Win32GL Subsystem ***
00:59:20: Unregistering ResourceManager for type Texture
00:59:20: Plugin successfully uninstalled
00:59:20: Unloading library .\RenderSystem_GL
00:59:20: Uninstalling plugin: D3D9 RenderSystem
00:59:20: D3D9 : Shutting down cleanly.
00:59:20: D3D9 : Direct3D9 Rendering Subsystem destroyed.
00:59:20: Plugin successfully uninstalled
00:59:20: Unloading library .\RenderSystem_Direct3D9
00:59:20: Unregistering ResourceManager for type Material
