01:31:56: Creating resource group General
01:31:56: Creating resource group Internal
01:31:56: Creating resource group Autodetect
01:31:56: SceneManagerFactory for type 'DefaultSceneManager' registered.
01:31:56: Registering ResourceManager for type Material
01:31:56: Registering ResourceManager for type Mesh
01:31:56: Registering ResourceManager for type Skeleton
01:31:56: MovableObjectFactory for type 'ParticleSystem' registered.
01:31:56: OverlayElementFactory for type Panel registered.
01:31:56: OverlayElementFactory for type BorderPanel registered.
01:31:56: OverlayElementFactory for type TextArea registered.
01:31:56: Registering ResourceManager for type Font
01:31:56: ArchiveFactory for archive type FileSystem registered.
01:31:56: ArchiveFactory for archive type Zip registered.
01:31:56: FreeImage version: 3.9.3
01:31:56: This program uses FreeImage, a free, open source image library supporting all common bitmap formats. See http://freeimage.sourceforge.net for details
01:31:56: Supported formats: bmp,ico,jpg,jif,jpeg,jpe,jng,koa,iff,lbm,mng,pbm,pbm,pcd,pcx,pgm,pgm,png,ppm,ppm,ras,tga,targa,tif,tiff,wap,wbmp,wbm,psd,cut,xbm,xpm,gif,hdr,g3,sgi
01:31:56: DDS codec registering
01:31:56: Registering ResourceManager for type HighLevelGpuProgram
01:31:56: Registering ResourceManager for type Compositor
01:31:56: MovableObjectFactory for type 'Entity' registered.
01:31:56: MovableObjectFactory for type 'Light' registered.
01:31:56: MovableObjectFactory for type 'BillboardSet' registered.
01:31:56: MovableObjectFactory for type 'ManualObject' registered.
01:31:56: MovableObjectFactory for type 'BillboardChain' registered.
01:31:56: MovableObjectFactory for type 'RibbonTrail' registered.
01:31:56: Loading library .\RenderSystem_Direct3D9
01:31:56: Installing plugin: D3D9 RenderSystem
01:31:56: D3D9 : Direct3D9 Rendering Subsystem created.
01:31:57: D3D9: Driver Detection Starts
01:31:57: D3D9: Driver Detection Ends
01:31:57: Plugin successfully installed
01:31:57: Loading library .\RenderSystem_GL
01:31:57: Installing plugin: GL RenderSystem
01:31:57: OpenGL Rendering Subsystem created.
01:32:00: Plugin successfully installed
01:32:00: *-*-* OGRE Initialising
01:32:00: *-*-* Version 1.4.7 (Eihort)
01:32:00: D3D9 : RenderSystem Option: Allow NVPerfHUD = No
01:32:00: D3D9 : RenderSystem Option: Anti aliasing = None
01:32:00: D3D9 : RenderSystem Option: Floating-point mode = Fastest
01:32:00: D3D9 : RenderSystem Option: Full Screen = Yes
01:32:00: D3D9 : RenderSystem Option: Rendering Device = NVIDIA GeForce3 Ti 500
01:32:00: D3D9 : RenderSystem Option: VSync = No
01:32:00: D3D9 : RenderSystem Option: Video Mode = 800 x 600 @ 32-bit colour
01:32:00: CPU Identifier & Features
01:32:00: -------------------------
01:32:00:  *   CPU ID: GenuineIntel: Intel(R) Pentium(R) 4 CPU 1.80GHz
01:32:00:  *      SSE: yes
01:32:00:  *     SSE2: yes
01:32:00:  *     SSE3: no
01:32:00:  *      MMX: yes
01:32:00:  *   MMXEXT: yes
01:32:00:  *    3DNOW: no
01:32:00:  * 3DNOWEXT: no
01:32:00:  *     CMOV: yes
01:32:00:  *      TSC: yes
01:32:00:  *      FPU: yes
01:32:00:  *      PRO: no
01:32:00:  *       HT: yes
01:32:00: -------------------------
01:32:00: *** Starting Win32GL Subsystem ***
01:32:00: GLRenderSystem::createRenderWindow "FFVII Model Exporter 0.00 alpha3", 640x480 windowed  miscParams: FSAA=0 colourDepth=32 displayFrequency=0 vsync=false 
01:32:00: Created Win32Window 'FFVII Model Exporter 0.00 alpha3' : 640x480, 32bpp
01:32:00: GL_VERSION = 1.5.7
01:32:00: GL_VENDOR = NVIDIA Corporation
01:32:00: GL_RENDERER = GeForce3/AGP/SSE2
01:32:00: GL_EXTENSIONS = GL_ARB_depth_texture GL_ARB_imaging GL_ARB_multisample GL_ARB_multitexture GL_ARB_occlusion_query GL_ARB_pixel_buffer_object GL_ARB_point_parameters GL_ARB_point_sprite GL_ARB_shadow GL_ARB_shader_objects GL_ARB_shading_language_100 GL_ARB_texture_border_clamp GL_ARB_texture_compression GL_ARB_texture_cube_map GL_ARB_texture_env_add GL_ARB_texture_env_combine GL_ARB_texture_env_dot3 GL_ARB_texture_mirrored_repeat GL_ARB_texture_rectangle GL_ARB_transpose_matrix GL_ARB_vertex_buffer_object GL_ARB_vertex_program GL_ARB_vertex_shader GL_ARB_window_pos GL_S3_s3tc GL_EXT_texture_env_add GL_EXT_abgr GL_EXT_bgra GL_EXT_blend_color GL_EXT_blend_minmax GL_EXT_blend_subtract GL_EXT_compiled_vertex_array GL_EXT_Cg_shader GL_EXT_draw_range_elements GL_EXT_fog_coord GL_EXT_multi_draw_arrays GL_EXT_packed_pixels GL_EXT_paletted_texture GL_EXT_pixel_buffer_object GL_EXT_point_parameters GL_EXT_rescale_normal GL_EXT_secondary_color GL_EXT_separate_specular_color GL_EXT_shadow_funcs GL_EXT_shared_texture_palette GL_EXT_stencil_wrap GL_EXT_texture3D GL_EXT_texture_compression_s3tc GL_EXT_texture_cube_map GL_EXT_texture_edge_clamp GL_EXT_texture_env_combine GL_EXT_texture_env_dot3 GL_EXT_texture_filter_anisotropic GL_EXT_texture_lod GL_EXT_texture_lod_bias GL_EXT_texture_object GL_EXT_timer_query GL_EXT_vertex_array GL_IBM_rasterpos_clip GL_IBM_texture_mirrored_repeat GL_KTX_buffer_region GL_NV_blend_square GL_NV_copy_depth_to_color GL_NV_depth_clamp GL_NV_fence GL_NV_fog_distance GL_NV_light_max_exponent GL_NV_multisample_filter_hint GL_NV_occlusion_query GL_NV_packed_depth_stencil GL_NV_pixel_data_range GL_NV_point_sprite GL_NV_register_combiners GL_NV_register_combiners2 GL_NV_texgen_reflection GL_NV_texture_compression_vtc GL_NV_texture_env_combine4 GL_NV_texture_rectangle GL_NV_texture_shader GL_NV_texture_shader2 GL_NV_vertex_array_range GL_NV_vertex_array_range2 GL_NV_vertex_program GL_NV_vertex_program1_1 GL_SGIS_generate_mipmap GL_SGIS_multitexture GL_SGIS_texture_lod GL_SGIX_depth_texture GL_SGIX_shadow GL_SUN_slice_accum GL_WIN_swap_hint WGL_EXT_swap_control 
01:32:00: Supported WGL extensions: WGL_ARB_buffer_region WGL_ARB_extensions_string WGL_ARB_make_current_read WGL_ARB_multisample WGL_ARB_pbuffer WGL_ARB_pixel_format WGL_ARB_render_texture WGL_EXT_extensions_string WGL_EXT_swap_control WGL_NV_render_depth_texture WGL_NV_render_texture_rectangle 
01:32:00: ***************************
01:32:00: *** GL Renderer Started ***
01:32:00: ***************************
01:32:00: Registering ResourceManager for type GpuProgram
01:32:00: GL: Using PBuffers for rendering to textures
01:32:00: RenderSystem capabilities
01:32:00: -------------------------
01:32:00:  * Hardware generation of mipmaps: yes
01:32:00:  * Texture blending: yes
01:32:00:  * Anisotropic texture filtering: yes
01:32:00:  * Dot product texture operation: yes
01:32:00:  * Cube mapping: yes
01:32:00:  * Hardware stencil buffer: yes
01:32:00:    - Stencil depth: 8
01:32:00:    - Two sided stencil support: no
01:32:00:    - Wrap stencil values: yes
01:32:00:  * Hardware vertex / index buffers: yes
01:32:00:  * Vertex programs: yes
01:32:00:    - Max vertex program version: arbvp1
01:32:00:  * Fragment programs: yes
01:32:00:    - Max fragment program version: fp20
01:32:00:  * Texture Compression: yes
01:32:00:    - DXT: yes
01:32:00:    - VTC: yes
01:32:00:  * Scissor Rectangle: yes
01:32:00:  * Hardware Occlusion Query: yes
01:32:00:  * User clip planes: yes
01:32:00:  * VET_UBYTE4 vertex element type: yes
01:32:00:  * Infinite far plane projection: yes
01:32:00:  * Hardware render-to-texture: yes
01:32:00:  * Floating point textures: no
01:32:00:  * Non-power-of-two textures: no
01:32:00:  * Volume textures: yes
01:32:00:  * Multiple Render Targets: 1
01:32:00:  * Point Sprites: yes
01:32:00:  * Extended point parameters: yes
01:32:00:  * Max Point Size: 63.375
01:32:00:  * Vertex texture fetch: no
01:32:00: Registering ResourceManager for type Texture
01:32:00: ResourceBackgroundQueue - threading disabled
01:32:00: Particle Renderer Type 'billboard' registered
01:32:00: *** Initializing OIS ***
01:32:01: Creating viewport on target 'FFVII Model Exporter 0.00 alpha3', rendering from camera 'Camera', relative dimensions L: 0.00 T: 0.00 W: 1.00 H: 1.00 ZOrder: 0
01:32:01: Added resource location './data/' of type 'FileSystem' to resource group 'General'
01:32:01: Creating resource group Bootstrap
01:32:01: Added resource location './data/OgreCore.zip' of type 'Zip' to resource group 'Bootstrap'
01:32:01: Parsing scripts for resource group Autodetect
01:32:01: Finished parsing scripts for resource group Autodetect
01:32:01: Parsing scripts for resource group Bootstrap
01:32:01: Parsing script OgreCore.material
01:32:01: Parsing script OgreProfiler.material
01:32:01: Parsing script Ogre.fontdef
01:32:01: Parsing script OgreDebugPanel.overlay
01:32:01: Texture: New_Ogre_Border_Center.png: Loading 1 faces(PF_A8R8G8B8,256x128x1) with 8 hardware generated mipmaps from Image. Internal format is PF_A8R8G8B8,256x128x1.
01:32:01: Texture: New_Ogre_Border.png: Loading 1 faces(PF_A8R8G8B8,256x256x1) with 8 hardware generated mipmaps from Image. Internal format is PF_A8R8G8B8,256x256x1.
01:32:01: Texture: New_Ogre_Border_Break.png: Loading 1 faces(PF_A8R8G8B8,32x32x1) with 5 hardware generated mipmaps from Image. Internal format is PF_A8R8G8B8,32x32x1.
01:32:01: Font BlueHighwayusing texture size 512x512
01:32:01: Info: Freetype returned null for character 127 in font BlueHighway
01:32:01: Info: Freetype returned null for character 128 in font BlueHighway
01:32:01: Info: Freetype returned null for character 129 in font BlueHighway
01:32:01: Info: Freetype returned null for character 130 in font BlueHighway
01:32:01: Info: Freetype returned null for character 131 in font BlueHighway
01:32:01: Info: Freetype returned null for character 132 in font BlueHighway
01:32:01: Info: Freetype returned null for character 133 in font BlueHighway
01:32:01: Info: Freetype returned null for character 134 in font BlueHighway
01:32:01: Info: Freetype returned null for character 135 in font BlueHighway
01:32:01: Info: Freetype returned null for character 136 in font BlueHighway
01:32:01: Info: Freetype returned null for character 137 in font BlueHighway
01:32:01: Info: Freetype returned null for character 138 in font BlueHighway
01:32:01: Info: Freetype returned null for character 139 in font BlueHighway
01:32:01: Info: Freetype returned null for character 140 in font BlueHighway
01:32:01: Info: Freetype returned null for character 141 in font BlueHighway
01:32:01: Info: Freetype returned null for character 142 in font BlueHighway
01:32:01: Info: Freetype returned null for character 143 in font BlueHighway
01:32:01: Info: Freetype returned null for character 144 in font BlueHighway
01:32:01: Info: Freetype returned null for character 145 in font BlueHighway
01:32:01: Info: Freetype returned null for character 146 in font BlueHighway
01:32:01: Info: Freetype returned null for character 147 in font BlueHighway
01:32:01: Info: Freetype returned null for character 148 in font BlueHighway
01:32:01: Info: Freetype returned null for character 149 in font BlueHighway
01:32:01: Info: Freetype returned null for character 150 in font BlueHighway
01:32:01: Info: Freetype returned null for character 151 in font BlueHighway
01:32:01: Info: Freetype returned null for character 152 in font BlueHighway
01:32:01: Info: Freetype returned null for character 153 in font BlueHighway
01:32:01: Info: Freetype returned null for character 154 in font BlueHighway
01:32:01: Info: Freetype returned null for character 155 in font BlueHighway
01:32:01: Info: Freetype returned null for character 156 in font BlueHighway
01:32:01: Info: Freetype returned null for character 157 in font BlueHighway
01:32:01: Info: Freetype returned null for character 158 in font BlueHighway
01:32:01: Info: Freetype returned null for character 159 in font BlueHighway
01:32:01: Info: Freetype returned null for character 160 in font BlueHighway
01:32:01: Texture: BlueHighwayTexture: Loading 1 faces(PF_BYTE_LA,512x512x1) with  hardware generated mipmaps from Image. Internal format is PF_BYTE_LA,512x512x1.
01:32:01: Texture: ogretext.png: Loading 1 faces(PF_A8R8G8B8,256x128x1) with 8 hardware generated mipmaps from Image. Internal format is PF_A8R8G8B8,256x128x1.
01:32:01: Parsing script OgreLoadingPanel.overlay
01:32:01: Finished parsing scripts for resource group Bootstrap
01:32:01: Parsing scripts for resource group General
01:32:01: Parsing script debug.material
01:32:01: Parsing script system.fontdef
01:32:01: Finished parsing scripts for resource group General
01:32:01: Parsing scripts for resource group Internal
01:32:01: Finished parsing scripts for resource group Internal
01:32:01: Walkmesh created.
01:32:01: SetUp walkmesh vertexes.
01:32:01: Font DebugTextusing texture size 512x256
01:32:01: Info: Freetype returned null for character 160 in font DebugText
01:32:01: Texture: DebugTextTexture: Loading 1 faces(PF_BYTE_LA,512x256x1) with  hardware generated mipmaps from Image. Internal format is PF_BYTE_LA,512x256x1.
01:32:01: SetUp walkmesh vertexes finished.
01:38:44: Quit Pressed
01:38:45: *-*-* OGRE Shutdown
01:38:45: Unregistering ResourceManager for type Compositor
01:38:47: Unregistering ResourceManager for type Font
01:38:47: Unregistering ResourceManager for type Skeleton
01:38:47: Unregistering ResourceManager for type Mesh
01:38:47: Unregistering ResourceManager for type HighLevelGpuProgram
01:38:47: Uninstalling plugin: GL RenderSystem
01:38:49: Render Target 'FFVII Model Exporter 0.00 alpha3' Average FPS: 36.7628 Best FPS: 88.9111 Worst FPS: 0.0653746
01:38:49: Unregistering ResourceManager for type GpuProgram
01:38:49: *** Stopping Win32GL Subsystem ***
01:38:49: Unregistering ResourceManager for type Texture
01:38:49: Plugin successfully uninstalled
01:38:49: Unloading library .\RenderSystem_GL
01:38:53: Uninstalling plugin: D3D9 RenderSystem
01:38:53: D3D9 : Shutting down cleanly.
01:38:53: D3D9 : Direct3D9 Rendering Subsystem destroyed.
01:38:53: Plugin successfully uninstalled
01:38:53: Unloading library .\RenderSystem_Direct3D9
01:38:54: Unregistering ResourceManager for type Material
